Compiling Stan program...
Start sampling

SAMPLING FOR MODEL 'anon_model' NOW (CHAIN 1).

SAMPLING FOR MODEL 'anon_model' NOW (CHAIN 4).

SAMPLING FOR MODEL 'anon_model' NOW (CHAIN 2).
Chain 4: 
Chain 4: Gradient evaluation took 0.007324 seconds
Chain 4: 1000 transitions using 10 leapfrog steps per transition would take 73.24 seconds.
Chain 4: Adjust your expectations accordingly!
Chain 4: 
Chain 4: 
Chain 2: 
Chain 2: Gradient evaluation took 0.008153 seconds
Chain 2: 1000 transitions using 10 leapfrog steps per transition would take 81.53 seconds.
Chain 2: Adjust your expectations accordingly!
Chain 2: 
Chain 2: 
Chain 1: 
Chain 1: Gradient evaluation took 0.014227 seconds
Chain 1: 1000 transitions using 10 leapfrog steps per transition would take 142.27 seconds.
Chain 1: Adjust your expectations accordingly!
Chain 1: 
Chain 1: 

SAMPLING FOR MODEL 'anon_model' NOW (CHAIN 3).
Chain 3: 
Chain 3: Gradient evaluation took 0.007505 seconds
Chain 3: 1000 transitions using 10 leapfrog steps per transition would take 75.05 seconds.
Chain 3: Adjust your expectations accordingly!
Chain 3: 
Chain 3: 
Chain 1: Iteration:    1 / 2000 [  0%]  (Warmup)
Chain 3: Iteration:    1 / 2000 [  0%]  (Warmup)
Chain 4: Iteration:    1 / 2000 [  0%]  (Warmup)
Chain 2: Iteration:    1 / 2000 [  0%]  (Warmup)
Chain 4: Iteration:   10 / 2000 [  0%]  (Warmup)
Chain 2: Iteration:   10 / 2000 [  0%]  (Warmup)
Chain 4: Iteration:   20 / 2000 [  1%]  (Warmup)
Chain 1: Iteration:   10 / 2000 [  0%]  (Warmup)
Chain 4: Iteration:   30 / 2000 [  1%]  (Warmup)
Chain 2: Iteration:   20 / 2000 [  1%]  (Warmup)
Chain 4: Iteration:   40 / 2000 [  2%]  (Warmup)
Chain 2: Iteration:   30 / 2000 [  1%]  (Warmup)
Chain 4: Iteration:   50 / 2000 [  2%]  (Warmup)
Chain 3: Iteration:   10 / 2000 [  0%]  (Warmup)
Chain 2: Iteration:   40 / 2000 [  2%]  (Warmup)
Chain 1: Iteration:   20 / 2000 [  1%]  (Warmup)
Chain 4: Iteration:   60 / 2000 [  3%]  (Warmup)
Chain 4: Iteration:   70 / 2000 [  3%]  (Warmup)
Chain 2: Iteration:   50 / 2000 [  2%]  (Warmup)
Chain 3: Iteration:   20 / 2000 [  1%]  (Warmup)
Chain 1: Iteration:   30 / 2000 [  1%]  (Warmup)
Chain 4: Iteration:   80 / 2000 [  4%]  (Warmup)
Chain 2: Iteration:   60 / 2000 [  3%]  (Warmup)
Chain 3: Iteration:   30 / 2000 [  1%]  (Warmup)
Chain 1: Iteration:   40 / 2000 [  2%]  (Warmup)
Chain 3: Iteration:   40 / 2000 [  2%]  (Warmup)
Chain 2: Iteration:   70 / 2000 [  3%]  (Warmup)
Chain 2: Iteration:   80 / 2000 [  4%]  (Warmup)
Chain 4: Iteration:   90 / 2000 [  4%]  (Warmup)
Chain 3: Iteration:   50 / 2000 [  2%]  (Warmup)
Chain 1: Iteration:   50 / 2000 [  2%]  (Warmup)
Chain 3: Iteration:   60 / 2000 [  3%]  (Warmup)
Chain 2: Iteration:   90 / 2000 [  4%]  (Warmup)
Chain 3: Iteration:   70 / 2000 [  3%]  (Warmup)
Chain 1: Iteration:   60 / 2000 [  3%]  (Warmup)
Chain 2: Iteration:  100 / 2000 [  5%]  (Warmup)
Chain 4: Iteration:  100 / 2000 [  5%]  (Warmup)
Chain 2: Iteration:  110 / 2000 [  5%]  (Warmup)
Chain 2: Iteration:  120 / 2000 [  6%]  (Warmup)
Chain 4: Iteration:  110 / 2000 [  5%]  (Warmup)
Chain 3: Iteration:   80 / 2000 [  4%]  (Warmup)
Chain 2: Iteration:  130 / 2000 [  6%]  (Warmup)
Chain 2: Iteration:  140 / 2000 [  7%]  (Warmup)
Chain 2: Iteration:  150 / 2000 [  7%]  (Warmup)
Chain 1: Iteration:   70 / 2000 [  3%]  (Warmup)
Chain 4: Iteration:  120 / 2000 [  6%]  (Warmup)
Chain 2: Iteration:  160 / 2000 [  8%]  (Warmup)
Chain 2: Iteration:  170 / 2000 [  8%]  (Warmup)
Chain 2: Iteration:  180 / 2000 [  9%]  (Warmup)
Chain 2: Iteration:  190 / 2000 [  9%]  (Warmup)
Chain 4: Iteration:  130 / 2000 [  6%]  (Warmup)
Chain 2: Iteration:  200 / 2000 [ 10%]  (Warmup)
Chain 2: Iteration:  210 / 2000 [ 10%]  (Warmup)
Chain 2: Iteration:  220 / 2000 [ 11%]  (Warmup)
Chain 4: Iteration:  140 / 2000 [  7%]  (Warmup)
Chain 2: Iteration:  230 / 2000 [ 11%]  (Warmup)
Chain 2: Iteration:  240 / 2000 [ 12%]  (Warmup)
Chain 4: Iteration:  150 / 2000 [  7%]  (Warmup)
Chain 2: Iteration:  250 / 2000 [ 12%]  (Warmup)
Chain 4: Iteration:  160 / 2000 [  8%]  (Warmup)
Chain 2: Iteration:  260 / 2000 [ 13%]  (Warmup)
Chain 3: Iteration:   90 / 2000 [  4%]  (Warmup)
Chain 1: Iteration:   80 / 2000 [  4%]  (Warmup)
Chain 4: Iteration:  170 / 2000 [  8%]  (Warmup)
Chain 2: Iteration:  270 / 2000 [ 13%]  (Warmup)
Chain 4: Iteration:  180 / 2000 [  9%]  (Warmup)
Chain 4: Iteration:  190 / 2000 [  9%]  (Warmup)
Chain 1: Iteration:   90 / 2000 [  4%]  (Warmup)
Chain 2: Iteration:  280 / 2000 [ 14%]  (Warmup)
Chain 3: Iteration:  100 / 2000 [  5%]  (Warmup)
Chain 4: Iteration:  200 / 2000 [ 10%]  (Warmup)
Chain 2: Iteration:  290 / 2000 [ 14%]  (Warmup)
Chain 4: Iteration:  210 / 2000 [ 10%]  (Warmup)
Chain 3: Iteration:  110 / 2000 [  5%]  (Warmup)
Chain 2: Iteration:  300 / 2000 [ 15%]  (Warmup)
Chain 4: Iteration:  220 / 2000 [ 11%]  (Warmup)
Chain 2: Iteration:  310 / 2000 [ 15%]  (Warmup)
Chain 4: Iteration:  230 / 2000 [ 11%]  (Warmup)
Chain 1: Iteration:  100 / 2000 [  5%]  (Warmup)
Chain 2: Iteration:  320 / 2000 [ 16%]  (Warmup)
Chain 4: Iteration:  240 / 2000 [ 12%]  (Warmup)
Chain 2: Iteration:  330 / 2000 [ 16%]  (Warmup)
Chain 4: Iteration:  250 / 2000 [ 12%]  (Warmup)
Chain 3: Iteration:  120 / 2000 [  6%]  (Warmup)
Chain 2: Iteration:  340 / 2000 [ 17%]  (Warmup)
Chain 2: Iteration:  350 / 2000 [ 17%]  (Warmup)
Chain 4: Iteration:  260 / 2000 [ 13%]  (Warmup)
Chain 2: Iteration:  360 / 2000 [ 18%]  (Warmup)
Chain 3: Iteration:  130 / 2000 [  6%]  (Warmup)
Chain 2: Iteration:  370 / 2000 [ 18%]  (Warmup)
Chain 3: Iteration:  140 / 2000 [  7%]  (Warmup)
Chain 2: Iteration:  380 / 2000 [ 19%]  (Warmup)
Chain 4: Iteration:  270 / 2000 [ 13%]  (Warmup)
Chain 1: Iteration:  110 / 2000 [  5%]  (Warmup)
Chain 3: Iteration:  150 / 2000 [  7%]  (Warmup)
Chain 2: Iteration:  390 / 2000 [ 19%]  (Warmup)
Chain 4: Iteration:  280 / 2000 [ 14%]  (Warmup)
Chain 2: Iteration:  400 / 2000 [ 20%]  (Warmup)
Chain 4: Iteration:  290 / 2000 [ 14%]  (Warmup)
Chain 3: Iteration:  160 / 2000 [  8%]  (Warmup)
Chain 2: Iteration:  410 / 2000 [ 20%]  (Warmup)
Chain 4: Iteration:  300 / 2000 [ 15%]  (Warmup)
Chain 2: Iteration:  420 / 2000 [ 21%]  (Warmup)
Chain 4: Iteration:  310 / 2000 [ 15%]  (Warmup)
Chain 2: Iteration:  430 / 2000 [ 21%]  (Warmup)
Chain 3: Iteration:  170 / 2000 [  8%]  (Warmup)
Chain 4: Iteration:  320 / 2000 [ 16%]  (Warmup)
Chain 2: Iteration:  440 / 2000 [ 22%]  (Warmup)
Chain 4: Iteration:  330 / 2000 [ 16%]  (Warmup)
Chain 2: Iteration:  450 / 2000 [ 22%]  (Warmup)
Chain 4: Iteration:  340 / 2000 [ 17%]  (Warmup)
Chain 3: Iteration:  180 / 2000 [  9%]  (Warmup)
Chain 4: Iteration:  350 / 2000 [ 17%]  (Warmup)
Chain 2: Iteration:  460 / 2000 [ 23%]  (Warmup)
Chain 1: Iteration:  120 / 2000 [  6%]  (Warmup)
Chain 4: Iteration:  360 / 2000 [ 18%]  (Warmup)
Chain 3: Iteration:  190 / 2000 [  9%]  (Warmup)
Chain 4: Iteration:  370 / 2000 [ 18%]  (Warmup)
Chain 3: Iteration:  200 / 2000 [ 10%]  (Warmup)
Chain 4: Iteration:  380 / 2000 [ 19%]  (Warmup)
Chain 3: Iteration:  210 / 2000 [ 10%]  (Warmup)
Chain 2: Iteration:  470 / 2000 [ 23%]  (Warmup)
Chain 4: Iteration:  390 / 2000 [ 19%]  (Warmup)
Chain 4: Iteration:  400 / 2000 [ 20%]  (Warmup)
Chain 2: Iteration:  480 / 2000 [ 24%]  (Warmup)
Chain 3: Iteration:  220 / 2000 [ 11%]  (Warmup)
Chain 1: Iteration:  130 / 2000 [  6%]  (Warmup)
Chain 4: Iteration:  410 / 2000 [ 20%]  (Warmup)
Chain 3: Iteration:  230 / 2000 [ 11%]  (Warmup)
Chain 2: Iteration:  490 / 2000 [ 24%]  (Warmup)
Chain 3: Iteration:  240 / 2000 [ 12%]  (Warmup)
Chain 4: Iteration:  420 / 2000 [ 21%]  (Warmup)
Chain 2: Iteration:  500 / 2000 [ 25%]  (Warmup)
Chain 1: Iteration:  140 / 2000 [  7%]  (Warmup)
Chain 3: Iteration:  250 / 2000 [ 12%]  (Warmup)
Chain 2: Iteration:  510 / 2000 [ 25%]  (Warmup)
Chain 4: Iteration:  430 / 2000 [ 21%]  (Warmup)
Chain 1: Iteration:  150 / 2000 [  7%]  (Warmup)
Chain 2: Iteration:  520 / 2000 [ 26%]  (Warmup)
Chain 1: Iteration:  160 / 2000 [  8%]  (Warmup)
Chain 2: Iteration:  530 / 2000 [ 26%]  (Warmup)
Chain 4: Iteration:  440 / 2000 [ 22%]  (Warmup)
Chain 2: Iteration:  540 / 2000 [ 27%]  (Warmup)
Chain 3: Iteration:  260 / 2000 [ 13%]  (Warmup)
Chain 4: Iteration:  450 / 2000 [ 22%]  (Warmup)
Chain 1: Iteration:  170 / 2000 [  8%]  (Warmup)
Chain 2: Iteration:  550 / 2000 [ 27%]  (Warmup)
Chain 4: Iteration:  460 / 2000 [ 23%]  (Warmup)
Chain 1: Iteration:  180 / 2000 [  9%]  (Warmup)
Chain 2: Iteration:  560 / 2000 [ 28%]  (Warmup)
Chain 4: Iteration:  470 / 2000 [ 23%]  (Warmup)
Chain 2: Iteration:  570 / 2000 [ 28%]  (Warmup)
Chain 1: Iteration:  190 / 2000 [  9%]  (Warmup)
Chain 3: Iteration:  270 / 2000 [ 13%]  (Warmup)
Chain 2: Iteration:  580 / 2000 [ 29%]  (Warmup)
Chain 4: Iteration:  480 / 2000 [ 24%]  (Warmup)
Chain 1: Iteration:  200 / 2000 [ 10%]  (Warmup)
Chain 2: Iteration:  590 / 2000 [ 29%]  (Warmup)
Chain 1: Iteration:  210 / 2000 [ 10%]  (Warmup)
Chain 2: Iteration:  600 / 2000 [ 30%]  (Warmup)
Chain 4: Iteration:  490 / 2000 [ 24%]  (Warmup)
Chain 3: Iteration:  280 / 2000 [ 14%]  (Warmup)
Chain 2: Iteration:  610 / 2000 [ 30%]  (Warmup)
Chain 4: Iteration:  500 / 2000 [ 25%]  (Warmup)
Chain 1: Iteration:  220 / 2000 [ 11%]  (Warmup)
Chain 2: Iteration:  620 / 2000 [ 31%]  (Warmup)
Chain 4: Iteration:  510 / 2000 [ 25%]  (Warmup)
Chain 3: Iteration:  290 / 2000 [ 14%]  (Warmup)
Chain 2: Iteration:  630 / 2000 [ 31%]  (Warmup)
Chain 1: Iteration:  230 / 2000 [ 11%]  (Warmup)
Chain 4: Iteration:  520 / 2000 [ 26%]  (Warmup)
Chain 2: Iteration:  640 / 2000 [ 32%]  (Warmup)
Chain 3: Iteration:  300 / 2000 [ 15%]  (Warmup)
Chain 4: Iteration:  530 / 2000 [ 26%]  (Warmup)
Chain 2: Iteration:  650 / 2000 [ 32%]  (Warmup)
Chain 1: Iteration:  240 / 2000 [ 12%]  (Warmup)
Chain 4: Iteration:  540 / 2000 [ 27%]  (Warmup)
Chain 3: Iteration:  310 / 2000 [ 15%]  (Warmup)
Chain 2: Iteration:  660 / 2000 [ 33%]  (Warmup)
Chain 1: Iteration:  250 / 2000 [ 12%]  (Warmup)
Chain 3: Iteration:  320 / 2000 [ 16%]  (Warmup)
Chain 2: Iteration:  670 / 2000 [ 33%]  (Warmup)
Chain 4: Iteration:  550 / 2000 [ 27%]  (Warmup)
Chain 3: Iteration:  330 / 2000 [ 16%]  (Warmup)
Chain 4: Iteration:  560 / 2000 [ 28%]  (Warmup)
Chain 2: Iteration:  680 / 2000 [ 34%]  (Warmup)
Chain 3: Iteration:  340 / 2000 [ 17%]  (Warmup)
Chain 4: Iteration:  570 / 2000 [ 28%]  (Warmup)
Chain 4: Iteration:  580 / 2000 [ 29%]  (Warmup)
Chain 2: Iteration:  690 / 2000 [ 34%]  (Warmup)
Chain 3: Iteration:  350 / 2000 [ 17%]  (Warmup)
Chain 4: Iteration:  590 / 2000 [ 29%]  (Warmup)
Chain 3: Iteration:  360 / 2000 [ 18%]  (Warmup)
Chain 2: Iteration:  700 / 2000 [ 35%]  (Warmup)
Chain 3: Iteration:  370 / 2000 [ 18%]  (Warmup)
Chain 4: Iteration:  600 / 2000 [ 30%]  (Warmup)
Chain 1: Iteration:  260 / 2000 [ 13%]  (Warmup)
Chain 3: Iteration:  380 / 2000 [ 19%]  (Warmup)
Chain 2: Iteration:  710 / 2000 [ 35%]  (Warmup)
Chain 4: Iteration:  610 / 2000 [ 30%]  (Warmup)
Chain 3: Iteration:  390 / 2000 [ 19%]  (Warmup)
Chain 2: Iteration:  720 / 2000 [ 36%]  (Warmup)
Chain 3: Iteration:  400 / 2000 [ 20%]  (Warmup)
Chain 4: Iteration:  620 / 2000 [ 31%]  (Warmup)
Chain 2: Iteration:  730 / 2000 [ 36%]  (Warmup)
Chain 3: Iteration:  410 / 2000 [ 20%]  (Warmup)
Chain 4: Iteration:  630 / 2000 [ 31%]  (Warmup)
Chain 3: Iteration:  420 / 2000 [ 21%]  (Warmup)
Chain 2: Iteration:  740 / 2000 [ 37%]  (Warmup)
Chain 4: Iteration:  640 / 2000 [ 32%]  (Warmup)
Chain 2: Iteration:  750 / 2000 [ 37%]  (Warmup)
Chain 3: Iteration:  430 / 2000 [ 21%]  (Warmup)
Chain 2: Iteration:  760 / 2000 [ 38%]  (Warmup)
Chain 4: Iteration:  650 / 2000 [ 32%]  (Warmup)
Chain 3: Iteration:  440 / 2000 [ 22%]  (Warmup)
Chain 2: Iteration:  770 / 2000 [ 38%]  (Warmup)
Chain 4: Iteration:  660 / 2000 [ 33%]  (Warmup)
Chain 3: Iteration:  450 / 2000 [ 22%]  (Warmup)
Chain 2: Iteration:  780 / 2000 [ 39%]  (Warmup)
Chain 1: Iteration:  270 / 2000 [ 13%]  (Warmup)
Chain 4: Iteration:  670 / 2000 [ 33%]  (Warmup)
Chain 2: Iteration:  790 / 2000 [ 39%]  (Warmup)
Chain 3: Iteration:  460 / 2000 [ 23%]  (Warmup)
Chain 4: Iteration:  680 / 2000 [ 34%]  (Warmup)
Chain 2: Iteration:  800 / 2000 [ 40%]  (Warmup)
Chain 4: Iteration:  690 / 2000 [ 34%]  (Warmup)
Chain 2: Iteration:  810 / 2000 [ 40%]  (Warmup)
Chain 1: Iteration:  280 / 2000 [ 14%]  (Warmup)
Chain 4: Iteration:  700 / 2000 [ 35%]  (Warmup)
Chain 3: Iteration:  470 / 2000 [ 23%]  (Warmup)
Chain 2: Iteration:  820 / 2000 [ 41%]  (Warmup)
Chain 4: Iteration:  710 / 2000 [ 35%]  (Warmup)
Chain 2: Iteration:  830 / 2000 [ 41%]  (Warmup)
Chain 1: Iteration:  290 / 2000 [ 14%]  (Warmup)
Chain 3: Iteration:  480 / 2000 [ 24%]  (Warmup)
Chain 4: Iteration:  720 / 2000 [ 36%]  (Warmup)
Chain 2: Iteration:  840 / 2000 [ 42%]  (Warmup)
Chain 1: Iteration:  300 / 2000 [ 15%]  (Warmup)
Chain 3: Iteration:  490 / 2000 [ 24%]  (Warmup)
Chain 4: Iteration:  730 / 2000 [ 36%]  (Warmup)
Chain 2: Iteration:  850 / 2000 [ 42%]  (Warmup)
Chain 3: Iteration:  500 / 2000 [ 25%]  (Warmup)
Chain 1: Iteration:  310 / 2000 [ 15%]  (Warmup)
Chain 4: Iteration:  740 / 2000 [ 37%]  (Warmup)
Chain 3: Iteration:  510 / 2000 [ 25%]  (Warmup)
Chain 2: Iteration:  860 / 2000 [ 43%]  (Warmup)
Chain 3: Iteration:  520 / 2000 [ 26%]  (Warmup)
Chain 1: Iteration:  320 / 2000 [ 16%]  (Warmup)
Chain 4: Iteration:  750 / 2000 [ 37%]  (Warmup)
Chain 3: Iteration:  530 / 2000 [ 26%]  (Warmup)
Chain 2: Iteration:  870 / 2000 [ 43%]  (Warmup)
Chain 1: Iteration:  330 / 2000 [ 16%]  (Warmup)
Chain 4: Iteration:  760 / 2000 [ 38%]  (Warmup)
Chain 3: Iteration:  540 / 2000 [ 27%]  (Warmup)
Chain 2: Iteration:  880 / 2000 [ 44%]  (Warmup)
Chain 2: Iteration:  890 / 2000 [ 44%]  (Warmup)
Chain 1: Iteration:  340 / 2000 [ 17%]  (Warmup)
Chain 4: Iteration:  770 / 2000 [ 38%]  (Warmup)
Chain 3: Iteration:  550 / 2000 [ 27%]  (Warmup)
Chain 2: Iteration:  900 / 2000 [ 45%]  (Warmup)
Chain 1: Iteration:  350 / 2000 [ 17%]  (Warmup)
Chain 3: Iteration:  560 / 2000 [ 28%]  (Warmup)
Chain 4: Iteration:  780 / 2000 [ 39%]  (Warmup)
Chain 2: Iteration:  910 / 2000 [ 45%]  (Warmup)
Chain 1: Iteration:  360 / 2000 [ 18%]  (Warmup)
Chain 3: Iteration:  570 / 2000 [ 28%]  (Warmup)
Chain 4: Iteration:  790 / 2000 [ 39%]  (Warmup)
Chain 2: Iteration:  920 / 2000 [ 46%]  (Warmup)
Chain 1: Iteration:  370 / 2000 [ 18%]  (Warmup)
Chain 3: Iteration:  580 / 2000 [ 29%]  (Warmup)
Chain 4: Iteration:  800 / 2000 [ 40%]  (Warmup)
Chain 3: Iteration:  590 / 2000 [ 29%]  (Warmup)
Chain 2: Iteration:  930 / 2000 [ 46%]  (Warmup)
Chain 1: Iteration:  380 / 2000 [ 19%]  (Warmup)
Chain 3: Iteration:  600 / 2000 [ 30%]  (Warmup)
Chain 4: Iteration:  810 / 2000 [ 40%]  (Warmup)
Chain 3: Iteration:  610 / 2000 [ 30%]  (Warmup)
Chain 2: Iteration:  940 / 2000 [ 47%]  (Warmup)
Chain 1: Iteration:  390 / 2000 [ 19%]  (Warmup)
Chain 4: Iteration:  820 / 2000 [ 41%]  (Warmup)
Chain 3: Iteration:  620 / 2000 [ 31%]  (Warmup)
Chain 2: Iteration:  950 / 2000 [ 47%]  (Warmup)
Chain 1: Iteration:  400 / 2000 [ 20%]  (Warmup)
Chain 4: Iteration:  830 / 2000 [ 41%]  (Warmup)
Chain 3: Iteration:  630 / 2000 [ 31%]  (Warmup)
Chain 2: Iteration:  960 / 2000 [ 48%]  (Warmup)
Chain 1: Iteration:  410 / 2000 [ 20%]  (Warmup)
Chain 4: Iteration:  840 / 2000 [ 42%]  (Warmup)
Chain 3: Iteration:  640 / 2000 [ 32%]  (Warmup)
Chain 2: Iteration:  970 / 2000 [ 48%]  (Warmup)
Chain 1: Iteration:  420 / 2000 [ 21%]  (Warmup)
Chain 4: Iteration:  850 / 2000 [ 42%]  (Warmup)
Chain 3: Iteration:  650 / 2000 [ 32%]  (Warmup)
Chain 2: Iteration:  980 / 2000 [ 49%]  (Warmup)
Chain 1: Iteration:  430 / 2000 [ 21%]  (Warmup)
Chain 4: Iteration:  860 / 2000 [ 43%]  (Warmup)
Chain 3: Iteration:  660 / 2000 [ 33%]  (Warmup)
Chain 2: Iteration:  990 / 2000 [ 49%]  (Warmup)
Chain 1: Iteration:  440 / 2000 [ 22%]  (Warmup)
Chain 4: Iteration:  870 / 2000 [ 43%]  (Warmup)
Chain 2: Iteration: 1000 / 2000 [ 50%]  (Warmup)
Chain 3: Iteration:  670 / 2000 [ 33%]  (Warmup)
Chain 2: Iteration: 1001 / 2000 [ 50%]  (Sampling)
Chain 1: Iteration:  450 / 2000 [ 22%]  (Warmup)
Chain 4: Iteration:  880 / 2000 [ 44%]  (Warmup)
Chain 2: Iteration: 1010 / 2000 [ 50%]  (Sampling)
Chain 3: Iteration:  680 / 2000 [ 34%]  (Warmup)
Chain 4: Iteration:  890 / 2000 [ 44%]  (Warmup)
Chain 2: Iteration: 1020 / 2000 [ 51%]  (Sampling)
Chain 3: Iteration:  690 / 2000 [ 34%]  (Warmup)
Chain 4: Iteration:  900 / 2000 [ 45%]  (Warmup)
Chain 1: Iteration:  460 / 2000 [ 23%]  (Warmup)
Chain 2: Iteration: 1030 / 2000 [ 51%]  (Sampling)
Chain 3: Iteration:  700 / 2000 [ 35%]  (Warmup)
Chain 4: Iteration:  910 / 2000 [ 45%]  (Warmup)
Chain 2: Iteration: 1040 / 2000 [ 52%]  (Sampling)
Chain 3: Iteration:  710 / 2000 [ 35%]  (Warmup)
Chain 4: Iteration:  920 / 2000 [ 46%]  (Warmup)
Chain 2: Iteration: 1050 / 2000 [ 52%]  (Sampling)
Chain 3: Iteration:  720 / 2000 [ 36%]  (Warmup)
Chain 4: Iteration:  930 / 2000 [ 46%]  (Warmup)
Chain 2: Iteration: 1060 / 2000 [ 53%]  (Sampling)
Chain 3: Iteration:  730 / 2000 [ 36%]  (Warmup)
Chain 1: Iteration:  470 / 2000 [ 23%]  (Warmup)
Chain 4: Iteration:  940 / 2000 [ 47%]  (Warmup)
Chain 2: Iteration: 1070 / 2000 [ 53%]  (Sampling)
Chain 3: Iteration:  740 / 2000 [ 37%]  (Warmup)
Chain 4: Iteration:  950 / 2000 [ 47%]  (Warmup)
Chain 2: Iteration: 1080 / 2000 [ 54%]  (Sampling)
Chain 3: Iteration:  750 / 2000 [ 37%]  (Warmup)
Chain 1: Iteration:  480 / 2000 [ 24%]  (Warmup)
Chain 2: Iteration: 1090 / 2000 [ 54%]  (Sampling)
Chain 3: Iteration:  760 / 2000 [ 38%]  (Warmup)
Chain 1: Iteration:  490 / 2000 [ 24%]  (Warmup)
Chain 4: Iteration:  960 / 2000 [ 48%]  (Warmup)
Chain 3: Iteration:  770 / 2000 [ 38%]  (Warmup)
Chain 1: Iteration:  500 / 2000 [ 25%]  (Warmup)
Chain 2: Iteration: 1100 / 2000 [ 55%]  (Sampling)
Chain 1: Iteration:  510 / 2000 [ 25%]  (Warmup)
Chain 3: Iteration:  780 / 2000 [ 39%]  (Warmup)
Chain 2: Iteration: 1110 / 2000 [ 55%]  (Sampling)
Chain 1: Iteration:  520 / 2000 [ 26%]  (Warmup)
Chain 3: Iteration:  790 / 2000 [ 39%]  (Warmup)
Chain 2: Iteration: 1120 / 2000 [ 56%]  (Sampling)
Chain 1: Iteration:  530 / 2000 [ 26%]  (Warmup)
Chain 3: Iteration:  800 / 2000 [ 40%]  (Warmup)
Chain 2: Iteration: 1130 / 2000 [ 56%]  (Sampling)
Chain 1: Iteration:  540 / 2000 [ 27%]  (Warmup)
Chain 4: Iteration:  970 / 2000 [ 48%]  (Warmup)
Chain 3: Iteration:  810 / 2000 [ 40%]  (Warmup)
Chain 2: Iteration: 1140 / 2000 [ 57%]  (Sampling)
Chain 1: Iteration:  550 / 2000 [ 27%]  (Warmup)
Chain 3: Iteration:  820 / 2000 [ 41%]  (Warmup)
Chain 2: Iteration: 1150 / 2000 [ 57%]  (Sampling)
Chain 1: Iteration:  560 / 2000 [ 28%]  (Warmup)
Chain 4: Iteration:  980 / 2000 [ 49%]  (Warmup)
Chain 3: Iteration:  830 / 2000 [ 41%]  (Warmup)
Chain 2: Iteration: 1160 / 2000 [ 58%]  (Sampling)
Chain 1: Iteration:  570 / 2000 [ 28%]  (Warmup)
Chain 4: Iteration:  990 / 2000 [ 49%]  (Warmup)
Chain 3: Iteration:  840 / 2000 [ 42%]  (Warmup)
Chain 2: Iteration: 1170 / 2000 [ 58%]  (Sampling)
Chain 1: Iteration:  580 / 2000 [ 29%]  (Warmup)
Chain 4: Iteration: 1000 / 2000 [ 50%]  (Warmup)
Chain 4: Iteration: 1001 / 2000 [ 50%]  (Sampling)
Chain 3: Iteration:  850 / 2000 [ 42%]  (Warmup)
Chain 2: Iteration: 1180 / 2000 [ 59%]  (Sampling)
Chain 1: Iteration:  590 / 2000 [ 29%]  (Warmup)
Chain 4: Iteration: 1010 / 2000 [ 50%]  (Sampling)
Chain 3: Iteration:  860 / 2000 [ 43%]  (Warmup)
Chain 2: Iteration: 1190 / 2000 [ 59%]  (Sampling)
Chain 1: Iteration:  600 / 2000 [ 30%]  (Warmup)
Chain 4: Iteration: 1020 / 2000 [ 51%]  (Sampling)
Chain 3: Iteration:  870 / 2000 [ 43%]  (Warmup)
Chain 1: Iteration:  610 / 2000 [ 30%]  (Warmup)
Chain 2: Iteration: 1200 / 2000 [ 60%]  (Sampling)
Chain 4: Iteration: 1030 / 2000 [ 51%]  (Sampling)
Chain 3: Iteration:  880 / 2000 [ 44%]  (Warmup)
Chain 1: Iteration:  620 / 2000 [ 31%]  (Warmup)
Chain 2: Iteration: 1210 / 2000 [ 60%]  (Sampling)
Chain 4: Iteration: 1040 / 2000 [ 52%]  (Sampling)
Chain 3: Iteration:  890 / 2000 [ 44%]  (Warmup)
Chain 1: Iteration:  630 / 2000 [ 31%]  (Warmup)
Chain 4: Iteration: 1050 / 2000 [ 52%]  (Sampling)
Chain 2: Iteration: 1220 / 2000 [ 61%]  (Sampling)
Chain 3: Iteration:  900 / 2000 [ 45%]  (Warmup)
Chain 1: Iteration:  640 / 2000 [ 32%]  (Warmup)
Chain 4: Iteration: 1060 / 2000 [ 53%]  (Sampling)
Chain 2: Iteration: 1230 / 2000 [ 61%]  (Sampling)
Chain 3: Iteration:  910 / 2000 [ 45%]  (Warmup)
Chain 1: Iteration:  650 / 2000 [ 32%]  (Warmup)
Chain 4: Iteration: 1070 / 2000 [ 53%]  (Sampling)
Chain 2: Iteration: 1240 / 2000 [ 62%]  (Sampling)
Chain 3: Iteration:  920 / 2000 [ 46%]  (Warmup)
Chain 1: Iteration:  660 / 2000 [ 33%]  (Warmup)
Chain 4: Iteration: 1080 / 2000 [ 54%]  (Sampling)
Chain 2: Iteration: 1250 / 2000 [ 62%]  (Sampling)
Chain 3: Iteration:  930 / 2000 [ 46%]  (Warmup)
Chain 1: Iteration:  670 / 2000 [ 33%]  (Warmup)
Chain 4: Iteration: 1090 / 2000 [ 54%]  (Sampling)
Chain 2: Iteration: 1260 / 2000 [ 63%]  (Sampling)
Chain 3: Iteration:  940 / 2000 [ 47%]  (Warmup)
Chain 1: Iteration:  680 / 2000 [ 34%]  (Warmup)
Chain 4: Iteration: 1100 / 2000 [ 55%]  (Sampling)
Chain 2: Iteration: 1270 / 2000 [ 63%]  (Sampling)
Chain 3: Iteration:  950 / 2000 [ 47%]  (Warmup)
Chain 1: Iteration:  690 / 2000 [ 34%]  (Warmup)
Chain 4: Iteration: 1110 / 2000 [ 55%]  (Sampling)
Chain 2: Iteration: 1280 / 2000 [ 64%]  (Sampling)
Chain 1: Iteration:  700 / 2000 [ 35%]  (Warmup)
Chain 4: Iteration: 1120 / 2000 [ 56%]  (Sampling)
Chain 2: Iteration: 1290 / 2000 [ 64%]  (Sampling)
Chain 1: Iteration:  710 / 2000 [ 35%]  (Warmup)
Chain 3: Iteration:  960 / 2000 [ 48%]  (Warmup)
Chain 4: Iteration: 1130 / 2000 [ 56%]  (Sampling)
Chain 2: Iteration: 1300 / 2000 [ 65%]  (Sampling)
Chain 1: Iteration:  720 / 2000 [ 36%]  (Warmup)
Chain 4: Iteration: 1140 / 2000 [ 57%]  (Sampling)
Chain 2: Iteration: 1310 / 2000 [ 65%]  (Sampling)
Chain 1: Iteration:  730 / 2000 [ 36%]  (Warmup)
Chain 4: Iteration: 1150 / 2000 [ 57%]  (Sampling)
Chain 2: Iteration: 1320 / 2000 [ 66%]  (Sampling)
Chain 1: Iteration:  740 / 2000 [ 37%]  (Warmup)
Chain 4: Iteration: 1160 / 2000 [ 58%]  (Sampling)
Chain 2: Iteration: 1330 / 2000 [ 66%]  (Sampling)
Chain 1: Iteration:  750 / 2000 [ 37%]  (Warmup)
Chain 3: Iteration:  970 / 2000 [ 48%]  (Warmup)
Chain 4: Iteration: 1170 / 2000 [ 58%]  (Sampling)
Chain 2: Iteration: 1340 / 2000 [ 67%]  (Sampling)
Chain 1: Iteration:  760 / 2000 [ 38%]  (Warmup)
Chain 4: Iteration: 1180 / 2000 [ 59%]  (Sampling)
Chain 1: Iteration:  770 / 2000 [ 38%]  (Warmup)
Chain 2: Iteration: 1350 / 2000 [ 67%]  (Sampling)
Chain 3: Iteration:  980 / 2000 [ 49%]  (Warmup)
Chain 1: Iteration:  780 / 2000 [ 39%]  (Warmup)
Chain 4: Iteration: 1190 / 2000 [ 59%]  (Sampling)
Chain 2: Iteration: 1360 / 2000 [ 68%]  (Sampling)
Chain 3: Iteration:  990 / 2000 [ 49%]  (Warmup)
Chain 1: Iteration:  790 / 2000 [ 39%]  (Warmup)
Chain 4: Iteration: 1200 / 2000 [ 60%]  (Sampling)
Chain 3: Iteration: 1000 / 2000 [ 50%]  (Warmup)
Chain 2: Iteration: 1370 / 2000 [ 68%]  (Sampling)
Chain 3: Iteration: 1001 / 2000 [ 50%]  (Sampling)
Chain 1: Iteration:  800 / 2000 [ 40%]  (Warmup)
Chain 4: Iteration: 1210 / 2000 [ 60%]  (Sampling)
Chain 3: Iteration: 1010 / 2000 [ 50%]  (Sampling)
Chain 2: Iteration: 1380 / 2000 [ 69%]  (Sampling)
Chain 1: Iteration:  810 / 2000 [ 40%]  (Warmup)
Chain 4: Iteration: 1220 / 2000 [ 61%]  (Sampling)
Chain 3: Iteration: 1020 / 2000 [ 51%]  (Sampling)
Chain 2: Iteration: 1390 / 2000 [ 69%]  (Sampling)
Chain 1: Iteration:  820 / 2000 [ 41%]  (Warmup)
Chain 4: Iteration: 1230 / 2000 [ 61%]  (Sampling)
Chain 3: Iteration: 1030 / 2000 [ 51%]  (Sampling)
Chain 2: Iteration: 1400 / 2000 [ 70%]  (Sampling)
Chain 1: Iteration:  830 / 2000 [ 41%]  (Warmup)
Chain 4: Iteration: 1240 / 2000 [ 62%]  (Sampling)
Chain 3: Iteration: 1040 / 2000 [ 52%]  (Sampling)
Chain 2: Iteration: 1410 / 2000 [ 70%]  (Sampling)
Chain 1: Iteration:  840 / 2000 [ 42%]  (Warmup)
Chain 4: Iteration: 1250 / 2000 [ 62%]  (Sampling)
Chain 3: Iteration: 1050 / 2000 [ 52%]  (Sampling)
Chain 2: Iteration: 1420 / 2000 [ 71%]  (Sampling)
Chain 1: Iteration:  850 / 2000 [ 42%]  (Warmup)
Chain 4: Iteration: 1260 / 2000 [ 63%]  (Sampling)
Chain 3: Iteration: 1060 / 2000 [ 53%]  (Sampling)
Chain 2: Iteration: 1430 / 2000 [ 71%]  (Sampling)
Chain 1: Iteration:  860 / 2000 [ 43%]  (Warmup)
Chain 4: Iteration: 1270 / 2000 [ 63%]  (Sampling)
Chain 2: Iteration: 1440 / 2000 [ 72%]  (Sampling)
Chain 3: Iteration: 1070 / 2000 [ 53%]  (Sampling)
Chain 1: Iteration:  870 / 2000 [ 43%]  (Warmup)
Chain 4: Iteration: 1280 / 2000 [ 64%]  (Sampling)
Chain 3: Iteration: 1080 / 2000 [ 54%]  (Sampling)
Chain 2: Iteration: 1450 / 2000 [ 72%]  (Sampling)
Chain 1: Iteration:  880 / 2000 [ 44%]  (Warmup)
Chain 4: Iteration: 1290 / 2000 [ 64%]  (Sampling)
Chain 3: Iteration: 1090 / 2000 [ 54%]  (Sampling)
Chain 2: Iteration: 1460 / 2000 [ 73%]  (Sampling)
Chain 1: Iteration:  890 / 2000 [ 44%]  (Warmup)
Chain 4: Iteration: 1300 / 2000 [ 65%]  (Sampling)
Chain 2: Iteration: 1470 / 2000 [ 73%]  (Sampling)
Chain 3: Iteration: 1100 / 2000 [ 55%]  (Sampling)
Chain 1: Iteration:  900 / 2000 [ 45%]  (Warmup)
Chain 4: Iteration: 1310 / 2000 [ 65%]  (Sampling)
Chain 3: Iteration: 1110 / 2000 [ 55%]  (Sampling)
Chain 2: Iteration: 1480 / 2000 [ 74%]  (Sampling)
Chain 1: Iteration:  910 / 2000 [ 45%]  (Warmup)
Chain 4: Iteration: 1320 / 2000 [ 66%]  (Sampling)
Chain 3: Iteration: 1120 / 2000 [ 56%]  (Sampling)
Chain 2: Iteration: 1490 / 2000 [ 74%]  (Sampling)
Chain 1: Iteration:  920 / 2000 [ 46%]  (Warmup)
Chain 4: Iteration: 1330 / 2000 [ 66%]  (Sampling)
Chain 3: Iteration: 1130 / 2000 [ 56%]  (Sampling)
Chain 2: Iteration: 1500 / 2000 [ 75%]  (Sampling)
Chain 1: Iteration:  930 / 2000 [ 46%]  (Warmup)
Chain 4: Iteration: 1340 / 2000 [ 67%]  (Sampling)
Chain 3: Iteration: 1140 / 2000 [ 57%]  (Sampling)
Chain 1: Iteration:  940 / 2000 [ 47%]  (Warmup)
Chain 2: Iteration: 1510 / 2000 [ 75%]  (Sampling)
Chain 4: Iteration: 1350 / 2000 [ 67%]  (Sampling)
Chain 3: Iteration: 1150 / 2000 [ 57%]  (Sampling)
Chain 1: Iteration:  950 / 2000 [ 47%]  (Warmup)
Chain 2: Iteration: 1520 / 2000 [ 76%]  (Sampling)
Chain 4: Iteration: 1360 / 2000 [ 68%]  (Sampling)
Chain 3: Iteration: 1160 / 2000 [ 58%]  (Sampling)
Chain 1: Iteration:  960 / 2000 [ 48%]  (Warmup)
Chain 2: Iteration: 1530 / 2000 [ 76%]  (Sampling)
Chain 4: Iteration: 1370 / 2000 [ 68%]  (Sampling)
Chain 3: Iteration: 1170 / 2000 [ 58%]  (Sampling)
Chain 2: Iteration: 1540 / 2000 [ 77%]  (Sampling)
Chain 1: Iteration:  970 / 2000 [ 48%]  (Warmup)
Chain 4: Iteration: 1380 / 2000 [ 69%]  (Sampling)
Chain 3: Iteration: 1180 / 2000 [ 59%]  (Sampling)
Chain 2: Iteration: 1550 / 2000 [ 77%]  (Sampling)
Chain 1: Iteration:  980 / 2000 [ 49%]  (Warmup)
Chain 4: Iteration: 1390 / 2000 [ 69%]  (Sampling)
Chain 3: Iteration: 1190 / 2000 [ 59%]  (Sampling)
Chain 1: Iteration:  990 / 2000 [ 49%]  (Warmup)
Chain 2: Iteration: 1560 / 2000 [ 78%]  (Sampling)
Chain 1: Iteration: 1000 / 2000 [ 50%]  (Warmup)
Chain 1: Iteration: 1001 / 2000 [ 50%]  (Sampling)
Chain 4: Iteration: 1400 / 2000 [ 70%]  (Sampling)
Chain 3: Iteration: 1200 / 2000 [ 60%]  (Sampling)
Chain 2: Iteration: 1570 / 2000 [ 78%]  (Sampling)
Chain 1: Iteration: 1010 / 2000 [ 50%]  (Sampling)
Chain 4: Iteration: 1410 / 2000 [ 70%]  (Sampling)
Chain 3: Iteration: 1210 / 2000 [ 60%]  (Sampling)
Chain 2: Iteration: 1580 / 2000 [ 79%]  (Sampling)
Chain 1: Iteration: 1020 / 2000 [ 51%]  (Sampling)
Chain 4: Iteration: 1420 / 2000 [ 71%]  (Sampling)
Chain 3: Iteration: 1220 / 2000 [ 61%]  (Sampling)
Chain 2: Iteration: 1590 / 2000 [ 79%]  (Sampling)
Chain 1: Iteration: 1030 / 2000 [ 51%]  (Sampling)
Chain 4: Iteration: 1430 / 2000 [ 71%]  (Sampling)
Chain 3: Iteration: 1230 / 2000 [ 61%]  (Sampling)
Chain 2: Iteration: 1600 / 2000 [ 80%]  (Sampling)
Chain 1: Iteration: 1040 / 2000 [ 52%]  (Sampling)
Chain 4: Iteration: 1440 / 2000 [ 72%]  (Sampling)
Chain 3: Iteration: 1240 / 2000 [ 62%]  (Sampling)
Chain 1: Iteration: 1050 / 2000 [ 52%]  (Sampling)
Chain 2: Iteration: 1610 / 2000 [ 80%]  (Sampling)
Chain 4: Iteration: 1450 / 2000 [ 72%]  (Sampling)
Chain 3: Iteration: 1250 / 2000 [ 62%]  (Sampling)
Chain 1: Iteration: 1060 / 2000 [ 53%]  (Sampling)
Chain 2: Iteration: 1620 / 2000 [ 81%]  (Sampling)
Chain 4: Iteration: 1460 / 2000 [ 73%]  (Sampling)
Chain 3: Iteration: 1260 / 2000 [ 63%]  (Sampling)
Chain 1: Iteration: 1070 / 2000 [ 53%]  (Sampling)
Chain 2: Iteration: 1630 / 2000 [ 81%]  (Sampling)
Chain 4: Iteration: 1470 / 2000 [ 73%]  (Sampling)
Chain 1: Iteration: 1080 / 2000 [ 54%]  (Sampling)
Chain 3: Iteration: 1270 / 2000 [ 63%]  (Sampling)
Chain 2: Iteration: 1640 / 2000 [ 82%]  (Sampling)
Chain 1: Iteration: 1090 / 2000 [ 54%]  (Sampling)
Chain 4: Iteration: 1480 / 2000 [ 74%]  (Sampling)
Chain 3: Iteration: 1280 / 2000 [ 64%]  (Sampling)
Chain 2: Iteration: 1650 / 2000 [ 82%]  (Sampling)
Chain 1: Iteration: 1100 / 2000 [ 55%]  (Sampling)
Chain 4: Iteration: 1490 / 2000 [ 74%]  (Sampling)
Chain 3: Iteration: 1290 / 2000 [ 64%]  (Sampling)
Chain 2: Iteration: 1660 / 2000 [ 83%]  (Sampling)
Chain 1: Iteration: 1110 / 2000 [ 55%]  (Sampling)
Chain 4: Iteration: 1500 / 2000 [ 75%]  (Sampling)
Chain 3: Iteration: 1300 / 2000 [ 65%]  (Sampling)
Chain 1: Iteration: 1120 / 2000 [ 56%]  (Sampling)
Chain 2: Iteration: 1670 / 2000 [ 83%]  (Sampling)
Chain 4: Iteration: 1510 / 2000 [ 75%]  (Sampling)
Chain 3: Iteration: 1310 / 2000 [ 65%]  (Sampling)
Chain 1: Iteration: 1130 / 2000 [ 56%]  (Sampling)
Chain 2: Iteration: 1680 / 2000 [ 84%]  (Sampling)
Chain 4: Iteration: 1520 / 2000 [ 76%]  (Sampling)
Chain 1: Iteration: 1140 / 2000 [ 57%]  (Sampling)
Chain 3: Iteration: 1320 / 2000 [ 66%]  (Sampling)
Chain 2: Iteration: 1690 / 2000 [ 84%]  (Sampling)
Chain 4: Iteration: 1530 / 2000 [ 76%]  (Sampling)
Chain 1: Iteration: 1150 / 2000 [ 57%]  (Sampling)
Chain 3: Iteration: 1330 / 2000 [ 66%]  (Sampling)
Chain 2: Iteration: 1700 / 2000 [ 85%]  (Sampling)
Chain 4: Iteration: 1540 / 2000 [ 77%]  (Sampling)
Chain 1: Iteration: 1160 / 2000 [ 58%]  (Sampling)
Chain 3: Iteration: 1340 / 2000 [ 67%]  (Sampling)
Chain 2: Iteration: 1710 / 2000 [ 85%]  (Sampling)
Chain 1: Iteration: 1170 / 2000 [ 58%]  (Sampling)
Chain 4: Iteration: 1550 / 2000 [ 77%]  (Sampling)
Chain 3: Iteration: 1350 / 2000 [ 67%]  (Sampling)
Chain 2: Iteration: 1720 / 2000 [ 86%]  (Sampling)
Chain 4: Iteration: 1560 / 2000 [ 78%]  (Sampling)
Chain 1: Iteration: 1180 / 2000 [ 59%]  (Sampling)
Chain 3: Iteration: 1360 / 2000 [ 68%]  (Sampling)
Chain 2: Iteration: 1730 / 2000 [ 86%]  (Sampling)
Chain 1: Iteration: 1190 / 2000 [ 59%]  (Sampling)
Chain 4: Iteration: 1570 / 2000 [ 78%]  (Sampling)
Chain 3: Iteration: 1370 / 2000 [ 68%]  (Sampling)
Chain 2: Iteration: 1740 / 2000 [ 87%]  (Sampling)
Chain 1: Iteration: 1200 / 2000 [ 60%]  (Sampling)
Chain 4: Iteration: 1580 / 2000 [ 79%]  (Sampling)
Chain 3: Iteration: 1380 / 2000 [ 69%]  (Sampling)
Chain 2: Iteration: 1750 / 2000 [ 87%]  (Sampling)
Chain 1: Iteration: 1210 / 2000 [ 60%]  (Sampling)
Chain 4: Iteration: 1590 / 2000 [ 79%]  (Sampling)
Chain 3: Iteration: 1390 / 2000 [ 69%]  (Sampling)
Chain 2: Iteration: 1760 / 2000 [ 88%]  (Sampling)
Chain 1: Iteration: 1220 / 2000 [ 61%]  (Sampling)
Chain 4: Iteration: 1600 / 2000 [ 80%]  (Sampling)
Chain 3: Iteration: 1400 / 2000 [ 70%]  (Sampling)
Chain 2: Iteration: 1770 / 2000 [ 88%]  (Sampling)
Chain 1: Iteration: 1230 / 2000 [ 61%]  (Sampling)
Chain 4: Iteration: 1610 / 2000 [ 80%]  (Sampling)
Chain 3: Iteration: 1410 / 2000 [ 70%]  (Sampling)
Chain 2: Iteration: 1780 / 2000 [ 89%]  (Sampling)
Chain 1: Iteration: 1240 / 2000 [ 62%]  (Sampling)
Chain 4: Iteration: 1620 / 2000 [ 81%]  (Sampling)
Chain 3: Iteration: 1420 / 2000 [ 71%]  (Sampling)
Chain 2: Iteration: 1790 / 2000 [ 89%]  (Sampling)
Chain 1: Iteration: 1250 / 2000 [ 62%]  (Sampling)
Chain 4: Iteration: 1630 / 2000 [ 81%]  (Sampling)
Chain 3: Iteration: 1430 / 2000 [ 71%]  (Sampling)
Chain 2: Iteration: 1800 / 2000 [ 90%]  (Sampling)
Chain 1: Iteration: 1260 / 2000 [ 63%]  (Sampling)
Chain 3: Iteration: 1440 / 2000 [ 72%]  (Sampling)
Chain 4: Iteration: 1640 / 2000 [ 82%]  (Sampling)
Chain 1: Iteration: 1270 / 2000 [ 63%]  (Sampling)
Chain 2: Iteration: 1810 / 2000 [ 90%]  (Sampling)
Chain 1: Iteration: 1280 / 2000 [ 64%]  (Sampling)
Chain 3: Iteration: 1450 / 2000 [ 72%]  (Sampling)
Chain 2: Iteration: 1820 / 2000 [ 91%]  (Sampling)
Chain 4: Iteration: 1650 / 2000 [ 82%]  (Sampling)
Chain 1: Iteration: 1290 / 2000 [ 64%]  (Sampling)
Chain 2: Iteration: 1830 / 2000 [ 91%]  (Sampling)
Chain 3: Iteration: 1460 / 2000 [ 73%]  (Sampling)
Chain 4: Iteration: 1660 / 2000 [ 83%]  (Sampling)
Chain 1: Iteration: 1300 / 2000 [ 65%]  (Sampling)
Chain 3: Iteration: 1470 / 2000 [ 73%]  (Sampling)
Chain 4: Iteration: 1670 / 2000 [ 83%]  (Sampling)
Chain 2: Iteration: 1840 / 2000 [ 92%]  (Sampling)
Chain 1: Iteration: 1310 / 2000 [ 65%]  (Sampling)
Chain 4: Iteration: 1680 / 2000 [ 84%]  (Sampling)
Chain 3: Iteration: 1480 / 2000 [ 74%]  (Sampling)
Chain 2: Iteration: 1850 / 2000 [ 92%]  (Sampling)
Chain 1: Iteration: 1320 / 2000 [ 66%]  (Sampling)
Chain 4: Iteration: 1690 / 2000 [ 84%]  (Sampling)
Chain 3: Iteration: 1490 / 2000 [ 74%]  (Sampling)
Chain 2: Iteration: 1860 / 2000 [ 93%]  (Sampling)
Chain 1: Iteration: 1330 / 2000 [ 66%]  (Sampling)
Chain 4: Iteration: 1700 / 2000 [ 85%]  (Sampling)
Chain 3: Iteration: 1500 / 2000 [ 75%]  (Sampling)
Chain 2: Iteration: 1870 / 2000 [ 93%]  (Sampling)
Chain 1: Iteration: 1340 / 2000 [ 67%]  (Sampling)
Chain 4: Iteration: 1710 / 2000 [ 85%]  (Sampling)
Chain 3: Iteration: 1510 / 2000 [ 75%]  (Sampling)
Chain 2: Iteration: 1880 / 2000 [ 94%]  (Sampling)
Chain 1: Iteration: 1350 / 2000 [ 67%]  (Sampling)
Chain 4: Iteration: 1720 / 2000 [ 86%]  (Sampling)
Chain 1: Iteration: 1360 / 2000 [ 68%]  (Sampling)
Chain 3: Iteration: 1520 / 2000 [ 76%]  (Sampling)
Chain 2: Iteration: 1890 / 2000 [ 94%]  (Sampling)
Chain 1: Iteration: 1370 / 2000 [ 68%]  (Sampling)
Chain 4: Iteration: 1730 / 2000 [ 86%]  (Sampling)
Chain 3: Iteration: 1530 / 2000 [ 76%]  (Sampling)
Chain 2: Iteration: 1900 / 2000 [ 95%]  (Sampling)
Chain 1: Iteration: 1380 / 2000 [ 69%]  (Sampling)
Chain 4: Iteration: 1740 / 2000 [ 87%]  (Sampling)
Chain 3: Iteration: 1540 / 2000 [ 77%]  (Sampling)
Chain 2: Iteration: 1910 / 2000 [ 95%]  (Sampling)
Chain 1: Iteration: 1390 / 2000 [ 69%]  (Sampling)
Chain 4: Iteration: 1750 / 2000 [ 87%]  (Sampling)
Chain 3: Iteration: 1550 / 2000 [ 77%]  (Sampling)
Chain 2: Iteration: 1920 / 2000 [ 96%]  (Sampling)
Chain 1: Iteration: 1400 / 2000 [ 70%]  (Sampling)
Chain 4: Iteration: 1760 / 2000 [ 88%]  (Sampling)
Chain 3: Iteration: 1560 / 2000 [ 78%]  (Sampling)
Chain 2: Iteration: 1930 / 2000 [ 96%]  (Sampling)
Chain 1: Iteration: 1410 / 2000 [ 70%]  (Sampling)
Chain 4: Iteration: 1770 / 2000 [ 88%]  (Sampling)
Chain 3: Iteration: 1570 / 2000 [ 78%]  (Sampling)
Chain 2: Iteration: 1940 / 2000 [ 97%]  (Sampling)
Chain 1: Iteration: 1420 / 2000 [ 71%]  (Sampling)
Chain 4: Iteration: 1780 / 2000 [ 89%]  (Sampling)
Chain 3: Iteration: 1580 / 2000 [ 79%]  (Sampling)
Chain 2: Iteration: 1950 / 2000 [ 97%]  (Sampling)
Chain 1: Iteration: 1430 / 2000 [ 71%]  (Sampling)
Chain 4: Iteration: 1790 / 2000 [ 89%]  (Sampling)
Chain 3: Iteration: 1590 / 2000 [ 79%]  (Sampling)
Chain 2: Iteration: 1960 / 2000 [ 98%]  (Sampling)
Chain 1: Iteration: 1440 / 2000 [ 72%]  (Sampling)
Chain 4: Iteration: 1800 / 2000 [ 90%]  (Sampling)
Chain 3: Iteration: 1600 / 2000 [ 80%]  (Sampling)
Chain 2: Iteration: 1970 / 2000 [ 98%]  (Sampling)
Chain 1: Iteration: 1450 / 2000 [ 72%]  (Sampling)
Chain 4: Iteration: 1810 / 2000 [ 90%]  (Sampling)
Chain 3: Iteration: 1610 / 2000 [ 80%]  (Sampling)
Chain 2: Iteration: 1980 / 2000 [ 99%]  (Sampling)
Chain 1: Iteration: 1460 / 2000 [ 73%]  (Sampling)
Chain 4: Iteration: 1820 / 2000 [ 91%]  (Sampling)
Chain 3: Iteration: 1620 / 2000 [ 81%]  (Sampling)
Chain 2: Iteration: 1990 / 2000 [ 99%]  (Sampling)
Chain 1: Iteration: 1470 / 2000 [ 73%]  (Sampling)
Chain 1: Iteration: 1480 / 2000 [ 74%]  (Sampling)
Chain 4: Iteration: 1830 / 2000 [ 91%]  (Sampling)
Chain 3: Iteration: 1630 / 2000 [ 81%]  (Sampling)
Chain 2: Iteration: 2000 / 2000 [100%]  (Sampling)
Chain 2: 
Chain 2:  Elapsed Time: 1600.12 seconds (Warm-up)
Chain 2:                1289.97 seconds (Sampling)
Chain 2:                2890.1 seconds (Total)
Chain 2: 
Chain 1: Iteration: 1490 / 2000 [ 74%]  (Sampling)
Chain 4: Iteration: 1840 / 2000 [ 92%]  (Sampling)
Chain 3: Iteration: 1640 / 2000 [ 82%]  (Sampling)
Chain 1: Iteration: 1500 / 2000 [ 75%]  (Sampling)
Chain 4: Iteration: 1850 / 2000 [ 92%]  (Sampling)
Chain 3: Iteration: 1650 / 2000 [ 82%]  (Sampling)
Chain 1: Iteration: 1510 / 2000 [ 75%]  (Sampling)
Chain 4: Iteration: 1860 / 2000 [ 93%]  (Sampling)
Chain 3: Iteration: 1660 / 2000 [ 83%]  (Sampling)
Chain 1: Iteration: 1520 / 2000 [ 76%]  (Sampling)
Chain 4: Iteration: 1870 / 2000 [ 93%]  (Sampling)
Chain 3: Iteration: 1670 / 2000 [ 83%]  (Sampling)
Chain 1: Iteration: 1530 / 2000 [ 76%]  (Sampling)
Chain 4: Iteration: 1880 / 2000 [ 94%]  (Sampling)
Chain 3: Iteration: 1680 / 2000 [ 84%]  (Sampling)
Chain 1: Iteration: 1540 / 2000 [ 77%]  (Sampling)
Chain 4: Iteration: 1890 / 2000 [ 94%]  (Sampling)
Chain 3: Iteration: 1690 / 2000 [ 84%]  (Sampling)
Chain 1: Iteration: 1550 / 2000 [ 77%]  (Sampling)
Chain 4: Iteration: 1900 / 2000 [ 95%]  (Sampling)
Chain 3: Iteration: 1700 / 2000 [ 85%]  (Sampling)
Chain 1: Iteration: 1560 / 2000 [ 78%]  (Sampling)
Chain 4: Iteration: 1910 / 2000 [ 95%]  (Sampling)
Chain 3: Iteration: 1710 / 2000 [ 85%]  (Sampling)
Chain 1: Iteration: 1570 / 2000 [ 78%]  (Sampling)
Chain 4: Iteration: 1920 / 2000 [ 96%]  (Sampling)
Chain 3: Iteration: 1720 / 2000 [ 86%]  (Sampling)
Chain 1: Iteration: 1580 / 2000 [ 79%]  (Sampling)
Chain 4: Iteration: 1930 / 2000 [ 96%]  (Sampling)
Chain 3: Iteration: 1730 / 2000 [ 86%]  (Sampling)
Chain 1: Iteration: 1590 / 2000 [ 79%]  (Sampling)
Chain 4: Iteration: 1940 / 2000 [ 97%]  (Sampling)
Chain 3: Iteration: 1740 / 2000 [ 87%]  (Sampling)
Chain 1: Iteration: 1600 / 2000 [ 80%]  (Sampling)
Chain 4: Iteration: 1950 / 2000 [ 97%]  (Sampling)
Chain 3: Iteration: 1750 / 2000 [ 87%]  (Sampling)
Chain 1: Iteration: 1610 / 2000 [ 80%]  (Sampling)
Chain 4: Iteration: 1960 / 2000 [ 98%]  (Sampling)
Chain 3: Iteration: 1760 / 2000 [ 88%]  (Sampling)
Chain 1: Iteration: 1620 / 2000 [ 81%]  (Sampling)
Chain 4: Iteration: 1970 / 2000 [ 98%]  (Sampling)
Chain 3: Iteration: 1770 / 2000 [ 88%]  (Sampling)
Chain 1: Iteration: 1630 / 2000 [ 81%]  (Sampling)
Chain 4: Iteration: 1980 / 2000 [ 99%]  (Sampling)
Chain 3: Iteration: 1780 / 2000 [ 89%]  (Sampling)
Chain 1: Iteration: 1640 / 2000 [ 82%]  (Sampling)
Chain 1: Iteration: 1650 / 2000 [ 82%]  (Sampling)
Chain 4: Iteration: 1990 / 2000 [ 99%]  (Sampling)
Chain 3: Iteration: 1790 / 2000 [ 89%]  (Sampling)
Chain 1: Iteration: 1660 / 2000 [ 83%]  (Sampling)
Chain 4: Iteration: 2000 / 2000 [100%]  (Sampling)
Chain 3: Iteration: 1800 / 2000 [ 90%]  (Sampling)
Chain 4: 
Chain 4:  Elapsed Time: 1820.61 seconds (Warm-up)
Chain 4:                1224.52 seconds (Sampling)
Chain 4:                3045.13 seconds (Total)
Chain 4: 
Chain 1: Iteration: 1670 / 2000 [ 83%]  (Sampling)
Chain 3: Iteration: 1810 / 2000 [ 90%]  (Sampling)
Chain 1: Iteration: 1680 / 2000 [ 84%]  (Sampling)
Chain 3: Iteration: 1820 / 2000 [ 91%]  (Sampling)
Chain 1: Iteration: 1690 / 2000 [ 84%]  (Sampling)
Chain 1: Iteration: 1700 / 2000 [ 85%]  (Sampling)
Chain 3: Iteration: 1830 / 2000 [ 91%]  (Sampling)
Chain 1: Iteration: 1710 / 2000 [ 85%]  (Sampling)
Chain 3: Iteration: 1840 / 2000 [ 92%]  (Sampling)
Chain 1: Iteration: 1720 / 2000 [ 86%]  (Sampling)
Chain 3: Iteration: 1850 / 2000 [ 92%]  (Sampling)
Chain 1: Iteration: 1730 / 2000 [ 86%]  (Sampling)
Chain 3: Iteration: 1860 / 2000 [ 93%]  (Sampling)
Chain 1: Iteration: 1740 / 2000 [ 87%]  (Sampling)
Chain 3: Iteration: 1870 / 2000 [ 93%]  (Sampling)
Chain 1: Iteration: 1750 / 2000 [ 87%]  (Sampling)
Chain 3: Iteration: 1880 / 2000 [ 94%]  (Sampling)
Chain 1: Iteration: 1760 / 2000 [ 88%]  (Sampling)
Chain 3: Iteration: 1890 / 2000 [ 94%]  (Sampling)
Chain 1: Iteration: 1770 / 2000 [ 88%]  (Sampling)
Chain 3: Iteration: 1900 / 2000 [ 95%]  (Sampling)
Chain 1: Iteration: 1780 / 2000 [ 89%]  (Sampling)
Chain 3: Iteration: 1910 / 2000 [ 95%]  (Sampling)
Chain 1: Iteration: 1790 / 2000 [ 89%]  (Sampling)
Chain 3: Iteration: 1920 / 2000 [ 96%]  (Sampling)
Chain 1: Iteration: 1800 / 2000 [ 90%]  (Sampling)
Chain 3: Iteration: 1930 / 2000 [ 96%]  (Sampling)
Chain 1: Iteration: 1810 / 2000 [ 90%]  (Sampling)
Chain 1: Iteration: 1820 / 2000 [ 91%]  (Sampling)
Chain 3: Iteration: 1940 / 2000 [ 97%]  (Sampling)
Chain 1: Iteration: 1830 / 2000 [ 91%]  (Sampling)
Chain 3: Iteration: 1950 / 2000 [ 97%]  (Sampling)
Chain 1: Iteration: 1840 / 2000 [ 92%]  (Sampling)
Chain 3: Iteration: 1960 / 2000 [ 98%]  (Sampling)
Chain 1: Iteration: 1850 / 2000 [ 92%]  (Sampling)
Chain 3: Iteration: 1970 / 2000 [ 98%]  (Sampling)
Chain 1: Iteration: 1860 / 2000 [ 93%]  (Sampling)
Chain 3: Iteration: 1980 / 2000 [ 99%]  (Sampling)
Chain 1: Iteration: 1870 / 2000 [ 93%]  (Sampling)
Chain 1: Iteration: 1880 / 2000 [ 94%]  (Sampling)
Chain 3: Iteration: 1990 / 2000 [ 99%]  (Sampling)
Chain 1: Iteration: 1890 / 2000 [ 94%]  (Sampling)
Chain 3: Iteration: 2000 / 2000 [100%]  (Sampling)
Chain 3: 
Chain 3:  Elapsed Time: 2073.41 seconds (Warm-up)
Chain 3:                1109.17 seconds (Sampling)
Chain 3:                3182.59 seconds (Total)
Chain 3: 
Chain 1: Iteration: 1900 / 2000 [ 95%]  (Sampling)
Chain 1: Iteration: 1910 / 2000 [ 95%]  (Sampling)
Chain 1: Iteration: 1920 / 2000 [ 96%]  (Sampling)
Chain 1: Iteration: 1930 / 2000 [ 96%]  (Sampling)
Chain 1: Iteration: 1940 / 2000 [ 97%]  (Sampling)
Chain 1: Iteration: 1950 / 2000 [ 97%]  (Sampling)
Chain 1: Iteration: 1960 / 2000 [ 98%]  (Sampling)
Chain 1: Iteration: 1970 / 2000 [ 98%]  (Sampling)
Chain 1: Iteration: 1980 / 2000 [ 99%]  (Sampling)
Chain 1: Iteration: 1990 / 2000 [ 99%]  (Sampling)
Chain 1: Iteration: 2000 / 2000 [100%]  (Sampling)
Chain 1: 
Chain 1:  Elapsed Time: 2332.63 seconds (Warm-up)
Chain 1:                900.031 seconds (Sampling)
Chain 1:                3232.66 seconds (Total)
Chain 1: 
Compiling Stan program...
Start sampling

SAMPLING FOR MODEL 'anon_model' NOW (CHAIN 1).

SAMPLING FOR MODEL 'anon_model' NOW (CHAIN 2).

SAMPLING FOR MODEL 'anon_model' NOW (CHAIN 3).
Chain 1: 
Chain 1: Gradient evaluation took 0.004758 seconds
Chain 1: 1000 transitions using 10 leapfrog steps per transition would take 47.58 seconds.
Chain 1: Adjust your expectations accordingly!
Chain 1: 
Chain 1: 

SAMPLING FOR MODEL 'anon_model' NOW (CHAIN 4).
Chain 2: 
Chain 2: Gradient evaluation took 0.005211 seconds
Chain 2: 1000 transitions using 10 leapfrog steps per transition would take 52.11 seconds.
Chain 2: Adjust your expectations accordingly!
Chain 2: 
Chain 2: 
Chain 3: 
Chain 3: Gradient evaluation took 0.00578 seconds
Chain 3: 1000 transitions using 10 leapfrog steps per transition would take 57.8 seconds.
Chain 3: Adjust your expectations accordingly!
Chain 3: 
Chain 3: 
Chain 4: 
Chain 4: Gradient evaluation took 0.006194 seconds
Chain 4: 1000 transitions using 10 leapfrog steps per transition would take 61.94 seconds.
Chain 4: Adjust your expectations accordingly!
Chain 4: 
Chain 4: 
Chain 3: Iteration:    1 / 2000 [  0%]  (Warmup)
Chain 4: Iteration:    1 / 2000 [  0%]  (Warmup)
Chain 1: Iteration:    1 / 2000 [  0%]  (Warmup)
Chain 2: Iteration:    1 / 2000 [  0%]  (Warmup)
Chain 2: Iteration:   10 / 2000 [  0%]  (Warmup)
Chain 2: Iteration:   20 / 2000 [  1%]  (Warmup)
Chain 4: Iteration:   10 / 2000 [  0%]  (Warmup)
Chain 1: Iteration:   10 / 2000 [  0%]  (Warmup)
Chain 2: Iteration:   30 / 2000 [  1%]  (Warmup)
Chain 2: Iteration:   40 / 2000 [  2%]  (Warmup)
Chain 4: Iteration:   20 / 2000 [  1%]  (Warmup)
Chain 1: Iteration:   20 / 2000 [  1%]  (Warmup)
Chain 3: Iteration:   10 / 2000 [  0%]  (Warmup)
Chain 4: Iteration:   30 / 2000 [  1%]  (Warmup)
Chain 1: Iteration:   30 / 2000 [  1%]  (Warmup)
Chain 2: Iteration:   50 / 2000 [  2%]  (Warmup)
Chain 4: Iteration:   40 / 2000 [  2%]  (Warmup)
Chain 1: Iteration:   40 / 2000 [  2%]  (Warmup)
Chain 3: Iteration:   20 / 2000 [  1%]  (Warmup)
Chain 4: Iteration:   50 / 2000 [  2%]  (Warmup)
Chain 2: Iteration:   60 / 2000 [  3%]  (Warmup)
Chain 4: Iteration:   60 / 2000 [  3%]  (Warmup)
Chain 1: Iteration:   50 / 2000 [  2%]  (Warmup)
Chain 4: Iteration:   70 / 2000 [  3%]  (Warmup)
Chain 2: Iteration:   70 / 2000 [  3%]  (Warmup)
Chain 3: Iteration:   30 / 2000 [  1%]  (Warmup)
Chain 1: Iteration:   60 / 2000 [  3%]  (Warmup)
Chain 4: Iteration:   80 / 2000 [  4%]  (Warmup)
Chain 3: Iteration:   40 / 2000 [  2%]  (Warmup)
Chain 2: Iteration:   80 / 2000 [  4%]  (Warmup)
Chain 1: Iteration:   70 / 2000 [  3%]  (Warmup)
Chain 4: Iteration:   90 / 2000 [  4%]  (Warmup)
Chain 3: Iteration:   50 / 2000 [  2%]  (Warmup)
Chain 2: Iteration:   90 / 2000 [  4%]  (Warmup)
Chain 1: Iteration:   80 / 2000 [  4%]  (Warmup)
Chain 3: Iteration:   60 / 2000 [  3%]  (Warmup)
Chain 4: Iteration:  100 / 2000 [  5%]  (Warmup)
Chain 4: Iteration:  110 / 2000 [  5%]  (Warmup)
Chain 2: Iteration:  100 / 2000 [  5%]  (Warmup)
Chain 3: Iteration:   70 / 2000 [  3%]  (Warmup)
Chain 4: Iteration:  120 / 2000 [  6%]  (Warmup)
Chain 4: Iteration:  130 / 2000 [  6%]  (Warmup)
Chain 2: Iteration:  110 / 2000 [  5%]  (Warmup)
Chain 1: Iteration:   90 / 2000 [  4%]  (Warmup)
Chain 4: Iteration:  140 / 2000 [  7%]  (Warmup)
Chain 4: Iteration:  150 / 2000 [  7%]  (Warmup)
Chain 3: Iteration:   80 / 2000 [  4%]  (Warmup)
Chain 2: Iteration:  120 / 2000 [  6%]  (Warmup)
Chain 4: Iteration:  160 / 2000 [  8%]  (Warmup)
Chain 1: Iteration:  100 / 2000 [  5%]  (Warmup)
Chain 2: Iteration:  130 / 2000 [  6%]  (Warmup)
Chain 2: Iteration:  140 / 2000 [  7%]  (Warmup)
Chain 2: Iteration:  150 / 2000 [  7%]  (Warmup)
Chain 1: Iteration:  110 / 2000 [  5%]  (Warmup)
Chain 2: Iteration:  160 / 2000 [  8%]  (Warmup)
Chain 4: Iteration:  170 / 2000 [  8%]  (Warmup)
Chain 3: Iteration:   90 / 2000 [  4%]  (Warmup)
Chain 4: Iteration:  180 / 2000 [  9%]  (Warmup)
Chain 1: Iteration:  120 / 2000 [  6%]  (Warmup)
Chain 2: Iteration:  170 / 2000 [  8%]  (Warmup)
Chain 4: Iteration:  190 / 2000 [  9%]  (Warmup)
Chain 2: Iteration:  180 / 2000 [  9%]  (Warmup)
Chain 4: Iteration:  200 / 2000 [ 10%]  (Warmup)
Chain 1: Iteration:  130 / 2000 [  6%]  (Warmup)
Chain 4: Iteration:  210 / 2000 [ 10%]  (Warmup)
Chain 2: Iteration:  190 / 2000 [  9%]  (Warmup)
Chain 3: Iteration:  100 / 2000 [  5%]  (Warmup)
Chain 4: Iteration:  220 / 2000 [ 11%]  (Warmup)
Chain 2: Iteration:  200 / 2000 [ 10%]  (Warmup)
Chain 1: Iteration:  140 / 2000 [  7%]  (Warmup)
Chain 2: Iteration:  210 / 2000 [ 10%]  (Warmup)
Chain 4: Iteration:  230 / 2000 [ 11%]  (Warmup)
Chain 1: Iteration:  150 / 2000 [  7%]  (Warmup)
Chain 3: Iteration:  110 / 2000 [  5%]  (Warmup)
Chain 2: Iteration:  220 / 2000 [ 11%]  (Warmup)
Chain 4: Iteration:  240 / 2000 [ 12%]  (Warmup)
Chain 2: Iteration:  230 / 2000 [ 11%]  (Warmup)
Chain 4: Iteration:  250 / 2000 [ 12%]  (Warmup)
Chain 2: Iteration:  240 / 2000 [ 12%]  (Warmup)
Chain 1: Iteration:  160 / 2000 [  8%]  (Warmup)
Chain 2: Iteration:  250 / 2000 [ 12%]  (Warmup)
Chain 2: Iteration:  260 / 2000 [ 13%]  (Warmup)
Chain 3: Iteration:  120 / 2000 [  6%]  (Warmup)
Chain 2: Iteration:  270 / 2000 [ 13%]  (Warmup)
Chain 4: Iteration:  260 / 2000 [ 13%]  (Warmup)
Chain 2: Iteration:  280 / 2000 [ 14%]  (Warmup)
Chain 3: Iteration:  130 / 2000 [  6%]  (Warmup)
Chain 1: Iteration:  170 / 2000 [  8%]  (Warmup)
Chain 2: Iteration:  290 / 2000 [ 14%]  (Warmup)
Chain 3: Iteration:  140 / 2000 [  7%]  (Warmup)
Chain 2: Iteration:  300 / 2000 [ 15%]  (Warmup)
Chain 3: Iteration:  150 / 2000 [  7%]  (Warmup)
Chain 2: Iteration:  310 / 2000 [ 15%]  (Warmup)
Chain 3: Iteration:  160 / 2000 [  8%]  (Warmup)
Chain 1: Iteration:  180 / 2000 [  9%]  (Warmup)
Chain 2: Iteration:  320 / 2000 [ 16%]  (Warmup)
Chain 4: Iteration:  270 / 2000 [ 13%]  (Warmup)
Chain 3: Iteration:  170 / 2000 [  8%]  (Warmup)
Chain 2: Iteration:  330 / 2000 [ 16%]  (Warmup)
Chain 1: Iteration:  190 / 2000 [  9%]  (Warmup)
Chain 2: Iteration:  340 / 2000 [ 17%]  (Warmup)
Chain 3: Iteration:  180 / 2000 [  9%]  (Warmup)
Chain 2: Iteration:  350 / 2000 [ 17%]  (Warmup)
Chain 1: Iteration:  200 / 2000 [ 10%]  (Warmup)
Chain 3: Iteration:  190 / 2000 [  9%]  (Warmup)
Chain 2: Iteration:  360 / 2000 [ 18%]  (Warmup)
Chain 4: Iteration:  280 / 2000 [ 14%]  (Warmup)
Chain 1: Iteration:  210 / 2000 [ 10%]  (Warmup)
Chain 3: Iteration:  200 / 2000 [ 10%]  (Warmup)
Chain 3: Iteration:  210 / 2000 [ 10%]  (Warmup)
Chain 2: Iteration:  370 / 2000 [ 18%]  (Warmup)
Chain 4: Iteration:  290 / 2000 [ 14%]  (Warmup)
Chain 3: Iteration:  220 / 2000 [ 11%]  (Warmup)
Chain 2: Iteration:  380 / 2000 [ 19%]  (Warmup)
Chain 1: Iteration:  220 / 2000 [ 11%]  (Warmup)
Chain 4: Iteration:  300 / 2000 [ 15%]  (Warmup)
Chain 3: Iteration:  230 / 2000 [ 11%]  (Warmup)
Chain 2: Iteration:  390 / 2000 [ 19%]  (Warmup)
Chain 4: Iteration:  310 / 2000 [ 15%]  (Warmup)
Chain 1: Iteration:  230 / 2000 [ 11%]  (Warmup)
Chain 3: Iteration:  240 / 2000 [ 12%]  (Warmup)
Chain 2: Iteration:  400 / 2000 [ 20%]  (Warmup)
Chain 4: Iteration:  320 / 2000 [ 16%]  (Warmup)
Chain 3: Iteration:  250 / 2000 [ 12%]  (Warmup)
Chain 2: Iteration:  410 / 2000 [ 20%]  (Warmup)
Chain 1: Iteration:  240 / 2000 [ 12%]  (Warmup)
Chain 4: Iteration:  330 / 2000 [ 16%]  (Warmup)
Chain 2: Iteration:  420 / 2000 [ 21%]  (Warmup)
Chain 4: Iteration:  340 / 2000 [ 17%]  (Warmup)
Chain 2: Iteration:  430 / 2000 [ 21%]  (Warmup)
Chain 1: Iteration:  250 / 2000 [ 12%]  (Warmup)
Chain 3: Iteration:  260 / 2000 [ 13%]  (Warmup)
Chain 4: Iteration:  350 / 2000 [ 17%]  (Warmup)
Chain 2: Iteration:  440 / 2000 [ 22%]  (Warmup)
Chain 4: Iteration:  360 / 2000 [ 18%]  (Warmup)
Chain 1: Iteration:  260 / 2000 [ 13%]  (Warmup)
Chain 2: Iteration:  450 / 2000 [ 22%]  (Warmup)
Chain 4: Iteration:  370 / 2000 [ 18%]  (Warmup)
Chain 4: Iteration:  380 / 2000 [ 19%]  (Warmup)
Chain 3: Iteration:  270 / 2000 [ 13%]  (Warmup)
Chain 2: Iteration:  460 / 2000 [ 23%]  (Warmup)
Chain 1: Iteration:  270 / 2000 [ 13%]  (Warmup)
Chain 4: Iteration:  390 / 2000 [ 19%]  (Warmup)
Chain 4: Iteration:  400 / 2000 [ 20%]  (Warmup)
Chain 3: Iteration:  280 / 2000 [ 14%]  (Warmup)
Chain 1: Iteration:  280 / 2000 [ 14%]  (Warmup)
Chain 2: Iteration:  470 / 2000 [ 23%]  (Warmup)
Chain 4: Iteration:  410 / 2000 [ 20%]  (Warmup)
Chain 3: Iteration:  290 / 2000 [ 14%]  (Warmup)
Chain 1: Iteration:  290 / 2000 [ 14%]  (Warmup)
Chain 4: Iteration:  420 / 2000 [ 21%]  (Warmup)
Chain 2: Iteration:  480 / 2000 [ 24%]  (Warmup)
Chain 3: Iteration:  300 / 2000 [ 15%]  (Warmup)
Chain 4: Iteration:  430 / 2000 [ 21%]  (Warmup)
Chain 1: Iteration:  300 / 2000 [ 15%]  (Warmup)
Chain 2: Iteration:  490 / 2000 [ 24%]  (Warmup)
Chain 3: Iteration:  310 / 2000 [ 15%]  (Warmup)
Chain 4: Iteration:  440 / 2000 [ 22%]  (Warmup)
Chain 1: Iteration:  310 / 2000 [ 15%]  (Warmup)
Chain 3: Iteration:  320 / 2000 [ 16%]  (Warmup)
Chain 2: Iteration:  500 / 2000 [ 25%]  (Warmup)
Chain 3: Iteration:  330 / 2000 [ 16%]  (Warmup)
Chain 4: Iteration:  450 / 2000 [ 22%]  (Warmup)
Chain 1: Iteration:  320 / 2000 [ 16%]  (Warmup)
Chain 2: Iteration:  510 / 2000 [ 25%]  (Warmup)
Chain 3: Iteration:  340 / 2000 [ 17%]  (Warmup)
Chain 2: Iteration:  520 / 2000 [ 26%]  (Warmup)
Chain 1: Iteration:  330 / 2000 [ 16%]  (Warmup)
Chain 3: Iteration:  350 / 2000 [ 17%]  (Warmup)
Chain 2: Iteration:  530 / 2000 [ 26%]  (Warmup)
Chain 1: Iteration:  340 / 2000 [ 17%]  (Warmup)
Chain 4: Iteration:  460 / 2000 [ 23%]  (Warmup)
Chain 3: Iteration:  360 / 2000 [ 18%]  (Warmup)
Chain 2: Iteration:  540 / 2000 [ 27%]  (Warmup)
Chain 1: Iteration:  350 / 2000 [ 17%]  (Warmup)
Chain 3: Iteration:  370 / 2000 [ 18%]  (Warmup)
Chain 2: Iteration:  550 / 2000 [ 27%]  (Warmup)
Chain 1: Iteration:  360 / 2000 [ 18%]  (Warmup)
Chain 3: Iteration:  380 / 2000 [ 19%]  (Warmup)
Chain 2: Iteration:  560 / 2000 [ 28%]  (Warmup)
Chain 1: Iteration:  370 / 2000 [ 18%]  (Warmup)
Chain 3: Iteration:  390 / 2000 [ 19%]  (Warmup)
Chain 2: Iteration:  570 / 2000 [ 28%]  (Warmup)
Chain 1: Iteration:  380 / 2000 [ 19%]  (Warmup)
Chain 3: Iteration:  400 / 2000 [ 20%]  (Warmup)
Chain 4: Iteration:  470 / 2000 [ 23%]  (Warmup)
Chain 2: Iteration:  580 / 2000 [ 29%]  (Warmup)
Chain 1: Iteration:  390 / 2000 [ 19%]  (Warmup)
Chain 3: Iteration:  410 / 2000 [ 20%]  (Warmup)
Chain 2: Iteration:  590 / 2000 [ 29%]  (Warmup)
Chain 1: Iteration:  400 / 2000 [ 20%]  (Warmup)
Chain 3: Iteration:  420 / 2000 [ 21%]  (Warmup)
Chain 2: Iteration:  600 / 2000 [ 30%]  (Warmup)
Chain 1: Iteration:  410 / 2000 [ 20%]  (Warmup)
Chain 4: Iteration:  480 / 2000 [ 24%]  (Warmup)
Chain 3: Iteration:  430 / 2000 [ 21%]  (Warmup)
Chain 2: Iteration:  610 / 2000 [ 30%]  (Warmup)
Chain 1: Iteration:  420 / 2000 [ 21%]  (Warmup)
Chain 4: Iteration:  490 / 2000 [ 24%]  (Warmup)
Chain 3: Iteration:  440 / 2000 [ 22%]  (Warmup)
Chain 2: Iteration:  620 / 2000 [ 31%]  (Warmup)
Chain 1: Iteration:  430 / 2000 [ 21%]  (Warmup)
Chain 4: Iteration:  500 / 2000 [ 25%]  (Warmup)
Chain 3: Iteration:  450 / 2000 [ 22%]  (Warmup)
Chain 2: Iteration:  630 / 2000 [ 31%]  (Warmup)
Chain 1: Iteration:  440 / 2000 [ 22%]  (Warmup)
Chain 4: Iteration:  510 / 2000 [ 25%]  (Warmup)
Chain 2: Iteration:  640 / 2000 [ 32%]  (Warmup)
Chain 1: Iteration:  450 / 2000 [ 22%]  (Warmup)
Chain 4: Iteration:  520 / 2000 [ 26%]  (Warmup)
Chain 2: Iteration:  650 / 2000 [ 32%]  (Warmup)
Chain 3: Iteration:  460 / 2000 [ 23%]  (Warmup)
Chain 4: Iteration:  530 / 2000 [ 26%]  (Warmup)
Chain 2: Iteration:  660 / 2000 [ 33%]  (Warmup)
Chain 4: Iteration:  540 / 2000 [ 27%]  (Warmup)
Chain 1: Iteration:  460 / 2000 [ 23%]  (Warmup)
Chain 2: Iteration:  670 / 2000 [ 33%]  (Warmup)
Chain 4: Iteration:  550 / 2000 [ 27%]  (Warmup)
Chain 2: Iteration:  680 / 2000 [ 34%]  (Warmup)
Chain 4: Iteration:  560 / 2000 [ 28%]  (Warmup)
Chain 2: Iteration:  690 / 2000 [ 34%]  (Warmup)
Chain 3: Iteration:  470 / 2000 [ 23%]  (Warmup)
Chain 4: Iteration:  570 / 2000 [ 28%]  (Warmup)
Chain 2: Iteration:  700 / 2000 [ 35%]  (Warmup)
Chain 4: Iteration:  580 / 2000 [ 29%]  (Warmup)
Chain 1: Iteration:  470 / 2000 [ 23%]  (Warmup)
Chain 2: Iteration:  710 / 2000 [ 35%]  (Warmup)
Chain 3: Iteration:  480 / 2000 [ 24%]  (Warmup)
Chain 4: Iteration:  590 / 2000 [ 29%]  (Warmup)
Chain 2: Iteration:  720 / 2000 [ 36%]  (Warmup)
Chain 3: Iteration:  490 / 2000 [ 24%]  (Warmup)
Chain 4: Iteration:  600 / 2000 [ 30%]  (Warmup)
Chain 3: Iteration:  500 / 2000 [ 25%]  (Warmup)
Chain 2: Iteration:  730 / 2000 [ 36%]  (Warmup)
Chain 1: Iteration:  480 / 2000 [ 24%]  (Warmup)
Chain 4: Iteration:  610 / 2000 [ 30%]  (Warmup)
Chain 3: Iteration:  510 / 2000 [ 25%]  (Warmup)
Chain 2: Iteration:  740 / 2000 [ 37%]  (Warmup)
Chain 4: Iteration:  620 / 2000 [ 31%]  (Warmup)
Chain 1: Iteration:  490 / 2000 [ 24%]  (Warmup)
Chain 3: Iteration:  520 / 2000 [ 26%]  (Warmup)
Chain 2: Iteration:  750 / 2000 [ 37%]  (Warmup)
Chain 4: Iteration:  630 / 2000 [ 31%]  (Warmup)
Chain 1: Iteration:  500 / 2000 [ 25%]  (Warmup)
Chain 3: Iteration:  530 / 2000 [ 26%]  (Warmup)
Chain 2: Iteration:  760 / 2000 [ 38%]  (Warmup)
Chain 4: Iteration:  640 / 2000 [ 32%]  (Warmup)
Chain 3: Iteration:  540 / 2000 [ 27%]  (Warmup)
Chain 1: Iteration:  510 / 2000 [ 25%]  (Warmup)
Chain 2: Iteration:  770 / 2000 [ 38%]  (Warmup)
Chain 1: Iteration:  520 / 2000 [ 26%]  (Warmup)
Chain 4: Iteration:  650 / 2000 [ 32%]  (Warmup)
Chain 3: Iteration:  550 / 2000 [ 27%]  (Warmup)
Chain 2: Iteration:  780 / 2000 [ 39%]  (Warmup)
Chain 1: Iteration:  530 / 2000 [ 26%]  (Warmup)
Chain 4: Iteration:  660 / 2000 [ 33%]  (Warmup)
Chain 3: Iteration:  560 / 2000 [ 28%]  (Warmup)
Chain 2: Iteration:  790 / 2000 [ 39%]  (Warmup)
Chain 1: Iteration:  540 / 2000 [ 27%]  (Warmup)
Chain 4: Iteration:  670 / 2000 [ 33%]  (Warmup)
Chain 3: Iteration:  570 / 2000 [ 28%]  (Warmup)
Chain 1: Iteration:  550 / 2000 [ 27%]  (Warmup)
Chain 2: Iteration:  800 / 2000 [ 40%]  (Warmup)
Chain 4: Iteration:  680 / 2000 [ 34%]  (Warmup)
Chain 3: Iteration:  580 / 2000 [ 29%]  (Warmup)
Chain 1: Iteration:  560 / 2000 [ 28%]  (Warmup)
Chain 2: Iteration:  810 / 2000 [ 40%]  (Warmup)
Chain 4: Iteration:  690 / 2000 [ 34%]  (Warmup)
Chain 3: Iteration:  590 / 2000 [ 29%]  (Warmup)
Chain 1: Iteration:  570 / 2000 [ 28%]  (Warmup)
Chain 2: Iteration:  820 / 2000 [ 41%]  (Warmup)
Chain 4: Iteration:  700 / 2000 [ 35%]  (Warmup)
Chain 3: Iteration:  600 / 2000 [ 30%]  (Warmup)
Chain 1: Iteration:  580 / 2000 [ 29%]  (Warmup)
Chain 2: Iteration:  830 / 2000 [ 41%]  (Warmup)
Chain 4: Iteration:  710 / 2000 [ 35%]  (Warmup)
Chain 3: Iteration:  610 / 2000 [ 30%]  (Warmup)
Chain 1: Iteration:  590 / 2000 [ 29%]  (Warmup)
Chain 2: Iteration:  840 / 2000 [ 42%]  (Warmup)
Chain 3: Iteration:  620 / 2000 [ 31%]  (Warmup)
Chain 4: Iteration:  720 / 2000 [ 36%]  (Warmup)
Chain 1: Iteration:  600 / 2000 [ 30%]  (Warmup)
Chain 2: Iteration:  850 / 2000 [ 42%]  (Warmup)
Chain 3: Iteration:  630 / 2000 [ 31%]  (Warmup)
Chain 4: Iteration:  730 / 2000 [ 36%]  (Warmup)
Chain 1: Iteration:  610 / 2000 [ 30%]  (Warmup)
Chain 3: Iteration:  640 / 2000 [ 32%]  (Warmup)
Chain 2: Iteration:  860 / 2000 [ 43%]  (Warmup)
Chain 4: Iteration:  740 / 2000 [ 37%]  (Warmup)
Chain 3: Iteration:  650 / 2000 [ 32%]  (Warmup)
Chain 1: Iteration:  620 / 2000 [ 31%]  (Warmup)
Chain 2: Iteration:  870 / 2000 [ 43%]  (Warmup)
Chain 4: Iteration:  750 / 2000 [ 37%]  (Warmup)
Chain 3: Iteration:  660 / 2000 [ 33%]  (Warmup)
Chain 1: Iteration:  630 / 2000 [ 31%]  (Warmup)
Chain 2: Iteration:  880 / 2000 [ 44%]  (Warmup)
Chain 4: Iteration:  760 / 2000 [ 38%]  (Warmup)
Chain 3: Iteration:  670 / 2000 [ 33%]  (Warmup)
Chain 1: Iteration:  640 / 2000 [ 32%]  (Warmup)
Chain 2: Iteration:  890 / 2000 [ 44%]  (Warmup)
Chain 4: Iteration:  770 / 2000 [ 38%]  (Warmup)
Chain 3: Iteration:  680 / 2000 [ 34%]  (Warmup)
Chain 1: Iteration:  650 / 2000 [ 32%]  (Warmup)
Chain 2: Iteration:  900 / 2000 [ 45%]  (Warmup)
Chain 4: Iteration:  780 / 2000 [ 39%]  (Warmup)
Chain 3: Iteration:  690 / 2000 [ 34%]  (Warmup)
Chain 1: Iteration:  660 / 2000 [ 33%]  (Warmup)
Chain 2: Iteration:  910 / 2000 [ 45%]  (Warmup)
Chain 4: Iteration:  790 / 2000 [ 39%]  (Warmup)
Chain 3: Iteration:  700 / 2000 [ 35%]  (Warmup)
Chain 1: Iteration:  670 / 2000 [ 33%]  (Warmup)
Chain 2: Iteration:  920 / 2000 [ 46%]  (Warmup)
Chain 4: Iteration:  800 / 2000 [ 40%]  (Warmup)
Chain 3: Iteration:  710 / 2000 [ 35%]  (Warmup)
Chain 1: Iteration:  680 / 2000 [ 34%]  (Warmup)
Chain 2: Iteration:  930 / 2000 [ 46%]  (Warmup)
Chain 4: Iteration:  810 / 2000 [ 40%]  (Warmup)
Chain 3: Iteration:  720 / 2000 [ 36%]  (Warmup)
Chain 1: Iteration:  690 / 2000 [ 34%]  (Warmup)
Chain 2: Iteration:  940 / 2000 [ 47%]  (Warmup)
Chain 4: Iteration:  820 / 2000 [ 41%]  (Warmup)
Chain 3: Iteration:  730 / 2000 [ 36%]  (Warmup)
Chain 1: Iteration:  700 / 2000 [ 35%]  (Warmup)
Chain 2: Iteration:  950 / 2000 [ 47%]  (Warmup)
Chain 4: Iteration:  830 / 2000 [ 41%]  (Warmup)
Chain 3: Iteration:  740 / 2000 [ 37%]  (Warmup)
Chain 1: Iteration:  710 / 2000 [ 35%]  (Warmup)
Chain 2: Iteration:  960 / 2000 [ 48%]  (Warmup)
Chain 4: Iteration:  840 / 2000 [ 42%]  (Warmup)
Chain 1: Iteration:  720 / 2000 [ 36%]  (Warmup)
Chain 3: Iteration:  750 / 2000 [ 37%]  (Warmup)
Chain 4: Iteration:  850 / 2000 [ 42%]  (Warmup)
Chain 2: Iteration:  970 / 2000 [ 48%]  (Warmup)
Chain 1: Iteration:  730 / 2000 [ 36%]  (Warmup)
Chain 3: Iteration:  760 / 2000 [ 38%]  (Warmup)
Chain 4: Iteration:  860 / 2000 [ 43%]  (Warmup)
Chain 2: Iteration:  980 / 2000 [ 49%]  (Warmup)
Chain 1: Iteration:  740 / 2000 [ 37%]  (Warmup)
Chain 3: Iteration:  770 / 2000 [ 38%]  (Warmup)
Chain 4: Iteration:  870 / 2000 [ 43%]  (Warmup)
Chain 2: Iteration:  990 / 2000 [ 49%]  (Warmup)
Chain 1: Iteration:  750 / 2000 [ 37%]  (Warmup)
Chain 3: Iteration:  780 / 2000 [ 39%]  (Warmup)
Chain 4: Iteration:  880 / 2000 [ 44%]  (Warmup)
Chain 2: Iteration: 1000 / 2000 [ 50%]  (Warmup)
Chain 1: Iteration:  760 / 2000 [ 38%]  (Warmup)
Chain 2: Iteration: 1001 / 2000 [ 50%]  (Sampling)
Chain 3: Iteration:  790 / 2000 [ 39%]  (Warmup)
Chain 4: Iteration:  890 / 2000 [ 44%]  (Warmup)
Chain 1: Iteration:  770 / 2000 [ 38%]  (Warmup)
Chain 2: Iteration: 1010 / 2000 [ 50%]  (Sampling)
Chain 3: Iteration:  800 / 2000 [ 40%]  (Warmup)
Chain 4: Iteration:  900 / 2000 [ 45%]  (Warmup)
Chain 1: Iteration:  780 / 2000 [ 39%]  (Warmup)
Chain 2: Iteration: 1020 / 2000 [ 51%]  (Sampling)
Chain 3: Iteration:  810 / 2000 [ 40%]  (Warmup)
Chain 4: Iteration:  910 / 2000 [ 45%]  (Warmup)
Chain 2: Iteration: 1030 / 2000 [ 51%]  (Sampling)
Chain 1: Iteration:  790 / 2000 [ 39%]  (Warmup)
Chain 3: Iteration:  820 / 2000 [ 41%]  (Warmup)
Chain 4: Iteration:  920 / 2000 [ 46%]  (Warmup)
Chain 2: Iteration: 1040 / 2000 [ 52%]  (Sampling)
Chain 1: Iteration:  800 / 2000 [ 40%]  (Warmup)
Chain 3: Iteration:  830 / 2000 [ 41%]  (Warmup)
Chain 4: Iteration:  930 / 2000 [ 46%]  (Warmup)
Chain 2: Iteration: 1050 / 2000 [ 52%]  (Sampling)
Chain 1: Iteration:  810 / 2000 [ 40%]  (Warmup)
Chain 3: Iteration:  840 / 2000 [ 42%]  (Warmup)
Chain 4: Iteration:  940 / 2000 [ 47%]  (Warmup)
Chain 2: Iteration: 1060 / 2000 [ 53%]  (Sampling)
Chain 1: Iteration:  820 / 2000 [ 41%]  (Warmup)
Chain 3: Iteration:  850 / 2000 [ 42%]  (Warmup)
Chain 4: Iteration:  950 / 2000 [ 47%]  (Warmup)
Chain 4: Iteration:  960 / 2000 [ 48%]  (Warmup)
Chain 2: Iteration: 1070 / 2000 [ 53%]  (Sampling)
Chain 1: Iteration:  830 / 2000 [ 41%]  (Warmup)
Chain 3: Iteration:  860 / 2000 [ 43%]  (Warmup)
Chain 4: Iteration:  970 / 2000 [ 48%]  (Warmup)
Chain 2: Iteration: 1080 / 2000 [ 54%]  (Sampling)
Chain 1: Iteration:  840 / 2000 [ 42%]  (Warmup)
Chain 3: Iteration:  870 / 2000 [ 43%]  (Warmup)
Chain 4: Iteration:  980 / 2000 [ 49%]  (Warmup)
Chain 2: Iteration: 1090 / 2000 [ 54%]  (Sampling)
Chain 1: Iteration:  850 / 2000 [ 42%]  (Warmup)
Chain 3: Iteration:  880 / 2000 [ 44%]  (Warmup)
Chain 4: Iteration:  990 / 2000 [ 49%]  (Warmup)
Chain 2: Iteration: 1100 / 2000 [ 55%]  (Sampling)
Chain 1: Iteration:  860 / 2000 [ 43%]  (Warmup)
Chain 3: Iteration:  890 / 2000 [ 44%]  (Warmup)
Chain 4: Iteration: 1000 / 2000 [ 50%]  (Warmup)
Chain 4: Iteration: 1001 / 2000 [ 50%]  (Sampling)
Chain 2: Iteration: 1110 / 2000 [ 55%]  (Sampling)
Chain 1: Iteration:  870 / 2000 [ 43%]  (Warmup)
Chain 3: Iteration:  900 / 2000 [ 45%]  (Warmup)
Chain 4: Iteration: 1010 / 2000 [ 50%]  (Sampling)
Chain 2: Iteration: 1120 / 2000 [ 56%]  (Sampling)
Chain 1: Iteration:  880 / 2000 [ 44%]  (Warmup)
Chain 3: Iteration:  910 / 2000 [ 45%]  (Warmup)
Chain 4: Iteration: 1020 / 2000 [ 51%]  (Sampling)
Chain 2: Iteration: 1130 / 2000 [ 56%]  (Sampling)
Chain 1: Iteration:  890 / 2000 [ 44%]  (Warmup)
Chain 3: Iteration:  920 / 2000 [ 46%]  (Warmup)
Chain 4: Iteration: 1030 / 2000 [ 51%]  (Sampling)
Chain 2: Iteration: 1140 / 2000 [ 57%]  (Sampling)
Chain 1: Iteration:  900 / 2000 [ 45%]  (Warmup)
Chain 3: Iteration:  930 / 2000 [ 46%]  (Warmup)
Chain 4: Iteration: 1040 / 2000 [ 52%]  (Sampling)
Chain 2: Iteration: 1150 / 2000 [ 57%]  (Sampling)
Chain 1: Iteration:  910 / 2000 [ 45%]  (Warmup)
Chain 3: Iteration:  940 / 2000 [ 47%]  (Warmup)
Chain 4: Iteration: 1050 / 2000 [ 52%]  (Sampling)
Chain 2: Iteration: 1160 / 2000 [ 58%]  (Sampling)
Chain 1: Iteration:  920 / 2000 [ 46%]  (Warmup)
Chain 3: Iteration:  950 / 2000 [ 47%]  (Warmup)
Chain 4: Iteration: 1060 / 2000 [ 53%]  (Sampling)
Chain 2: Iteration: 1170 / 2000 [ 58%]  (Sampling)
Chain 1: Iteration:  930 / 2000 [ 46%]  (Warmup)
Chain 3: Iteration:  960 / 2000 [ 48%]  (Warmup)
Chain 4: Iteration: 1070 / 2000 [ 53%]  (Sampling)
Chain 2: Iteration: 1180 / 2000 [ 59%]  (Sampling)
Chain 1: Iteration:  940 / 2000 [ 47%]  (Warmup)
Chain 4: Iteration: 1080 / 2000 [ 54%]  (Sampling)
Chain 2: Iteration: 1190 / 2000 [ 59%]  (Sampling)
Chain 1: Iteration:  950 / 2000 [ 47%]  (Warmup)
Chain 4: Iteration: 1090 / 2000 [ 54%]  (Sampling)
Chain 3: Iteration:  970 / 2000 [ 48%]  (Warmup)
Chain 2: Iteration: 1200 / 2000 [ 60%]  (Sampling)
Chain 4: Iteration: 1100 / 2000 [ 55%]  (Sampling)
Chain 2: Iteration: 1210 / 2000 [ 60%]  (Sampling)
Chain 3: Iteration:  980 / 2000 [ 49%]  (Warmup)
Chain 4: Iteration: 1110 / 2000 [ 55%]  (Sampling)
Chain 1: Iteration:  960 / 2000 [ 48%]  (Warmup)
Chain 2: Iteration: 1220 / 2000 [ 61%]  (Sampling)
Chain 3: Iteration:  990 / 2000 [ 49%]  (Warmup)
Chain 4: Iteration: 1120 / 2000 [ 56%]  (Sampling)
Chain 2: Iteration: 1230 / 2000 [ 61%]  (Sampling)
Chain 3: Iteration: 1000 / 2000 [ 50%]  (Warmup)
Chain 4: Iteration: 1130 / 2000 [ 56%]  (Sampling)
Chain 3: Iteration: 1001 / 2000 [ 50%]  (Sampling)
Chain 2: Iteration: 1240 / 2000 [ 62%]  (Sampling)
Chain 3: Iteration: 1010 / 2000 [ 50%]  (Sampling)
Chain 4: Iteration: 1140 / 2000 [ 57%]  (Sampling)
Chain 2: Iteration: 1250 / 2000 [ 62%]  (Sampling)
Chain 3: Iteration: 1020 / 2000 [ 51%]  (Sampling)
Chain 4: Iteration: 1150 / 2000 [ 57%]  (Sampling)
Chain 2: Iteration: 1260 / 2000 [ 63%]  (Sampling)
Chain 1: Iteration:  970 / 2000 [ 48%]  (Warmup)
Chain 3: Iteration: 1030 / 2000 [ 51%]  (Sampling)
Chain 4: Iteration: 1160 / 2000 [ 58%]  (Sampling)
Chain 2: Iteration: 1270 / 2000 [ 63%]  (Sampling)
Chain 3: Iteration: 1040 / 2000 [ 52%]  (Sampling)
Chain 4: Iteration: 1170 / 2000 [ 58%]  (Sampling)
Chain 2: Iteration: 1280 / 2000 [ 64%]  (Sampling)
Chain 1: Iteration:  980 / 2000 [ 49%]  (Warmup)
Chain 3: Iteration: 1050 / 2000 [ 52%]  (Sampling)
Chain 4: Iteration: 1180 / 2000 [ 59%]  (Sampling)
Chain 2: Iteration: 1290 / 2000 [ 64%]  (Sampling)
Chain 3: Iteration: 1060 / 2000 [ 53%]  (Sampling)
Chain 4: Iteration: 1190 / 2000 [ 59%]  (Sampling)
Chain 1: Iteration:  990 / 2000 [ 49%]  (Warmup)
Chain 2: Iteration: 1300 / 2000 [ 65%]  (Sampling)
Chain 3: Iteration: 1070 / 2000 [ 53%]  (Sampling)
Chain 4: Iteration: 1200 / 2000 [ 60%]  (Sampling)
Chain 1: Iteration: 1000 / 2000 [ 50%]  (Warmup)
Chain 2: Iteration: 1310 / 2000 [ 65%]  (Sampling)
Chain 1: Iteration: 1001 / 2000 [ 50%]  (Sampling)
Chain 3: Iteration: 1080 / 2000 [ 54%]  (Sampling)
Chain 4: Iteration: 1210 / 2000 [ 60%]  (Sampling)
Chain 2: Iteration: 1320 / 2000 [ 66%]  (Sampling)
Chain 1: Iteration: 1010 / 2000 [ 50%]  (Sampling)
Chain 3: Iteration: 1090 / 2000 [ 54%]  (Sampling)
Chain 4: Iteration: 1220 / 2000 [ 61%]  (Sampling)
Chain 2: Iteration: 1330 / 2000 [ 66%]  (Sampling)
Chain 1: Iteration: 1020 / 2000 [ 51%]  (Sampling)
Chain 3: Iteration: 1100 / 2000 [ 55%]  (Sampling)
Chain 4: Iteration: 1230 / 2000 [ 61%]  (Sampling)
Chain 2: Iteration: 1340 / 2000 [ 67%]  (Sampling)
Chain 1: Iteration: 1030 / 2000 [ 51%]  (Sampling)
Chain 3: Iteration: 1110 / 2000 [ 55%]  (Sampling)
Chain 4: Iteration: 1240 / 2000 [ 62%]  (Sampling)
Chain 2: Iteration: 1350 / 2000 [ 67%]  (Sampling)
Chain 1: Iteration: 1040 / 2000 [ 52%]  (Sampling)
Chain 3: Iteration: 1120 / 2000 [ 56%]  (Sampling)
Chain 4: Iteration: 1250 / 2000 [ 62%]  (Sampling)
Chain 2: Iteration: 1360 / 2000 [ 68%]  (Sampling)
Chain 1: Iteration: 1050 / 2000 [ 52%]  (Sampling)
Chain 3: Iteration: 1130 / 2000 [ 56%]  (Sampling)
Chain 4: Iteration: 1260 / 2000 [ 63%]  (Sampling)
Chain 2: Iteration: 1370 / 2000 [ 68%]  (Sampling)
Chain 1: Iteration: 1060 / 2000 [ 53%]  (Sampling)
Chain 3: Iteration: 1140 / 2000 [ 57%]  (Sampling)
Chain 4: Iteration: 1270 / 2000 [ 63%]  (Sampling)
Chain 2: Iteration: 1380 / 2000 [ 69%]  (Sampling)
Chain 1: Iteration: 1070 / 2000 [ 53%]  (Sampling)
Chain 4: Iteration: 1280 / 2000 [ 64%]  (Sampling)
Chain 3: Iteration: 1150 / 2000 [ 57%]  (Sampling)
Chain 2: Iteration: 1390 / 2000 [ 69%]  (Sampling)
Chain 1: Iteration: 1080 / 2000 [ 54%]  (Sampling)
Chain 4: Iteration: 1290 / 2000 [ 64%]  (Sampling)
Chain 3: Iteration: 1160 / 2000 [ 58%]  (Sampling)
Chain 2: Iteration: 1400 / 2000 [ 70%]  (Sampling)
Chain 1: Iteration: 1090 / 2000 [ 54%]  (Sampling)
Chain 4: Iteration: 1300 / 2000 [ 65%]  (Sampling)
Chain 3: Iteration: 1170 / 2000 [ 58%]  (Sampling)
Chain 2: Iteration: 1410 / 2000 [ 70%]  (Sampling)
Chain 1: Iteration: 1100 / 2000 [ 55%]  (Sampling)
Chain 4: Iteration: 1310 / 2000 [ 65%]  (Sampling)
Chain 3: Iteration: 1180 / 2000 [ 59%]  (Sampling)
Chain 2: Iteration: 1420 / 2000 [ 71%]  (Sampling)
Chain 1: Iteration: 1110 / 2000 [ 55%]  (Sampling)
Chain 4: Iteration: 1320 / 2000 [ 66%]  (Sampling)
Chain 3: Iteration: 1190 / 2000 [ 59%]  (Sampling)
Chain 2: Iteration: 1430 / 2000 [ 71%]  (Sampling)
Chain 4: Iteration: 1330 / 2000 [ 66%]  (Sampling)
Chain 3: Iteration: 1200 / 2000 [ 60%]  (Sampling)
Chain 1: Iteration: 1120 / 2000 [ 56%]  (Sampling)
Chain 2: Iteration: 1440 / 2000 [ 72%]  (Sampling)
Chain 4: Iteration: 1340 / 2000 [ 67%]  (Sampling)
Chain 3: Iteration: 1210 / 2000 [ 60%]  (Sampling)
Chain 2: Iteration: 1450 / 2000 [ 72%]  (Sampling)
Chain 1: Iteration: 1130 / 2000 [ 56%]  (Sampling)
Chain 4: Iteration: 1350 / 2000 [ 67%]  (Sampling)
Chain 3: Iteration: 1220 / 2000 [ 61%]  (Sampling)
Chain 2: Iteration: 1460 / 2000 [ 73%]  (Sampling)
Chain 1: Iteration: 1140 / 2000 [ 57%]  (Sampling)
Chain 4: Iteration: 1360 / 2000 [ 68%]  (Sampling)
Chain 3: Iteration: 1230 / 2000 [ 61%]  (Sampling)
Chain 2: Iteration: 1470 / 2000 [ 73%]  (Sampling)
Chain 1: Iteration: 1150 / 2000 [ 57%]  (Sampling)
Chain 4: Iteration: 1370 / 2000 [ 68%]  (Sampling)
Chain 3: Iteration: 1240 / 2000 [ 62%]  (Sampling)
Chain 2: Iteration: 1480 / 2000 [ 74%]  (Sampling)
Chain 1: Iteration: 1160 / 2000 [ 58%]  (Sampling)
Chain 4: Iteration: 1380 / 2000 [ 69%]  (Sampling)
Chain 3: Iteration: 1250 / 2000 [ 62%]  (Sampling)
Chain 2: Iteration: 1490 / 2000 [ 74%]  (Sampling)
Chain 1: Iteration: 1170 / 2000 [ 58%]  (Sampling)
Chain 4: Iteration: 1390 / 2000 [ 69%]  (Sampling)
Chain 3: Iteration: 1260 / 2000 [ 63%]  (Sampling)
Chain 2: Iteration: 1500 / 2000 [ 75%]  (Sampling)
Chain 1: Iteration: 1180 / 2000 [ 59%]  (Sampling)
Chain 4: Iteration: 1400 / 2000 [ 70%]  (Sampling)
Chain 3: Iteration: 1270 / 2000 [ 63%]  (Sampling)
Chain 2: Iteration: 1510 / 2000 [ 75%]  (Sampling)
Chain 1: Iteration: 1190 / 2000 [ 59%]  (Sampling)
Chain 4: Iteration: 1410 / 2000 [ 70%]  (Sampling)
Chain 3: Iteration: 1280 / 2000 [ 64%]  (Sampling)
Chain 2: Iteration: 1520 / 2000 [ 76%]  (Sampling)
Chain 1: Iteration: 1200 / 2000 [ 60%]  (Sampling)
Chain 4: Iteration: 1420 / 2000 [ 71%]  (Sampling)
Chain 3: Iteration: 1290 / 2000 [ 64%]  (Sampling)
Chain 2: Iteration: 1530 / 2000 [ 76%]  (Sampling)
Chain 1: Iteration: 1210 / 2000 [ 60%]  (Sampling)
Chain 4: Iteration: 1430 / 2000 [ 71%]  (Sampling)
Chain 3: Iteration: 1300 / 2000 [ 65%]  (Sampling)
Chain 2: Iteration: 1540 / 2000 [ 77%]  (Sampling)
Chain 1: Iteration: 1220 / 2000 [ 61%]  (Sampling)
Chain 4: Iteration: 1440 / 2000 [ 72%]  (Sampling)
Chain 3: Iteration: 1310 / 2000 [ 65%]  (Sampling)
Chain 2: Iteration: 1550 / 2000 [ 77%]  (Sampling)
Chain 4: Iteration: 1450 / 2000 [ 72%]  (Sampling)
Chain 3: Iteration: 1320 / 2000 [ 66%]  (Sampling)
Chain 1: Iteration: 1230 / 2000 [ 61%]  (Sampling)
Chain 2: Iteration: 1560 / 2000 [ 78%]  (Sampling)
Chain 4: Iteration: 1460 / 2000 [ 73%]  (Sampling)
Chain 3: Iteration: 1330 / 2000 [ 66%]  (Sampling)
Chain 1: Iteration: 1240 / 2000 [ 62%]  (Sampling)
Chain 2: Iteration: 1570 / 2000 [ 78%]  (Sampling)
Chain 4: Iteration: 1470 / 2000 [ 73%]  (Sampling)
Chain 3: Iteration: 1340 / 2000 [ 67%]  (Sampling)
Chain 1: Iteration: 1250 / 2000 [ 62%]  (Sampling)
Chain 2: Iteration: 1580 / 2000 [ 79%]  (Sampling)
Chain 4: Iteration: 1480 / 2000 [ 74%]  (Sampling)
Chain 3: Iteration: 1350 / 2000 [ 67%]  (Sampling)
Chain 1: Iteration: 1260 / 2000 [ 63%]  (Sampling)
Chain 2: Iteration: 1590 / 2000 [ 79%]  (Sampling)
Chain 4: Iteration: 1490 / 2000 [ 74%]  (Sampling)
Chain 3: Iteration: 1360 / 2000 [ 68%]  (Sampling)
Chain 1: Iteration: 1270 / 2000 [ 63%]  (Sampling)
Chain 2: Iteration: 1600 / 2000 [ 80%]  (Sampling)
Chain 4: Iteration: 1500 / 2000 [ 75%]  (Sampling)
Chain 3: Iteration: 1370 / 2000 [ 68%]  (Sampling)
Chain 2: Iteration: 1610 / 2000 [ 80%]  (Sampling)
Chain 1: Iteration: 1280 / 2000 [ 64%]  (Sampling)
Chain 4: Iteration: 1510 / 2000 [ 75%]  (Sampling)
Chain 3: Iteration: 1380 / 2000 [ 69%]  (Sampling)
Chain 2: Iteration: 1620 / 2000 [ 81%]  (Sampling)
Chain 1: Iteration: 1290 / 2000 [ 64%]  (Sampling)
Chain 4: Iteration: 1520 / 2000 [ 76%]  (Sampling)
Chain 3: Iteration: 1390 / 2000 [ 69%]  (Sampling)
Chain 2: Iteration: 1630 / 2000 [ 81%]  (Sampling)
Chain 1: Iteration: 1300 / 2000 [ 65%]  (Sampling)
Chain 4: Iteration: 1530 / 2000 [ 76%]  (Sampling)
Chain 3: Iteration: 1400 / 2000 [ 70%]  (Sampling)
Chain 2: Iteration: 1640 / 2000 [ 82%]  (Sampling)
Chain 1: Iteration: 1310 / 2000 [ 65%]  (Sampling)
Chain 4: Iteration: 1540 / 2000 [ 77%]  (Sampling)
Chain 3: Iteration: 1410 / 2000 [ 70%]  (Sampling)
Chain 2: Iteration: 1650 / 2000 [ 82%]  (Sampling)
Chain 1: Iteration: 1320 / 2000 [ 66%]  (Sampling)
Chain 4: Iteration: 1550 / 2000 [ 77%]  (Sampling)
Chain 3: Iteration: 1420 / 2000 [ 71%]  (Sampling)
Chain 2: Iteration: 1660 / 2000 [ 83%]  (Sampling)
Chain 1: Iteration: 1330 / 2000 [ 66%]  (Sampling)
Chain 4: Iteration: 1560 / 2000 [ 78%]  (Sampling)
Chain 3: Iteration: 1430 / 2000 [ 71%]  (Sampling)
Chain 2: Iteration: 1670 / 2000 [ 83%]  (Sampling)
Chain 1: Iteration: 1340 / 2000 [ 67%]  (Sampling)
Chain 4: Iteration: 1570 / 2000 [ 78%]  (Sampling)
Chain 3: Iteration: 1440 / 2000 [ 72%]  (Sampling)
Chain 2: Iteration: 1680 / 2000 [ 84%]  (Sampling)
Chain 4: Iteration: 1580 / 2000 [ 79%]  (Sampling)
Chain 3: Iteration: 1450 / 2000 [ 72%]  (Sampling)
Chain 1: Iteration: 1350 / 2000 [ 67%]  (Sampling)
Chain 2: Iteration: 1690 / 2000 [ 84%]  (Sampling)
Chain 4: Iteration: 1590 / 2000 [ 79%]  (Sampling)
Chain 3: Iteration: 1460 / 2000 [ 73%]  (Sampling)
Chain 1: Iteration: 1360 / 2000 [ 68%]  (Sampling)
Chain 2: Iteration: 1700 / 2000 [ 85%]  (Sampling)
Chain 4: Iteration: 1600 / 2000 [ 80%]  (Sampling)
Chain 3: Iteration: 1470 / 2000 [ 73%]  (Sampling)
Chain 1: Iteration: 1370 / 2000 [ 68%]  (Sampling)
Chain 2: Iteration: 1710 / 2000 [ 85%]  (Sampling)
Chain 4: Iteration: 1610 / 2000 [ 80%]  (Sampling)
Chain 3: Iteration: 1480 / 2000 [ 74%]  (Sampling)
Chain 1: Iteration: 1380 / 2000 [ 69%]  (Sampling)
Chain 2: Iteration: 1720 / 2000 [ 86%]  (Sampling)
Chain 4: Iteration: 1620 / 2000 [ 81%]  (Sampling)
Chain 3: Iteration: 1490 / 2000 [ 74%]  (Sampling)
Chain 1: Iteration: 1390 / 2000 [ 69%]  (Sampling)
Chain 2: Iteration: 1730 / 2000 [ 86%]  (Sampling)
Chain 4: Iteration: 1630 / 2000 [ 81%]  (Sampling)
Chain 3: Iteration: 1500 / 2000 [ 75%]  (Sampling)
Chain 1: Iteration: 1400 / 2000 [ 70%]  (Sampling)
Chain 2: Iteration: 1740 / 2000 [ 87%]  (Sampling)
Chain 4: Iteration: 1640 / 2000 [ 82%]  (Sampling)
Chain 3: Iteration: 1510 / 2000 [ 75%]  (Sampling)
Chain 1: Iteration: 1410 / 2000 [ 70%]  (Sampling)
Chain 2: Iteration: 1750 / 2000 [ 87%]  (Sampling)
Chain 4: Iteration: 1650 / 2000 [ 82%]  (Sampling)
Chain 3: Iteration: 1520 / 2000 [ 76%]  (Sampling)
Chain 1: Iteration: 1420 / 2000 [ 71%]  (Sampling)
Chain 2: Iteration: 1760 / 2000 [ 88%]  (Sampling)
Chain 4: Iteration: 1660 / 2000 [ 83%]  (Sampling)
Chain 3: Iteration: 1530 / 2000 [ 76%]  (Sampling)
Chain 1: Iteration: 1430 / 2000 [ 71%]  (Sampling)
Chain 2: Iteration: 1770 / 2000 [ 88%]  (Sampling)
Chain 4: Iteration: 1670 / 2000 [ 83%]  (Sampling)
Chain 3: Iteration: 1540 / 2000 [ 77%]  (Sampling)
Chain 1: Iteration: 1440 / 2000 [ 72%]  (Sampling)
Chain 2: Iteration: 1780 / 2000 [ 89%]  (Sampling)
Chain 4: Iteration: 1680 / 2000 [ 84%]  (Sampling)
Chain 3: Iteration: 1550 / 2000 [ 77%]  (Sampling)
Chain 1: Iteration: 1450 / 2000 [ 72%]  (Sampling)
Chain 2: Iteration: 1790 / 2000 [ 89%]  (Sampling)
Chain 4: Iteration: 1690 / 2000 [ 84%]  (Sampling)
Chain 3: Iteration: 1560 / 2000 [ 78%]  (Sampling)
Chain 2: Iteration: 1800 / 2000 [ 90%]  (Sampling)
Chain 1: Iteration: 1460 / 2000 [ 73%]  (Sampling)
Chain 4: Iteration: 1700 / 2000 [ 85%]  (Sampling)
Chain 3: Iteration: 1570 / 2000 [ 78%]  (Sampling)
Chain 2: Iteration: 1810 / 2000 [ 90%]  (Sampling)
Chain 1: Iteration: 1470 / 2000 [ 73%]  (Sampling)
Chain 4: Iteration: 1710 / 2000 [ 85%]  (Sampling)
Chain 3: Iteration: 1580 / 2000 [ 79%]  (Sampling)
Chain 2: Iteration: 1820 / 2000 [ 91%]  (Sampling)
Chain 1: Iteration: 1480 / 2000 [ 74%]  (Sampling)
Chain 4: Iteration: 1720 / 2000 [ 86%]  (Sampling)
Chain 3: Iteration: 1590 / 2000 [ 79%]  (Sampling)
Chain 2: Iteration: 1830 / 2000 [ 91%]  (Sampling)
Chain 1: Iteration: 1490 / 2000 [ 74%]  (Sampling)
Chain 4: Iteration: 1730 / 2000 [ 86%]  (Sampling)
Chain 3: Iteration: 1600 / 2000 [ 80%]  (Sampling)
Chain 2: Iteration: 1840 / 2000 [ 92%]  (Sampling)
Chain 1: Iteration: 1500 / 2000 [ 75%]  (Sampling)
Chain 4: Iteration: 1740 / 2000 [ 87%]  (Sampling)
Chain 3: Iteration: 1610 / 2000 [ 80%]  (Sampling)
Chain 2: Iteration: 1850 / 2000 [ 92%]  (Sampling)
Chain 1: Iteration: 1510 / 2000 [ 75%]  (Sampling)
Chain 4: Iteration: 1750 / 2000 [ 87%]  (Sampling)
Chain 3: Iteration: 1620 / 2000 [ 81%]  (Sampling)
Chain 2: Iteration: 1860 / 2000 [ 93%]  (Sampling)
Chain 1: Iteration: 1520 / 2000 [ 76%]  (Sampling)
Chain 4: Iteration: 1760 / 2000 [ 88%]  (Sampling)
Chain 3: Iteration: 1630 / 2000 [ 81%]  (Sampling)
Chain 2: Iteration: 1870 / 2000 [ 93%]  (Sampling)
Chain 1: Iteration: 1530 / 2000 [ 76%]  (Sampling)
Chain 4: Iteration: 1770 / 2000 [ 88%]  (Sampling)
Chain 3: Iteration: 1640 / 2000 [ 82%]  (Sampling)
Chain 2: Iteration: 1880 / 2000 [ 94%]  (Sampling)
Chain 1: Iteration: 1540 / 2000 [ 77%]  (Sampling)
Chain 4: Iteration: 1780 / 2000 [ 89%]  (Sampling)
Chain 3: Iteration: 1650 / 2000 [ 82%]  (Sampling)
Chain 2: Iteration: 1890 / 2000 [ 94%]  (Sampling)
Chain 4: Iteration: 1790 / 2000 [ 89%]  (Sampling)
Chain 1: Iteration: 1550 / 2000 [ 77%]  (Sampling)
Chain 3: Iteration: 1660 / 2000 [ 83%]  (Sampling)
Chain 2: Iteration: 1900 / 2000 [ 95%]  (Sampling)
Chain 4: Iteration: 1800 / 2000 [ 90%]  (Sampling)
Chain 1: Iteration: 1560 / 2000 [ 78%]  (Sampling)
Chain 3: Iteration: 1670 / 2000 [ 83%]  (Sampling)
Chain 2: Iteration: 1910 / 2000 [ 95%]  (Sampling)
Chain 4: Iteration: 1810 / 2000 [ 90%]  (Sampling)
Chain 1: Iteration: 1570 / 2000 [ 78%]  (Sampling)
Chain 3: Iteration: 1680 / 2000 [ 84%]  (Sampling)
Chain 2: Iteration: 1920 / 2000 [ 96%]  (Sampling)
Chain 4: Iteration: 1820 / 2000 [ 91%]  (Sampling)
Chain 1: Iteration: 1580 / 2000 [ 79%]  (Sampling)
Chain 3: Iteration: 1690 / 2000 [ 84%]  (Sampling)
Chain 2: Iteration: 1930 / 2000 [ 96%]  (Sampling)
Chain 4: Iteration: 1830 / 2000 [ 91%]  (Sampling)
Chain 3: Iteration: 1700 / 2000 [ 85%]  (Sampling)
Chain 1: Iteration: 1590 / 2000 [ 79%]  (Sampling)
Chain 2: Iteration: 1940 / 2000 [ 97%]  (Sampling)
Chain 4: Iteration: 1840 / 2000 [ 92%]  (Sampling)
Chain 3: Iteration: 1710 / 2000 [ 85%]  (Sampling)
Chain 1: Iteration: 1600 / 2000 [ 80%]  (Sampling)
Chain 2: Iteration: 1950 / 2000 [ 97%]  (Sampling)
Chain 4: Iteration: 1850 / 2000 [ 92%]  (Sampling)
Chain 3: Iteration: 1720 / 2000 [ 86%]  (Sampling)
Chain 1: Iteration: 1610 / 2000 [ 80%]  (Sampling)
Chain 2: Iteration: 1960 / 2000 [ 98%]  (Sampling)
Chain 4: Iteration: 1860 / 2000 [ 93%]  (Sampling)
Chain 3: Iteration: 1730 / 2000 [ 86%]  (Sampling)
Chain 2: Iteration: 1970 / 2000 [ 98%]  (Sampling)
Chain 1: Iteration: 1620 / 2000 [ 81%]  (Sampling)
Chain 4: Iteration: 1870 / 2000 [ 93%]  (Sampling)
Chain 3: Iteration: 1740 / 2000 [ 87%]  (Sampling)
Chain 2: Iteration: 1980 / 2000 [ 99%]  (Sampling)
Chain 1: Iteration: 1630 / 2000 [ 81%]  (Sampling)
Chain 4: Iteration: 1880 / 2000 [ 94%]  (Sampling)
Chain 3: Iteration: 1750 / 2000 [ 87%]  (Sampling)
Chain 2: Iteration: 1990 / 2000 [ 99%]  (Sampling)
Chain 1: Iteration: 1640 / 2000 [ 82%]  (Sampling)
Chain 4: Iteration: 1890 / 2000 [ 94%]  (Sampling)
Chain 3: Iteration: 1760 / 2000 [ 88%]  (Sampling)
Chain 2: Iteration: 2000 / 2000 [100%]  (Sampling)
Chain 2: 
Chain 2:  Elapsed Time: 2153.74 seconds (Warm-up)
Chain 2:                1758.79 seconds (Sampling)
Chain 2:                3912.53 seconds (Total)
Chain 2: 
Chain 1: Iteration: 1650 / 2000 [ 82%]  (Sampling)
Chain 4: Iteration: 1900 / 2000 [ 95%]  (Sampling)
Chain 3: Iteration: 1770 / 2000 [ 88%]  (Sampling)
Chain 1: Iteration: 1660 / 2000 [ 83%]  (Sampling)
Chain 4: Iteration: 1910 / 2000 [ 95%]  (Sampling)
Chain 3: Iteration: 1780 / 2000 [ 89%]  (Sampling)
Chain 1: Iteration: 1670 / 2000 [ 83%]  (Sampling)
Chain 4: Iteration: 1920 / 2000 [ 96%]  (Sampling)
Chain 3: Iteration: 1790 / 2000 [ 89%]  (Sampling)
Chain 4: Iteration: 1930 / 2000 [ 96%]  (Sampling)
Chain 1: Iteration: 1680 / 2000 [ 84%]  (Sampling)
Chain 3: Iteration: 1800 / 2000 [ 90%]  (Sampling)
Chain 4: Iteration: 1940 / 2000 [ 97%]  (Sampling)
Chain 1: Iteration: 1690 / 2000 [ 84%]  (Sampling)
Chain 3: Iteration: 1810 / 2000 [ 90%]  (Sampling)
Chain 4: Iteration: 1950 / 2000 [ 97%]  (Sampling)
Chain 1: Iteration: 1700 / 2000 [ 85%]  (Sampling)
Chain 3: Iteration: 1820 / 2000 [ 91%]  (Sampling)
Chain 4: Iteration: 1960 / 2000 [ 98%]  (Sampling)
Chain 1: Iteration: 1710 / 2000 [ 85%]  (Sampling)
Chain 3: Iteration: 1830 / 2000 [ 91%]  (Sampling)
Chain 4: Iteration: 1970 / 2000 [ 98%]  (Sampling)
Chain 1: Iteration: 1720 / 2000 [ 86%]  (Sampling)
Chain 3: Iteration: 1840 / 2000 [ 92%]  (Sampling)
Chain 4: Iteration: 1980 / 2000 [ 99%]  (Sampling)
Chain 1: Iteration: 1730 / 2000 [ 86%]  (Sampling)
Chain 3: Iteration: 1850 / 2000 [ 92%]  (Sampling)
Chain 4: Iteration: 1990 / 2000 [ 99%]  (Sampling)
Chain 1: Iteration: 1740 / 2000 [ 87%]  (Sampling)
Chain 3: Iteration: 1860 / 2000 [ 93%]  (Sampling)
Chain 4: Iteration: 2000 / 2000 [100%]  (Sampling)
Chain 4: 
Chain 4:  Elapsed Time: 2356.61 seconds (Warm-up)
Chain 4:                1701.67 seconds (Sampling)
Chain 4:                4058.29 seconds (Total)
Chain 4: 
Chain 1: Iteration: 1750 / 2000 [ 87%]  (Sampling)
Chain 3: Iteration: 1870 / 2000 [ 93%]  (Sampling)
Chain 1: Iteration: 1760 / 2000 [ 88%]  (Sampling)
Chain 3: Iteration: 1880 / 2000 [ 94%]  (Sampling)
Chain 1: Iteration: 1770 / 2000 [ 88%]  (Sampling)
Chain 3: Iteration: 1890 / 2000 [ 94%]  (Sampling)
Chain 1: Iteration: 1780 / 2000 [ 89%]  (Sampling)
Chain 3: Iteration: 1900 / 2000 [ 95%]  (Sampling)
Chain 1: Iteration: 1790 / 2000 [ 89%]  (Sampling)
Chain 3: Iteration: 1910 / 2000 [ 95%]  (Sampling)
Chain 1: Iteration: 1800 / 2000 [ 90%]  (Sampling)
Chain 3: Iteration: 1920 / 2000 [ 96%]  (Sampling)
Chain 1: Iteration: 1810 / 2000 [ 90%]  (Sampling)
Chain 3: Iteration: 1930 / 2000 [ 96%]  (Sampling)
Chain 1: Iteration: 1820 / 2000 [ 91%]  (Sampling)
Chain 3: Iteration: 1940 / 2000 [ 97%]  (Sampling)
Chain 1: Iteration: 1830 / 2000 [ 91%]  (Sampling)
Chain 3: Iteration: 1950 / 2000 [ 97%]  (Sampling)
Chain 3: Iteration: 1960 / 2000 [ 98%]  (Sampling)
Chain 1: Iteration: 1840 / 2000 [ 92%]  (Sampling)
Chain 3: Iteration: 1970 / 2000 [ 98%]  (Sampling)
Chain 1: Iteration: 1850 / 2000 [ 92%]  (Sampling)
Chain 3: Iteration: 1980 / 2000 [ 99%]  (Sampling)
Chain 1: Iteration: 1860 / 2000 [ 93%]  (Sampling)
Chain 3: Iteration: 1990 / 2000 [ 99%]  (Sampling)
Chain 1: Iteration: 1870 / 2000 [ 93%]  (Sampling)
Chain 3: Iteration: 2000 / 2000 [100%]  (Sampling)
Chain 3: 
Chain 3:  Elapsed Time: 2632.21 seconds (Warm-up)
Chain 3:                1525.44 seconds (Sampling)
Chain 3:                4157.66 seconds (Total)
Chain 3: 
Chain 1: Iteration: 1880 / 2000 [ 94%]  (Sampling)
Chain 1: Iteration: 1890 / 2000 [ 94%]  (Sampling)
Chain 1: Iteration: 1900 / 2000 [ 95%]  (Sampling)
Chain 1: Iteration: 1910 / 2000 [ 95%]  (Sampling)
Chain 1: Iteration: 1920 / 2000 [ 96%]  (Sampling)
Chain 1: Iteration: 1930 / 2000 [ 96%]  (Sampling)
Chain 1: Iteration: 1940 / 2000 [ 97%]  (Sampling)
Chain 1: Iteration: 1950 / 2000 [ 97%]  (Sampling)
Chain 1: Iteration: 1960 / 2000 [ 98%]  (Sampling)
Chain 1: Iteration: 1970 / 2000 [ 98%]  (Sampling)
Chain 1: Iteration: 1980 / 2000 [ 99%]  (Sampling)
Chain 1: Iteration: 1990 / 2000 [ 99%]  (Sampling)
Chain 1: Iteration: 2000 / 2000 [100%]  (Sampling)
Chain 1: 
Chain 1:  Elapsed Time: 2766.63 seconds (Warm-up)
Chain 1:                1466.58 seconds (Sampling)
Chain 1:                4233.21 seconds (Total)
Chain 1: 
Wrote brms le1 direct-vs-inverse outputs to: output/koryak_brms_le1_direct_inverse_full
