Fitting direct_1_1_inanimate_vs_inverse_2_2_inanimate maximal agent looks
Compiling Stan program...
Start sampling

SAMPLING FOR MODEL 'anon_model' NOW (CHAIN 1).
Chain 1:
Chain 1: Gradient evaluation took 0.002264 seconds
Chain 1: 1000 transitions using 10 leapfrog steps per transition would take 22.64 seconds.
Chain 1: Adjust your expectations accordingly!
Chain 1:
Chain 1:

SAMPLING FOR MODEL 'anon_model' NOW (CHAIN 2).

SAMPLING FOR MODEL 'anon_model' NOW (CHAIN 3).
Chain 1: Iteration:    1 / 2000 [  0%]  (Warmup)
Chain 2:
Chain 2: Gradient evaluation took 0.002556 seconds
Chain 2: 1000 transitions using 10 leapfrog steps per transition would take 25.56 seconds.
Chain 2: Adjust your expectations accordingly!
Chain 2:
Chain 2:
Chain 3:
Chain 3: Gradient evaluation took 0.002737 seconds
Chain 3: 1000 transitions using 10 leapfrog steps per transition would take 27.37 seconds.
Chain 3: Adjust your expectations accordingly!
Chain 3:
Chain 3:

SAMPLING FOR MODEL 'anon_model' NOW (CHAIN 4).
Chain 4:
Chain 4: Gradient evaluation took 0.002826 seconds
Chain 4: 1000 transitions using 10 leapfrog steps per transition would take 28.26 seconds.
Chain 4: Adjust your expectations accordingly!
Chain 4:
Chain 4:
Chain 2: Iteration:    1 / 2000 [  0%]  (Warmup)
Chain 3: Iteration:    1 / 2000 [  0%]  (Warmup)
Chain 4: Iteration:    1 / 2000 [  0%]  (Warmup)
Chain 4: Iteration:  100 / 2000 [  5%]  (Warmup)
Chain 2: Iteration:  100 / 2000 [  5%]  (Warmup)
Chain 1: Iteration:  100 / 2000 [  5%]  (Warmup)
Chain 3: Iteration:  100 / 2000 [  5%]  (Warmup)
Chain 4: Iteration:  200 / 2000 [ 10%]  (Warmup)
Chain 4: Iteration:  300 / 2000 [ 15%]  (Warmup)
Chain 3: Iteration:  200 / 2000 [ 10%]  (Warmup)
Chain 2: Iteration:  200 / 2000 [ 10%]  (Warmup)
Chain 1: Iteration:  200 / 2000 [ 10%]  (Warmup)
Chain 4: Iteration:  400 / 2000 [ 20%]  (Warmup)
