Fitting inverse_2_2_animate_vs_inverse_2_1_animate maximal agent looks
Compiling Stan program...
Start sampling

SAMPLING FOR MODEL 'anon_model' NOW (CHAIN 1).
Chain 1:
Chain 1: Gradient evaluation took 0.002643 seconds
Chain 1: 1000 transitions using 10 leapfrog steps per transition would take 26.43 seconds.
Chain 1: Adjust your expectations accordingly!
Chain 1:
Chain 1:

SAMPLING FOR MODEL 'anon_model' NOW (CHAIN 2).

SAMPLING FOR MODEL 'anon_model' NOW (CHAIN 3).

SAMPLING FOR MODEL 'anon_model' NOW (CHAIN 4).
Chain 1: Iteration:    1 / 2000 [  0%]  (Warmup)
Chain 4:
Chain 4: Gradient evaluation took 0.003121 seconds
Chain 4: 1000 transitions using 10 leapfrog steps per transition would take 31.21 seconds.
Chain 4: Adjust your expectations accordingly!
Chain 4:
Chain 4:
Chain 3:
Chain 3: Gradient evaluation took 0.003263 seconds
Chain 3: 1000 transitions using 10 leapfrog steps per transition would take 32.63 seconds.
Chain 3: Adjust your expectations accordingly!
Chain 3:
Chain 3:
Chain 2:
Chain 2: Gradient evaluation took 0.003223 seconds
Chain 2: 1000 transitions using 10 leapfrog steps per transition would take 32.23 seconds.
Chain 2: Adjust your expectations accordingly!
Chain 2:
Chain 2:
Chain 3: Iteration:    1 / 2000 [  0%]  (Warmup)
Chain 2: Iteration:    1 / 2000 [  0%]  (Warmup)
Chain 4: Iteration:    1 / 2000 [  0%]  (Warmup)
Chain 4: Iteration:  100 / 2000 [  5%]  (Warmup)
Chain 3: Iteration:  100 / 2000 [  5%]  (Warmup)
Chain 1: Iteration:  100 / 2000 [  5%]  (Warmup)
Chain 4: Iteration:  200 / 2000 [ 10%]  (Warmup)
Chain 2: Iteration:  100 / 2000 [  5%]  (Warmup)
Chain 4: Iteration:  300 / 2000 [ 15%]  (Warmup)
Chain 2: Iteration:  200 / 2000 [ 10%]  (Warmup)
Chain 4: Iteration:  400 / 2000 [ 20%]  (Warmup)
Chain 1: Iteration:  200 / 2000 [ 10%]  (Warmup)
Chain 2: Iteration:  300 / 2000 [ 15%]  (Warmup)
Chain 4: Iteration:  500 / 2000 [ 25%]  (Warmup)
Chain 2: Iteration:  400 / 2000 [ 20%]  (Warmup)
Chain 1: Iteration:  300 / 2000 [ 15%]  (Warmup)
Chain 4: Iteration:  600 / 2000 [ 30%]  (Warmup)
Chain 2: Iteration:  500 / 2000 [ 25%]  (Warmup)
Chain 3: Iteration:  200 / 2000 [ 10%]  (Warmup)
Chain 1: Iteration:  400 / 2000 [ 20%]  (Warmup)
Chain 4: Iteration:  700 / 2000 [ 35%]  (Warmup)
Chain 2: Iteration:  600 / 2000 [ 30%]  (Warmup)
Chain 3: Iteration:  300 / 2000 [ 15%]  (Warmup)
Chain 4: Iteration:  800 / 2000 [ 40%]  (Warmup)
Chain 1: Iteration:  500 / 2000 [ 25%]  (Warmup)
Chain 2: Iteration:  700 / 2000 [ 35%]  (Warmup)
Chain 3: Iteration:  400 / 2000 [ 20%]  (Warmup)
Chain 1: Iteration:  600 / 2000 [ 30%]  (Warmup)
Chain 4: Iteration:  900 / 2000 [ 45%]  (Warmup)
Chain 2: Iteration:  800 / 2000 [ 40%]  (Warmup)
Chain 1: Iteration:  700 / 2000 [ 35%]  (Warmup)
Chain 3: Iteration:  500 / 2000 [ 25%]  (Warmup)
Chain 2: Iteration:  900 / 2000 [ 45%]  (Warmup)
Chain 4: Iteration: 1000 / 2000 [ 50%]  (Warmup)
Chain 4: Iteration: 1001 / 2000 [ 50%]  (Sampling)
Chain 3: Iteration:  600 / 2000 [ 30%]  (Warmup)
Chain 1: Iteration:  800 / 2000 [ 40%]  (Warmup)
Chain 2: Iteration: 1000 / 2000 [ 50%]  (Warmup)
Chain 2: Iteration: 1001 / 2000 [ 50%]  (Sampling)
Chain 4: Iteration: 1100 / 2000 [ 55%]  (Sampling)
Chain 3: Iteration:  700 / 2000 [ 35%]  (Warmup)
Chain 1: Iteration:  900 / 2000 [ 45%]  (Warmup)
Chain 2: Iteration: 1100 / 2000 [ 55%]  (Sampling)
Chain 4: Iteration: 1200 / 2000 [ 60%]  (Sampling)
Chain 3: Iteration:  800 / 2000 [ 40%]  (Warmup)
Chain 1: Iteration: 1000 / 2000 [ 50%]  (Warmup)
Chain 1: Iteration: 1001 / 2000 [ 50%]  (Sampling)
Chain 2: Iteration: 1200 / 2000 [ 60%]  (Sampling)
Chain 4: Iteration: 1300 / 2000 [ 65%]  (Sampling)
Chain 3: Iteration:  900 / 2000 [ 45%]  (Warmup)
Chain 1: Iteration: 1100 / 2000 [ 55%]  (Sampling)
Chain 2: Iteration: 1300 / 2000 [ 65%]  (Sampling)
Chain 4: Iteration: 1400 / 2000 [ 70%]  (Sampling)
Chain 3: Iteration: 1000 / 2000 [ 50%]  (Warmup)
Chain 3: Iteration: 1001 / 2000 [ 50%]  (Sampling)
Chain 1: Iteration: 1200 / 2000 [ 60%]  (Sampling)
Chain 2: Iteration: 1400 / 2000 [ 70%]  (Sampling)
Chain 4: Iteration: 1500 / 2000 [ 75%]  (Sampling)
Chain 3: Iteration: 1100 / 2000 [ 55%]  (Sampling)
Chain 1: Iteration: 1300 / 2000 [ 65%]  (Sampling)
Chain 2: Iteration: 1500 / 2000 [ 75%]  (Sampling)
Chain 4: Iteration: 1600 / 2000 [ 80%]  (Sampling)
Chain 3: Iteration: 1200 / 2000 [ 60%]  (Sampling)
Chain 1: Iteration: 1400 / 2000 [ 70%]  (Sampling)
Chain 2: Iteration: 1600 / 2000 [ 80%]  (Sampling)
Chain 4: Iteration: 1700 / 2000 [ 85%]  (Sampling)
Chain 3: Iteration: 1300 / 2000 [ 65%]  (Sampling)
Chain 1: Iteration: 1500 / 2000 [ 75%]  (Sampling)
Chain 2: Iteration: 1700 / 2000 [ 85%]  (Sampling)
Chain 4: Iteration: 1800 / 2000 [ 90%]  (Sampling)
Chain 3: Iteration: 1400 / 2000 [ 70%]  (Sampling)
Chain 1: Iteration: 1600 / 2000 [ 80%]  (Sampling)
Chain 2: Iteration: 1800 / 2000 [ 90%]  (Sampling)
Chain 4: Iteration: 1900 / 2000 [ 95%]  (Sampling)
Chain 3: Iteration: 1500 / 2000 [ 75%]  (Sampling)
Chain 1: Iteration: 1700 / 2000 [ 85%]  (Sampling)
Chain 2: Iteration: 1900 / 2000 [ 95%]  (Sampling)
Chain 4: Iteration: 2000 / 2000 [100%]  (Sampling)
Chain 4:
Chain 4:  Elapsed Time: 830.567 seconds (Warm-up)
Chain 4:                682.466 seconds (Sampling)
Chain 4:                1513.03 seconds (Total)
Chain 4:
Chain 3: Iteration: 1600 / 2000 [ 80%]  (Sampling)
Chain 1: Iteration: 1800 / 2000 [ 90%]  (Sampling)
Chain 2: Iteration: 2000 / 2000 [100%]  (Sampling)
Chain 2:
Chain 2:  Elapsed Time: 886.005 seconds (Warm-up)
Chain 2:                672.84 seconds (Sampling)
Chain 2:                1558.85 seconds (Total)
Chain 2:
Chain 3: Iteration: 1700 / 2000 [ 85%]  (Sampling)
Chain 1: Iteration: 1900 / 2000 [ 95%]  (Sampling)
Chain 3: Iteration: 1800 / 2000 [ 90%]  (Sampling)
Chain 1: Iteration: 2000 / 2000 [100%]  (Sampling)
Chain 1:
Chain 1:  Elapsed Time: 992.849 seconds (Warm-up)
Chain 1:                637.455 seconds (Sampling)
Chain 1:                1630.3 seconds (Total)
Chain 1:
Chain 3: Iteration: 1900 / 2000 [ 95%]  (Sampling)
Chain 3: Iteration: 2000 / 2000 [100%]  (Sampling)
Chain 3:
Chain 3:  Elapsed Time: 1124.62 seconds (Warm-up)
Chain 3:                575.343 seconds (Sampling)
Chain 3:                1699.96 seconds (Total)
Chain 3:
Warning messages:
1: The largest R-hat is 1.73, indicating chains have not mixed.
Running the chains for more iterations may help. See
https://mc-stan.org/misc/warnings.html#r-hat
2: Bulk Effective Samples Size (ESS) is too low, indicating posterior means and medians may be unreliable.
Running the chains for more iterations may help. See
https://mc-stan.org/misc/warnings.html#bulk-ess
3: Tail Effective Samples Size (ESS) is too low, indicating posterior variances and tail quantiles may be unreliable.
Running the chains for more iterations may help. See
https://mc-stan.org/misc/warnings.html#tail-ess
Fitting inverse_2_2_animate_vs_inverse_2_1_animate maximal patient looks
Compiling Stan program...
Start sampling

SAMPLING FOR MODEL 'anon_model' NOW (CHAIN 1).

SAMPLING FOR MODEL 'anon_model' NOW (CHAIN 2).

SAMPLING FOR MODEL 'anon_model' NOW (CHAIN 3).
Chain 1: Chain
2:
Chain Chain 21: : Gradient evaluation took 0.003012 secondsGradient evaluation took 0.003005 seconds

Chain Chain 21: : 1000 transitions using 10 leapfrog steps per transition would take 30.12 seconds.1000 transitions using 10 leapfrog steps per transition would take 30.05 seconds.

Chain Chain 21: : Adjust your expectations accordingly!Adjust your expectations accordingly!

Chain Chain 21: :

Chain Chain 21: :


SAMPLING FOR MODEL 'anon_model' NOW (CHAIN 4).
Chain 3:
Chain 3: Gradient evaluation took 0.003255 seconds
Chain 3: 1000 transitions using 10 leapfrog steps per transition would take 32.55 seconds.
Chain 3: Adjust your expectations accordingly!
Chain 3:
Chain 3:
Chain 4:
Chain 4: Gradient evaluation took 0.003597 seconds
Chain 4: 1000 transitions using 10 leapfrog steps per transition would take 35.97 seconds.
Chain 4: Adjust your expectations accordingly!
Chain 4:
Chain 4:
Chain 2: Iteration:    1 / 2000 [  0%]  (Warmup)
Chain 3: Iteration:    1 / 2000 [  0%]  (Warmup)
Chain 1: Iteration:    1 / 2000 [  0%]  (Warmup)
Chain 4: Iteration:    1 / 2000 [  0%]  (Warmup)
Chain 3: Iteration:  100 / 2000 [  5%]  (Warmup)
Chain 4: Iteration:  100 / 2000 [  5%]  (Warmup)
Chain 1: Iteration:  100 / 2000 [  5%]  (Warmup)
Chain 2: Iteration:  100 / 2000 [  5%]  (Warmup)
Chain 4: Iteration:  200 / 2000 [ 10%]  (Warmup)
Chain 3: Iteration:  200 / 2000 [ 10%]  (Warmup)
Chain 4: Iteration:  300 / 2000 [ 15%]  (Warmup)
Chain 2: Iteration:  200 / 2000 [ 10%]  (Warmup)
Chain 1: Iteration:  200 / 2000 [ 10%]  (Warmup)
Chain 4: Iteration:  400 / 2000 [ 20%]  (Warmup)
Chain 1: Iteration:  300 / 2000 [ 15%]  (Warmup)
Chain 3: Iteration:  300 / 2000 [ 15%]  (Warmup)
Chain 4: Iteration:  500 / 2000 [ 25%]  (Warmup)
Chain 1: Iteration:  400 / 2000 [ 20%]  (Warmup)
Chain 3: Iteration:  400 / 2000 [ 20%]  (Warmup)
Chain 2: Iteration:  300 / 2000 [ 15%]  (Warmup)
Chain 4: Iteration:  600 / 2000 [ 30%]  (Warmup)
Chain 1: Iteration:  500 / 2000 [ 25%]  (Warmup)
Chain 3: Iteration:  500 / 2000 [ 25%]  (Warmup)
Chain 2: Iteration:  400 / 2000 [ 20%]  (Warmup)
Chain 4: Iteration:  700 / 2000 [ 35%]  (Warmup)
Chain 1: Iteration:  600 / 2000 [ 30%]  (Warmup)
Chain 3: Iteration:  600 / 2000 [ 30%]  (Warmup)
Chain 4: Iteration:  800 / 2000 [ 40%]  (Warmup)
Chain 2: Iteration:  500 / 2000 [ 25%]  (Warmup)
Chain 1: Iteration:  700 / 2000 [ 35%]  (Warmup)
Chain 3: Iteration:  700 / 2000 [ 35%]  (Warmup)
Chain 4: Iteration:  900 / 2000 [ 45%]  (Warmup)
Chain 2: Iteration:  600 / 2000 [ 30%]  (Warmup)
Chain 1: Iteration:  800 / 2000 [ 40%]  (Warmup)
Chain 3: Iteration:  800 / 2000 [ 40%]  (Warmup)
Chain 2: Iteration:  700 / 2000 [ 35%]  (Warmup)
Chain 1: Iteration:  900 / 2000 [ 45%]  (Warmup)
Chain 4: Iteration: 1000 / 2000 [ 50%]  (Warmup)
Chain 4: Iteration: 1001 / 2000 [ 50%]  (Sampling)
Chain 3: Iteration:  900 / 2000 [ 45%]  (Warmup)
Chain 2: Iteration:  800 / 2000 [ 40%]  (Warmup)
Chain 4: Iteration: 1100 / 2000 [ 55%]  (Sampling)
Chain 3: Iteration: 1000 / 2000 [ 50%]  (Warmup)
Chain 3: Iteration: 1001 / 2000 [ 50%]  (Sampling)
Chain 1: Iteration: 1000 / 2000 [ 50%]  (Warmup)
Chain 1: Iteration: 1001 / 2000 [ 50%]  (Sampling)
Chain 2: Iteration:  900 / 2000 [ 45%]  (Warmup)
Chain 4: Iteration: 1200 / 2000 [ 60%]  (Sampling)
Chain 3: Iteration: 1100 / 2000 [ 55%]  (Sampling)
Chain 1: Iteration: 1100 / 2000 [ 55%]  (Sampling)
Chain 4: Iteration: 1300 / 2000 [ 65%]  (Sampling)
Chain 3: Iteration: 1200 / 2000 [ 60%]  (Sampling)
Chain 1: Iteration: 1200 / 2000 [ 60%]  (Sampling)
Chain 2: Iteration: 1000 / 2000 [ 50%]  (Warmup)
Chain 2: Iteration: 1001 / 2000 [ 50%]  (Sampling)
Chain 4: Iteration: 1400 / 2000 [ 70%]  (Sampling)
Chain 3: Iteration: 1300 / 2000 [ 65%]  (Sampling)
Chain 1: Iteration: 1300 / 2000 [ 65%]  (Sampling)
Chain 4: Iteration: 1500 / 2000 [ 75%]  (Sampling)
Chain 2: Iteration: 1100 / 2000 [ 55%]  (Sampling)
Chain 3: Iteration: 1400 / 2000 [ 70%]  (Sampling)
Chain 1: Iteration: 1400 / 2000 [ 70%]  (Sampling)
Chain 4: Iteration: 1600 / 2000 [ 80%]  (Sampling)
Chain 3: Iteration: 1500 / 2000 [ 75%]  (Sampling)
Chain 1: Iteration: 1500 / 2000 [ 75%]  (Sampling)
Chain 2: Iteration: 1200 / 2000 [ 60%]  (Sampling)
Chain 4: Iteration: 1700 / 2000 [ 85%]  (Sampling)
Chain 3: Iteration: 1600 / 2000 [ 80%]  (Sampling)
Chain 1: Iteration: 1600 / 2000 [ 80%]  (Sampling)
Chain 4: Iteration: 1800 / 2000 [ 90%]  (Sampling)
Chain 3: Iteration: 1700 / 2000 [ 85%]  (Sampling)
Chain 1: Iteration: 1700 / 2000 [ 85%]  (Sampling)
Chain 2: Iteration: 1300 / 2000 [ 65%]  (Sampling)
Chain 4: Iteration: 1900 / 2000 [ 95%]  (Sampling)
Chain 3: Iteration: 1800 / 2000 [ 90%]  (Sampling)
Chain 1: Iteration: 1800 / 2000 [ 90%]  (Sampling)
Chain 4: Iteration: 2000 / 2000 [100%]  (Sampling)
Chain 4:
Chain 4:  Elapsed Time: 906.24 seconds (Warm-up)
Chain 4:                682.15 seconds (Sampling)
Chain 4:                1588.39 seconds (Total)
Chain 4:
Chain 3: Iteration: 1900 / 2000 [ 95%]  (Sampling)
Chain 2: Iteration: 1400 / 2000 [ 70%]  (Sampling)
Chain 1: Iteration: 1900 / 2000 [ 95%]  (Sampling)
Chain 3: Iteration: 2000 / 2000 [100%]  (Sampling)
Chain 3:
Chain 3:  Elapsed Time: 1001.47 seconds (Warm-up)
Chain 3:                665.347 seconds (Sampling)
Chain 3:                1666.82 seconds (Total)
Chain 3:
Chain 1: Iteration: 2000 / 2000 [100%]  (Sampling)
Chain 1:
Chain 1:  Elapsed Time: 1002.47 seconds (Warm-up)
Chain 1:                669.042 seconds (Sampling)
Chain 1:                1671.51 seconds (Total)
Chain 1:
Chain 2: Iteration: 1500 / 2000 [ 75%]  (Sampling)
Chain 2: Iteration: 1600 / 2000 [ 80%]  (Sampling)
Chain 2: Iteration: 1700 / 2000 [ 85%]  (Sampling)
Chain 2: Iteration: 1800 / 2000 [ 90%]  (Sampling)
Chain 2: Iteration: 1900 / 2000 [ 95%]  (Sampling)
Chain 2: Iteration: 2000 / 2000 [100%]  (Sampling)
Chain 2:
Chain 2:  Elapsed Time: 1148.32 seconds (Warm-up)
Chain 2:                822.152 seconds (Sampling)
Chain 2:                1970.47 seconds (Total)
Chain 2:
Warning messages:
1: Bulk Effective Samples Size (ESS) is too low, indicating posterior means and medians may be unreliable.
Running the chains for more iterations may help. See
https://mc-stan.org/misc/warnings.html#bulk-ess
2: Tail Effective Samples Size (ESS) is too low, indicating posterior variances and tail quantiles may be unreliable.
Running the chains for more iterations may help. See
https://mc-stan.org/misc/warnings.html#tail-ess
Warning message:
Parts of the model have not converged (some Rhats are > 1.05). Be careful when analysing the results! We recommend running more iterations and/or setting stronger priors.
Warning message:
Parts of the model have not converged (some Rhats are > 1.05). Be careful when analysing the results! We recommend running more iterations and/or setting stronger priors.
Wrote maximal brms le1 inverse_2_2_animate_vs_inverse_2_1_animate outputs to: output/koryak_brms_fine_grained_pairwise_maximal/le1/inverse_2_2_animate_vs_inverse_2_1_animate
