Fitting direct_1_1_animate_vs_inverse_2_2_animate maximal agent looks
Compiling Stan program...
Start sampling

SAMPLING FOR MODEL 'anon_model' NOW (CHAIN 1).
Chain 1:
Chain 1: Gradient evaluation took 0.002445 seconds
Chain 1: 1000 transitions using 10 leapfrog steps per transition would take 24.45 seconds.
Chain 1: Adjust your expectations accordingly!
Chain 1:
Chain 1:

SAMPLING FOR MODEL 'anon_model' NOW (CHAIN 2).

SAMPLING FOR MODEL 'anon_model' NOW (CHAIN 3).

SAMPLING FOR MODEL 'anon_model' NOW (CHAIN 4).
Chain 2:
Chain 2: Gradient evaluation took 0.00287 seconds
Chain Chain 2: 1000 transitions using 10 leapfrog steps per transition would take 28.7 seconds.
Chain 2: Adjust your expectations accordingly!
Chain 2:
Chain 2:
3:
Chain 3: Gradient evaluation took 0.002824 seconds
Chain 3: 1000 transitions using 10 leapfrog steps per transition would take 28.24 seconds.
Chain 3: Adjust your expectations accordingly!
Chain 3:
Chain 3:
Chain 4:
Chain 4: Gradient evaluation took 0.003327 seconds
Chain 4: 1000 transitions using 10 leapfrog steps per transition would take 33.27 seconds.
Chain 4: Adjust your expectations accordingly!
Chain 4:
Chain 4:
Chain 1: Iteration:    1 / 2000 [  0%]  (Warmup)
Chain Chain 32: : Iteration:    1 / 2000 [  0%]  (Warmup)Iteration:    1 / 2000 [  0%]  (Warmup)

Chain 4: Iteration:    1 / 2000 [  0%]  (Warmup)
Chain 1: Iteration:  100 / 2000 [  5%]  (Warmup)
Chain 3: Iteration:  100 / 2000 [  5%]  (Warmup)
Chain 2: Iteration:  100 / 2000 [  5%]  (Warmup)
Chain 4: Iteration:  100 / 2000 [  5%]  (Warmup)
Chain 1: Iteration:  200 / 2000 [ 10%]  (Warmup)
Chain 4: Iteration:  200 / 2000 [ 10%]  (Warmup)
Chain 2: Iteration:  200 / 2000 [ 10%]  (Warmup)
Chain 1: Iteration:  300 / 2000 [ 15%]  (Warmup)
Chain 4: Iteration:  300 / 2000 [ 15%]  (Warmup)
Chain 2: Iteration:  300 / 2000 [ 15%]  (Warmup)
Chain 3: Iteration:  200 / 2000 [ 10%]  (Warmup)
Chain 4: Iteration:  400 / 2000 [ 20%]  (Warmup)
Chain 1: Iteration:  400 / 2000 [ 20%]  (Warmup)
Chain 2: Iteration:  400 / 2000 [ 20%]  (Warmup)
Chain 3: Iteration:  300 / 2000 [ 15%]  (Warmup)
Chain 4: Iteration:  500 / 2000 [ 25%]  (Warmup)
Chain 3: Iteration:  400 / 2000 [ 20%]  (Warmup)
Chain 2: Iteration:  500 / 2000 [ 25%]  (Warmup)
Chain 4: Iteration:  600 / 2000 [ 30%]  (Warmup)
Chain 1: Iteration:  500 / 2000 [ 25%]  (Warmup)
Chain 3: Iteration:  500 / 2000 [ 25%]  (Warmup)
Chain 2: Iteration:  600 / 2000 [ 30%]  (Warmup)
Chain 1: Iteration:  600 / 2000 [ 30%]  (Warmup)
Chain 4: Iteration:  700 / 2000 [ 35%]  (Warmup)
Chain 3: Iteration:  600 / 2000 [ 30%]  (Warmup)
Chain 2: Iteration:  700 / 2000 [ 35%]  (Warmup)
Chain 1: Iteration:  700 / 2000 [ 35%]  (Warmup)
Chain 4: Iteration:  800 / 2000 [ 40%]  (Warmup)
Chain 3: Iteration:  700 / 2000 [ 35%]  (Warmup)
Chain 2: Iteration:  800 / 2000 [ 40%]  (Warmup)
Chain 1: Iteration:  800 / 2000 [ 40%]  (Warmup)
Chain 4: Iteration:  900 / 2000 [ 45%]  (Warmup)
Chain 3: Iteration:  800 / 2000 [ 40%]  (Warmup)
Chain 2: Iteration:  900 / 2000 [ 45%]  (Warmup)
Chain 1: Iteration:  900 / 2000 [ 45%]  (Warmup)
Chain 4: Iteration: 1000 / 2000 [ 50%]  (Warmup)
Chain 4: Iteration: 1001 / 2000 [ 50%]  (Sampling)
Chain 3: Iteration:  900 / 2000 [ 45%]  (Warmup)
Chain 2: Iteration: 1000 / 2000 [ 50%]  (Warmup)
Chain 2: Iteration: 1001 / 2000 [ 50%]  (Sampling)
Chain 1: Iteration: 1000 / 2000 [ 50%]  (Warmup)
Chain 1: Iteration: 1001 / 2000 [ 50%]  (Sampling)
Chain 4: Iteration: 1100 / 2000 [ 55%]  (Sampling)
Chain 3: Iteration: 1000 / 2000 [ 50%]  (Warmup)
Chain 3: Iteration: 1001 / 2000 [ 50%]  (Sampling)
Chain 2: Iteration: 1100 / 2000 [ 55%]  (Sampling)
Chain 1: Iteration: 1100 / 2000 [ 55%]  (Sampling)
Chain 4: Iteration: 1200 / 2000 [ 60%]  (Sampling)
Chain 3: Iteration: 1100 / 2000 [ 55%]  (Sampling)
Chain 2: Iteration: 1200 / 2000 [ 60%]  (Sampling)
Chain 1: Iteration: 1200 / 2000 [ 60%]  (Sampling)
Chain 4: Iteration: 1300 / 2000 [ 65%]  (Sampling)
Chain 3: Iteration: 1200 / 2000 [ 60%]  (Sampling)
Chain 1: Iteration: 1300 / 2000 [ 65%]  (Sampling)
Chain 2: Iteration: 1300 / 2000 [ 65%]  (Sampling)
Chain 4: Iteration: 1400 / 2000 [ 70%]  (Sampling)
Chain 3: Iteration: 1300 / 2000 [ 65%]  (Sampling)
Chain 1: Iteration: 1400 / 2000 [ 70%]  (Sampling)
Chain 2: Iteration: 1400 / 2000 [ 70%]  (Sampling)
Chain 4: Iteration: 1500 / 2000 [ 75%]  (Sampling)
Chain 1: Iteration: 1500 / 2000 [ 75%]  (Sampling)
Chain 3: Iteration: 1400 / 2000 [ 70%]  (Sampling)
Chain 2: Iteration: 1500 / 2000 [ 75%]  (Sampling)
Chain 4: Iteration: 1600 / 2000 [ 80%]  (Sampling)
Chain 1: Iteration: 1600 / 2000 [ 80%]  (Sampling)
Chain 3: Iteration: 1500 / 2000 [ 75%]  (Sampling)
Chain 2: Iteration: 1600 / 2000 [ 80%]  (Sampling)
Chain 4: Iteration: 1700 / 2000 [ 85%]  (Sampling)
Chain 1: Iteration: 1700 / 2000 [ 85%]  (Sampling)
Chain 3: Iteration: 1600 / 2000 [ 80%]  (Sampling)
Chain 2: Iteration: 1700 / 2000 [ 85%]  (Sampling)
Chain 4: Iteration: 1800 / 2000 [ 90%]  (Sampling)
Chain 1: Iteration: 1800 / 2000 [ 90%]  (Sampling)
Chain 3: Iteration: 1700 / 2000 [ 85%]  (Sampling)
Chain 2: Iteration: 1800 / 2000 [ 90%]  (Sampling)
Chain 4: Iteration: 1900 / 2000 [ 95%]  (Sampling)
Chain 1: Iteration: 1900 / 2000 [ 95%]  (Sampling)
Chain 3: Iteration: 1800 / 2000 [ 90%]  (Sampling)
Chain 2: Iteration: 1900 / 2000 [ 95%]  (Sampling)
Chain 4: Iteration: 2000 / 2000 [100%]  (Sampling)
Chain 4:
Chain 4:  Elapsed Time: 984.019 seconds (Warm-up)
Chain 4:                686.637 seconds (Sampling)
Chain 4:                1670.66 seconds (Total)
Chain 4:
Chain 1: Iteration: 2000 / 2000 [100%]  (Sampling)
Chain 1:
Chain 1:  Elapsed Time: 1044.36 seconds (Warm-up)
Chain 1:                627.214 seconds (Sampling)
Chain 1:                1671.58 seconds (Total)
Chain 1:
Chain 3: Iteration: 1900 / 2000 [ 95%]  (Sampling)
Chain 2: Iteration: 2000 / 2000 [100%]  (Sampling)
Chain 2:
Chain 2:  Elapsed Time: 1024.51 seconds (Warm-up)
Chain 2:                672.808 seconds (Sampling)
Chain 2:                1697.32 seconds (Total)
Chain 2:
Chain 3: Iteration: 2000 / 2000 [100%]  (Sampling)
Chain 3:
Chain 3:  Elapsed Time: 1086.6 seconds (Warm-up)
Chain 3:                644.67 seconds (Sampling)
Chain 3:                1731.27 seconds (Total)
Chain 3:
Warning message:
Tail Effective Samples Size (ESS) is too low, indicating posterior variances and tail quantiles may be unreliable.
Running the chains for more iterations may help. See
https://mc-stan.org/misc/warnings.html#tail-ess
Fitting direct_1_1_animate_vs_inverse_2_2_animate maximal patient looks
Compiling Stan program...
recompiling to avoid crashing R session
Start sampling

SAMPLING FOR MODEL 'anon_model' NOW (CHAIN 1).

SAMPLING FOR MODEL 'anon_model' NOW (CHAIN 2).
Chain 1:
Chain 1: Gradient evaluation took 0.005405 seconds
Chain 1: 1000 transitions using 10 leapfrog steps per transition would take 54.05 seconds.
Chain 1: Adjust your expectations accordingly!
Chain 1:
Chain 1:

SAMPLING FOR MODEL 'anon_model' NOW (CHAIN 3).

SAMPLING FOR MODEL 'anon_model' NOW (CHAIN 4).
Chain 2:
Chain 2: Gradient evaluation took 0.007224 seconds
Chain 2: 1000 transitions using 10 leapfrog steps per transition would take 72.24 seconds.
Chain 2: Adjust your expectations accordingly!
Chain 2:
Chain 2:
Chain 3:
Chain 3: Gradient evaluation took 0.00553 seconds
Chain 3: 1000 transitions using 10 leapfrog steps per transition would take 55.3 seconds.
Chain 3: Adjust your expectations accordingly!
Chain 3:
Chain 3:
Chain 4:
Chain 4: Gradient evaluation took 0.0071 seconds
Chain 4: 1000 transitions using 10 leapfrog steps per transition would take 71 seconds.
Chain 4: Adjust your expectations accordingly!
Chain 4:
Chain 4:
Chain 1: Iteration:    1 / 2000 [  0%]  (Warmup)
Chain 2: Iteration:    1 / 2000 [  0%]  (Warmup)
Chain 3: Iteration:    1 / 2000 [  0%]  (Warmup)
Chain 4: Iteration:    1 / 2000 [  0%]  (Warmup)
Chain 2: Iteration:  100 / 2000 [  5%]  (Warmup)
Chain 4: Iteration:  100 / 2000 [  5%]  (Warmup)
Chain 3: Iteration:  100 / 2000 [  5%]  (Warmup)
Chain 1: Iteration:  100 / 2000 [  5%]  (Warmup)
Chain 2: Iteration:  200 / 2000 [ 10%]  (Warmup)
Chain 3: Iteration:  200 / 2000 [ 10%]  (Warmup)
Chain 1: Iteration:  200 / 2000 [ 10%]  (Warmup)
Chain 4: Iteration:  200 / 2000 [ 10%]  (Warmup)
Chain 2: Iteration:  300 / 2000 [ 15%]  (Warmup)
Chain 1: Iteration:  300 / 2000 [ 15%]  (Warmup)
Chain 4: Iteration:  300 / 2000 [ 15%]  (Warmup)
Chain 2: Iteration:  400 / 2000 [ 20%]  (Warmup)
Chain 1: Iteration:  400 / 2000 [ 20%]  (Warmup)
Chain 3: Iteration:  300 / 2000 [ 15%]  (Warmup)
Chain 4: Iteration:  400 / 2000 [ 20%]  (Warmup)
Chain 2: Iteration:  500 / 2000 [ 25%]  (Warmup)
Chain 3: Iteration:  400 / 2000 [ 20%]  (Warmup)
Chain 1: Iteration:  500 / 2000 [ 25%]  (Warmup)
Chain 4: Iteration:  500 / 2000 [ 25%]  (Warmup)
Chain 2: Iteration:  600 / 2000 [ 30%]  (Warmup)
Chain 1: Iteration:  600 / 2000 [ 30%]  (Warmup)
Chain 4: Iteration:  600 / 2000 [ 30%]  (Warmup)
Chain 2: Iteration:  700 / 2000 [ 35%]  (Warmup)
Chain 1: Iteration:  700 / 2000 [ 35%]  (Warmup)
Chain 4: Iteration:  700 / 2000 [ 35%]  (Warmup)
Chain 3: Iteration:  500 / 2000 [ 25%]  (Warmup)
Chain 2: Iteration:  800 / 2000 [ 40%]  (Warmup)
Chain 1: Iteration:  800 / 2000 [ 40%]  (Warmup)
Chain 4: Iteration:  800 / 2000 [ 40%]  (Warmup)
Chain 3: Iteration:  600 / 2000 [ 30%]  (Warmup)
Chain 2: Iteration:  900 / 2000 [ 45%]  (Warmup)
Chain 1: Iteration:  900 / 2000 [ 45%]  (Warmup)
Chain 4: Iteration:  900 / 2000 [ 45%]  (Warmup)
Chain 3: Iteration:  700 / 2000 [ 35%]  (Warmup)
Chain 1: Iteration: 1000 / 2000 [ 50%]  (Warmup)
Chain 1: Iteration: 1001 / 2000 [ 50%]  (Sampling)
Chain 3: Iteration:  800 / 2000 [ 40%]  (Warmup)
Chain 2: Iteration: 1000 / 2000 [ 50%]  (Warmup)
Chain 2: Iteration: 1001 / 2000 [ 50%]  (Sampling)
Chain 1: Iteration: 1100 / 2000 [ 55%]  (Sampling)
Chain 2: Iteration: 1100 / 2000 [ 55%]  (Sampling)
Chain 3: Iteration:  900 / 2000 [ 45%]  (Warmup)
Chain 4: Iteration: 1000 / 2000 [ 50%]  (Warmup)
Chain 4: Iteration: 1001 / 2000 [ 50%]  (Sampling)
Chain 1: Iteration: 1200 / 2000 [ 60%]  (Sampling)
Chain 3: Iteration: 1000 / 2000 [ 50%]  (Warmup)
Chain 3: Iteration: 1001 / 2000 [ 50%]  (Sampling)
Chain 2: Iteration: 1200 / 2000 [ 60%]  (Sampling)
Chain 1: Iteration: 1300 / 2000 [ 65%]  (Sampling)
Chain 3: Iteration: 1100 / 2000 [ 55%]  (Sampling)
Chain 2: Iteration: 1300 / 2000 [ 65%]  (Sampling)
Chain 4: Iteration: 1100 / 2000 [ 55%]  (Sampling)
Chain 1: Iteration: 1400 / 2000 [ 70%]  (Sampling)
Chain 3: Iteration: 1200 / 2000 [ 60%]  (Sampling)
Chain 2: Iteration: 1400 / 2000 [ 70%]  (Sampling)
Chain 1: Iteration: 1500 / 2000 [ 75%]  (Sampling)
Chain 3: Iteration: 1300 / 2000 [ 65%]  (Sampling)
Chain 4: Iteration: 1200 / 2000 [ 60%]  (Sampling)
Chain 2: Iteration: 1500 / 2000 [ 75%]  (Sampling)
Chain 1: Iteration: 1600 / 2000 [ 80%]  (Sampling)
Chain 3: Iteration: 1400 / 2000 [ 70%]  (Sampling)
Chain 2: Iteration: 1600 / 2000 [ 80%]  (Sampling)
Chain 1: Iteration: 1700 / 2000 [ 85%]  (Sampling)
Chain 3: Iteration: 1500 / 2000 [ 75%]  (Sampling)
Chain 4: Iteration: 1300 / 2000 [ 65%]  (Sampling)
Chain 1: Iteration: 1800 / 2000 [ 90%]  (Sampling)
Chain 2: Iteration: 1700 / 2000 [ 85%]  (Sampling)
Chain 3: Iteration: 1600 / 2000 [ 80%]  (Sampling)
Chain 1: Iteration: 1900 / 2000 [ 95%]  (Sampling)
Chain 2: Iteration: 1800 / 2000 [ 90%]  (Sampling)
Chain 3: Iteration: 1700 / 2000 [ 85%]  (Sampling)
Chain 4: Iteration: 1400 / 2000 [ 70%]  (Sampling)
Chain 1: Iteration: 2000 / 2000 [100%]  (Sampling)
Chain 1:
Chain 1:  Elapsed Time: 1126.99 seconds (Warm-up)
Chain 1:                663.108 seconds (Sampling)
Chain 1:                1790.1 seconds (Total)
Chain 1:
Chain 2: Iteration: 1900 / 2000 [ 95%]  (Sampling)
Chain 3: Iteration: 1800 / 2000 [ 90%]  (Sampling)
Chain 2: Iteration: 2000 / 2000 [100%]  (Sampling)
Chain 2:
Chain 2:  Elapsed Time: 1168.99 seconds (Warm-up)
Chain 2:                693.407 seconds (Sampling)
Chain 2:                1862.39 seconds (Total)
Chain 2:
Chain 3: Iteration: 1900 / 2000 [ 95%]  (Sampling)
Chain 4: Iteration: 1500 / 2000 [ 75%]  (Sampling)
Chain 3: Iteration: 2000 / 2000 [100%]  (Sampling)
Chain 3:
Chain 3:  Elapsed Time: 1306.86 seconds (Warm-up)
Chain 3:                614.266 seconds (Sampling)
Chain 3:                1921.12 seconds (Total)
Chain 3:
Chain 4: Iteration: 1600 / 2000 [ 80%]  (Sampling)
Chain 4: Iteration: 1700 / 2000 [ 85%]  (Sampling)
Chain 4: Iteration: 1800 / 2000 [ 90%]  (Sampling)
Chain 4: Iteration: 1900 / 2000 [ 95%]  (Sampling)
Chain 4: Iteration: 2000 / 2000 [100%]  (Sampling)
Chain 4:
Chain 4:  Elapsed Time: 1250.52 seconds (Warm-up)
Chain 4:                968.06 seconds (Sampling)
Chain 4:                2218.58 seconds (Total)
Chain 4:
Warning messages:
1: Bulk Effective Samples Size (ESS) is too low, indicating posterior means and medians may be unreliable.
Running the chains for more iterations may help. See
https://mc-stan.org/misc/warnings.html#bulk-ess
2: Tail Effective Samples Size (ESS) is too low, indicating posterior variances and tail quantiles may be unreliable.
Running the chains for more iterations may help. See
https://mc-stan.org/misc/warnings.html#tail-ess
Wrote maximal brms le3 direct_1_1_animate_vs_inverse_2_2_animate outputs to: output/koryak_brms_fine_grained_pairwise_maximal/le3/direct_1_1_animate_vs_inverse_2_2_animate
