Fitting direct_1_1_animate_vs_direct_1_2_animate maximal agent looks
Compiling Stan program...
Start sampling

SAMPLING FOR MODEL 'anon_model' NOW (CHAIN 1).

SAMPLING FOR MODEL 'anon_model' NOW (CHAIN 2).

SAMPLING FOR MODEL 'anon_model' NOW (CHAIN 3).

SAMPLING FOR MODEL 'anon_model' NOW (CHAIN 4).
Chain 1:
Chain 1: Gradient evaluation took 0.007445 seconds
Chain 1: 1000 transitions using 10 leapfrog steps per transition would take 74.45 seconds.
Chain 1: Adjust your expectations accordingly!
Chain 1:
Chain 1:
Chain 3:
Chain 3: Gradient evaluation took 0.002991 seconds
Chain 3: 1000 transitions using 10 leapfrog steps per transition would take 29.91 seconds.
Chain 3: Adjust your expectations accordingly!
Chain 3:
Chain 3:
Chain 2:
Chain 2: Gradient evaluation took 0.007724 seconds
Chain 2: 1000 transitions using 10 leapfrog steps per transition would take 77.24 seconds.
Chain 2: Adjust your expectations accordingly!
Chain 2:
Chain 2:
Chain 4:
Chain 4: Gradient evaluation took 0.003748 seconds
Chain 4: 1000 transitions using 10 leapfrog steps per transition would take 37.48 seconds.
Chain 4: Adjust your expectations accordingly!
Chain 4:
Chain 4:
Chain 1: Iteration:    1 / 2000 [  0%]  (Warmup)
Chain 3: Iteration:    1 / 2000 [  0%]  (Warmup)
Chain 2: Iteration:    1 / 2000 [  0%]  (Warmup)
Chain 4: Iteration:    1 / 2000 [  0%]  (Warmup)
Chain 2: Iteration:  100 / 2000 [  5%]  (Warmup)
Chain 3: Iteration:  100 / 2000 [  5%]  (Warmup)
Chain 1: Iteration:  100 / 2000 [  5%]  (Warmup)
Chain 4: Iteration:  100 / 2000 [  5%]  (Warmup)
Chain 2: Iteration:  200 / 2000 [ 10%]  (Warmup)
Chain 3: Iteration:  200 / 2000 [ 10%]  (Warmup)
Chain 2: Iteration:  300 / 2000 [ 15%]  (Warmup)
Chain 4: Iteration:  200 / 2000 [ 10%]  (Warmup)
Chain 1: Iteration:  200 / 2000 [ 10%]  (Warmup)
Chain 2: Iteration:  400 / 2000 [ 20%]  (Warmup)
Chain 3: Iteration:  300 / 2000 [ 15%]  (Warmup)
Chain 4: Iteration:  300 / 2000 [ 15%]  (Warmup)
Chain 1: Iteration:  300 / 2000 [ 15%]  (Warmup)
Chain 3: Iteration:  400 / 2000 [ 20%]  (Warmup)
Chain 4: Iteration:  400 / 2000 [ 20%]  (Warmup)
Chain 1: Iteration:  400 / 2000 [ 20%]  (Warmup)
Chain 2: Iteration:  500 / 2000 [ 25%]  (Warmup)
Chain 3: Iteration:  500 / 2000 [ 25%]  (Warmup)
Chain 4: Iteration:  500 / 2000 [ 25%]  (Warmup)
Chain 3: Iteration:  600 / 2000 [ 30%]  (Warmup)
Chain 1: Iteration:  500 / 2000 [ 25%]  (Warmup)
Chain 2: Iteration:  600 / 2000 [ 30%]  (Warmup)
Chain 3: Iteration:  700 / 2000 [ 35%]  (Warmup)
Chain 4: Iteration:  600 / 2000 [ 30%]  (Warmup)
Chain 1: Iteration:  600 / 2000 [ 30%]  (Warmup)
Chain 2: Iteration:  700 / 2000 [ 35%]  (Warmup)
Chain 4: Iteration:  700 / 2000 [ 35%]  (Warmup)
Chain 3: Iteration:  800 / 2000 [ 40%]  (Warmup)
Chain 1: Iteration:  700 / 2000 [ 35%]  (Warmup)
Chain 2: Iteration:  800 / 2000 [ 40%]  (Warmup)
Chain 4: Iteration:  800 / 2000 [ 40%]  (Warmup)
Chain 3: Iteration:  900 / 2000 [ 45%]  (Warmup)
Chain 1: Iteration:  800 / 2000 [ 40%]  (Warmup)
Chain 2: Iteration:  900 / 2000 [ 45%]  (Warmup)
Chain 4: Iteration:  900 / 2000 [ 45%]  (Warmup)
Chain 3: Iteration: 1000 / 2000 [ 50%]  (Warmup)
Chain 3: Iteration: 1001 / 2000 [ 50%]  (Sampling)
Chain 1: Iteration:  900 / 2000 [ 45%]  (Warmup)
Chain 2: Iteration: 1000 / 2000 [ 50%]  (Warmup)
Chain 2: Iteration: 1001 / 2000 [ 50%]  (Sampling)
Chain 4: Iteration: 1000 / 2000 [ 50%]  (Warmup)
Chain 4: Iteration: 1001 / 2000 [ 50%]  (Sampling)
Chain 3: Iteration: 1100 / 2000 [ 55%]  (Sampling)
Chain 2: Iteration: 1100 / 2000 [ 55%]  (Sampling)
Chain 4: Iteration: 1100 / 2000 [ 55%]  (Sampling)
Chain 1: Iteration: 1000 / 2000 [ 50%]  (Warmup)
Chain 1: Iteration: 1001 / 2000 [ 50%]  (Sampling)
Chain 3: Iteration: 1200 / 2000 [ 60%]  (Sampling)
Chain 2: Iteration: 1200 / 2000 [ 60%]  (Sampling)
Chain 4: Iteration: 1200 / 2000 [ 60%]  (Sampling)
Chain 1: Iteration: 1100 / 2000 [ 55%]  (Sampling)
Chain 3: Iteration: 1300 / 2000 [ 65%]  (Sampling)
Chain 2: Iteration: 1300 / 2000 [ 65%]  (Sampling)
Chain 4: Iteration: 1300 / 2000 [ 65%]  (Sampling)
Chain 1: Iteration: 1200 / 2000 [ 60%]  (Sampling)
Chain 3: Iteration: 1400 / 2000 [ 70%]  (Sampling)
Chain 2: Iteration: 1400 / 2000 [ 70%]  (Sampling)
Chain 4: Iteration: 1400 / 2000 [ 70%]  (Sampling)
Chain 1: Iteration: 1300 / 2000 [ 65%]  (Sampling)
Chain 3: Iteration: 1500 / 2000 [ 75%]  (Sampling)
Chain 2: Iteration: 1500 / 2000 [ 75%]  (Sampling)
Chain 4: Iteration: 1500 / 2000 [ 75%]  (Sampling)
Chain 1: Iteration: 1400 / 2000 [ 70%]  (Sampling)
Chain 3: Iteration: 1600 / 2000 [ 80%]  (Sampling)
Chain 2: Iteration: 1600 / 2000 [ 80%]  (Sampling)
Chain 4: Iteration: 1600 / 2000 [ 80%]  (Sampling)
Chain 1: Iteration: 1500 / 2000 [ 75%]  (Sampling)
Chain 3: Iteration: 1700 / 2000 [ 85%]  (Sampling)
Chain 2: Iteration: 1700 / 2000 [ 85%]  (Sampling)
Chain 4: Iteration: 1700 / 2000 [ 85%]  (Sampling)
Chain 1: Iteration: 1600 / 2000 [ 80%]  (Sampling)
Chain 3: Iteration: 1800 / 2000 [ 90%]  (Sampling)
Chain 2: Iteration: 1800 / 2000 [ 90%]  (Sampling)
Chain 4: Iteration: 1800 / 2000 [ 90%]  (Sampling)
Chain 1: Iteration: 1700 / 2000 [ 85%]  (Sampling)
Chain 3: Iteration: 1900 / 2000 [ 95%]  (Sampling)
Chain 2: Iteration: 1900 / 2000 [ 95%]  (Sampling)
Chain 4: Iteration: 1900 / 2000 [ 95%]  (Sampling)
Chain 1: Iteration: 1800 / 2000 [ 90%]  (Sampling)
Chain 3: Iteration: 2000 / 2000 [100%]  (Sampling)
Chain 3:
Chain 3:  Elapsed Time: 1115.67 seconds (Warm-up)
Chain 3:                702.96 seconds (Sampling)
Chain 3:                1818.63 seconds (Total)
Chain 3:
Chain 2: Iteration: 2000 / 2000 [100%]  (Sampling)
Chain 2:
Chain 2:  Elapsed Time: 1142.79 seconds (Warm-up)
Chain 2:                697.17 seconds (Sampling)
Chain 2:                1839.96 seconds (Total)
Chain 2:
Chain 4: Iteration: 2000 / 2000 [100%]  (Sampling)
Chain 1: Iteration: 1900 / 2000 [ 95%]  (Sampling)
Chain 4:
Chain 4:  Elapsed Time: 1156.74 seconds (Warm-up)
Chain 4:                694.055 seconds (Sampling)
Chain 4:                1850.8 seconds (Total)
Chain 4:
Chain 1: Iteration: 2000 / 2000 [100%]  (Sampling)
Chain 1:
Chain 1:  Elapsed Time: 1227.04 seconds (Warm-up)
Chain 1:                661.182 seconds (Sampling)
Chain 1:                1888.22 seconds (Total)
Chain 1:
Warning messages:
1: The largest R-hat is 1.25, indicating chains have not mixed.
Running the chains for more iterations may help. See
https://mc-stan.org/misc/warnings.html#r-hat
2: Bulk Effective Samples Size (ESS) is too low, indicating posterior means and medians may be unreliable.
Running the chains for more iterations may help. See
https://mc-stan.org/misc/warnings.html#bulk-ess
3: Tail Effective Samples Size (ESS) is too low, indicating posterior variances and tail quantiles may be unreliable.
Running the chains for more iterations may help. See
https://mc-stan.org/misc/warnings.html#tail-ess
Fitting direct_1_1_animate_vs_direct_1_2_animate maximal patient looks
Compiling Stan program...
Start sampling

SAMPLING FOR MODEL 'anon_model' NOW (CHAIN 1).

SAMPLING FOR MODEL 'anon_model' NOW (CHAIN 2).
Chain 1:
Chain 1: Gradient evaluation took 0.002856 seconds
Chain 1: 1000 transitions using 10 leapfrog steps per transition would take 28.56 seconds.
Chain 1: Adjust your expectations accordingly!
Chain 1:
Chain 1:

SAMPLING FOR MODEL 'anon_model' NOW (CHAIN 3).
Chain 2:
Chain 2: Gradient evaluation took 0.002943 seconds
Chain 2: 1000 transitions using 10 leapfrog steps per transition would take 29.43 seconds.
Chain 2: Adjust your expectations accordingly!
Chain 2:
Chain 2:

SAMPLING FOR MODEL 'anon_model' NOW (CHAIN 4).
Chain 3:
Chain 3: Gradient evaluation took 0.003344 seconds
Chain 3: 1000 transitions using 10 leapfrog steps per transition would take 33.44 seconds.
Chain 3: Adjust your expectations accordingly!
Chain 3:
Chain 3:
Chain 4:
Chain 4: Gradient evaluation took 0.003705 seconds
Chain 4: 1000 transitions using 10 leapfrog steps per transition would take 37.05 seconds.
Chain 4: Adjust your expectations accordingly!
Chain 4:
Chain 4:
Chain 1: Iteration:    1 / 2000 [  0%]  (Warmup)
Chain 2: Iteration:    1 / 2000 [  0%]  (Warmup)
Chain 3: Iteration:    1 / 2000 [  0%]  (Warmup)
Chain 4: Iteration:    1 / 2000 [  0%]  (Warmup)
Chain 4: Iteration:  100 / 2000 [  5%]  (Warmup)
Chain 2: Iteration:  100 / 2000 [  5%]  (Warmup)
Chain 3: Iteration:  100 / 2000 [  5%]  (Warmup)
Chain 1: Iteration:  100 / 2000 [  5%]  (Warmup)
Chain 1: Iteration:  200 / 2000 [ 10%]  (Warmup)
Chain 4: Iteration:  200 / 2000 [ 10%]  (Warmup)
Chain 3: Iteration:  200 / 2000 [ 10%]  (Warmup)
Chain 1: Iteration:  300 / 2000 [ 15%]  (Warmup)
Chain 4: Iteration:  300 / 2000 [ 15%]  (Warmup)
Chain 1: Iteration:  400 / 2000 [ 20%]  (Warmup)
Chain 2: Iteration:  200 / 2000 [ 10%]  (Warmup)
Chain 3: Iteration:  300 / 2000 [ 15%]  (Warmup)
Chain 4: Iteration:  400 / 2000 [ 20%]  (Warmup)
Chain 1: Iteration:  500 / 2000 [ 25%]  (Warmup)
Chain 3: Iteration:  400 / 2000 [ 20%]  (Warmup)
Chain 2: Iteration:  300 / 2000 [ 15%]  (Warmup)
Chain 1: Iteration:  600 / 2000 [ 30%]  (Warmup)
Chain 2: Iteration:  400 / 2000 [ 20%]  (Warmup)
Chain 3: Iteration:  500 / 2000 [ 25%]  (Warmup)
Chain 4: Iteration:  500 / 2000 [ 25%]  (Warmup)
Chain 1: Iteration:  700 / 2000 [ 35%]  (Warmup)
Chain 3: Iteration:  600 / 2000 [ 30%]  (Warmup)
Chain 4: Iteration:  600 / 2000 [ 30%]  (Warmup)
Chain 2: Iteration:  500 / 2000 [ 25%]  (Warmup)
Chain 1: Iteration:  800 / 2000 [ 40%]  (Warmup)
Chain 3: Iteration:  700 / 2000 [ 35%]  (Warmup)
Chain 4: Iteration:  700 / 2000 [ 35%]  (Warmup)
Chain 2: Iteration:  600 / 2000 [ 30%]  (Warmup)
Chain 1: Iteration:  900 / 2000 [ 45%]  (Warmup)
Chain 3: Iteration:  800 / 2000 [ 40%]  (Warmup)
Chain 2: Iteration:  700 / 2000 [ 35%]  (Warmup)
Chain 4: Iteration:  800 / 2000 [ 40%]  (Warmup)
Chain 3: Iteration:  900 / 2000 [ 45%]  (Warmup)
Chain 2: Iteration:  800 / 2000 [ 40%]  (Warmup)
Chain 4: Iteration:  900 / 2000 [ 45%]  (Warmup)
Chain 2: Iteration:  900 / 2000 [ 45%]  (Warmup)
Chain 1: Iteration: 1000 / 2000 [ 50%]  (Warmup)
Chain 1: Iteration: 1001 / 2000 [ 50%]  (Sampling)
Chain 4: Iteration: 1000 / 2000 [ 50%]  (Warmup)
Chain 4: Iteration: 1001 / 2000 [ 50%]  (Sampling)
Chain 3: Iteration: 1000 / 2000 [ 50%]  (Warmup)
Chain 3: Iteration: 1001 / 2000 [ 50%]  (Sampling)
Chain 4: Iteration: 1100 / 2000 [ 55%]  (Sampling)
Chain 2: Iteration: 1000 / 2000 [ 50%]  (Warmup)
Chain 2: Iteration: 1001 / 2000 [ 50%]  (Sampling)
Chain 3: Iteration: 1100 / 2000 [ 55%]  (Sampling)
Chain 1: Iteration: 1100 / 2000 [ 55%]  (Sampling)
Chain 4: Iteration: 1200 / 2000 [ 60%]  (Sampling)
Chain 2: Iteration: 1100 / 2000 [ 55%]  (Sampling)
Chain 3: Iteration: 1200 / 2000 [ 60%]  (Sampling)
Chain 4: Iteration: 1300 / 2000 [ 65%]  (Sampling)
Chain 2: Iteration: 1200 / 2000 [ 60%]  (Sampling)
Chain 3: Iteration: 1300 / 2000 [ 65%]  (Sampling)
Chain 1: Iteration: 1200 / 2000 [ 60%]  (Sampling)
Chain 4: Iteration: 1400 / 2000 [ 70%]  (Sampling)
Chain 2: Iteration: 1300 / 2000 [ 65%]  (Sampling)
Chain 3: Iteration: 1400 / 2000 [ 70%]  (Sampling)
Chain 4: Iteration: 1500 / 2000 [ 75%]  (Sampling)
Chain 2: Iteration: 1400 / 2000 [ 70%]  (Sampling)
Chain 3: Iteration: 1500 / 2000 [ 75%]  (Sampling)
Chain 1: Iteration: 1300 / 2000 [ 65%]  (Sampling)
Chain 4: Iteration: 1600 / 2000 [ 80%]  (Sampling)
Chain 2: Iteration: 1500 / 2000 [ 75%]  (Sampling)
Chain 3: Iteration: 1600 / 2000 [ 80%]  (Sampling)
Chain 4: Iteration: 1700 / 2000 [ 85%]  (Sampling)
Chain 2: Iteration: 1600 / 2000 [ 80%]  (Sampling)
Chain 3: Iteration: 1700 / 2000 [ 85%]  (Sampling)
Chain 1: Iteration: 1400 / 2000 [ 70%]  (Sampling)
Chain 4: Iteration: 1800 / 2000 [ 90%]  (Sampling)
Chain 2: Iteration: 1700 / 2000 [ 85%]  (Sampling)
Chain 3: Iteration: 1800 / 2000 [ 90%]  (Sampling)
Chain 4: Iteration: 1900 / 2000 [ 95%]  (Sampling)
Chain 2: Iteration: 1800 / 2000 [ 90%]  (Sampling)
Chain 3: Iteration: 1900 / 2000 [ 95%]  (Sampling)
Chain 1: Iteration: 1500 / 2000 [ 75%]  (Sampling)
Chain 4: Iteration: 2000 / 2000 [100%]  (Sampling)
Chain 4:
Chain 4:  Elapsed Time: 1010.99 seconds (Warm-up)
Chain 4:                709.446 seconds (Sampling)
Chain 4:                1720.44 seconds (Total)
Chain 4:
Chain 2: Iteration: 1900 / 2000 [ 95%]  (Sampling)
Chain 3: Iteration: 2000 / 2000 [100%]  (Sampling)
Chain 3:
Chain 3:  Elapsed Time: 1034.13 seconds (Warm-up)
Chain 3:                705.644 seconds (Sampling)
Chain 3:                1739.78 seconds (Total)
Chain 3:
Chain 2: Iteration: 2000 / 2000 [100%]  (Sampling)
Chain 2:
Chain 2:  Elapsed Time: 1094.33 seconds (Warm-up)
Chain 2:                685.995 seconds (Sampling)
Chain 2:                1780.32 seconds (Total)
Chain 2:
Chain 1: Iteration: 1600 / 2000 [ 80%]  (Sampling)
Chain 1: Iteration: 1700 / 2000 [ 85%]  (Sampling)
Chain 1: Iteration: 1800 / 2000 [ 90%]  (Sampling)
Chain 1: Iteration: 1900 / 2000 [ 95%]  (Sampling)
Chain 1: Iteration: 2000 / 2000 [100%]  (Sampling)
Chain 1:
Chain 1:  Elapsed Time: 991.322 seconds (Warm-up)
Chain 1:                1101.52 seconds (Sampling)
Chain 1:                2092.84 seconds (Total)
Chain 1:
Warning messages:
1: Bulk Effective Samples Size (ESS) is too low, indicating posterior means and medians may be unreliable.
Running the chains for more iterations may help. See
https://mc-stan.org/misc/warnings.html#bulk-ess
2: Tail Effective Samples Size (ESS) is too low, indicating posterior variances and tail quantiles may be unreliable.
Running the chains for more iterations may help. See
https://mc-stan.org/misc/warnings.html#tail-ess
Warning message:
Parts of the model have not converged (some Rhats are > 1.05). Be careful when analysing the results! We recommend running more iterations and/or setting stronger priors.
Warning message:
Parts of the model have not converged (some Rhats are > 1.05). Be careful when analysing the results! We recommend running more iterations and/or setting stronger priors.
Wrote maximal brms le1 direct_1_1_animate_vs_direct_1_2_animate outputs to: output/koryak_brms_fine_grained_pairwise_maximal/le1/direct_1_1_animate_vs_direct_1_2_animate
