Fitting inverse_2_2_animate_vs_inverse_2_1_animate maximal agent looks
Compiling Stan program...
Start sampling

SAMPLING FOR MODEL 'anon_model' NOW (CHAIN 1).
Chain 1:
Chain 1: Gradient evaluation took 0.002225 seconds
Chain 1: 1000 transitions using 10 leapfrog steps per transition would take 22.25 seconds.
Chain 1: Adjust your expectations accordingly!
Chain 1:
Chain 1:

SAMPLING FOR MODEL 'anon_model' NOW (CHAIN 2).

SAMPLING FOR MODEL 'anon_model' NOW (CHAIN 3).

SAMPLING FOR MODEL 'anon_model' NOW (CHAIN 4).
Chain 2:
Chain 2: Gradient evaluation took 0.002641 seconds
Chain 2: 1000 transitions using 10 leapfrog steps per transition would take 26.41 seconds.
Chain 2: Adjust your expectations accordingly!
Chain 2:
Chain 2:
Chain 3:
Chain 3: Gradient evaluation took 0.002574 seconds
Chain 3: 1000 transitions using 10 leapfrog steps per transition would take 25.74 seconds.
Chain 3: Adjust your expectations accordingly!
Chain 3:
Chain 3:
Chain 4:
Chain 4: Gradient evaluation took 0.003274 seconds
Chain 4: 1000 transitions using 10 leapfrog steps per transition would take 32.74 seconds.
Chain 4: Adjust your expectations accordingly!
Chain 4:
Chain 4:
Chain 1: Iteration:    1 / 2000 [  0%]  (Warmup)
Chain 3: Iteration:    1 / 2000 [  0%]  (Warmup)
Chain 2: Iteration:    1 / 2000 [  0%]  (Warmup)
Chain 4: Iteration:    1 / 2000 [  0%]  (Warmup)
Chain 4: Iteration:  100 / 2000 [  5%]  (Warmup)
Chain 1: Iteration:  100 / 2000 [  5%]  (Warmup)
Chain 2: Iteration:  100 / 2000 [  5%]  (Warmup)
Chain 3: Iteration:  100 / 2000 [  5%]  (Warmup)
Chain 4: Iteration:  200 / 2000 [ 10%]  (Warmup)
Chain 1: Iteration:  200 / 2000 [ 10%]  (Warmup)
Chain 4: Iteration:  300 / 2000 [ 15%]  (Warmup)
Chain 3: Iteration:  200 / 2000 [ 10%]  (Warmup)
Chain 1: Iteration:  300 / 2000 [ 15%]  (Warmup)
Chain 4: Iteration:  400 / 2000 [ 20%]  (Warmup)
Chain 2: Iteration:  200 / 2000 [ 10%]  (Warmup)
Chain 1: Iteration:  400 / 2000 [ 20%]  (Warmup)
Chain 3: Iteration:  300 / 2000 [ 15%]  (Warmup)
Chain 1: Iteration:  500 / 2000 [ 25%]  (Warmup)
Chain 3: Iteration:  400 / 2000 [ 20%]  (Warmup)
Chain 4: Iteration:  500 / 2000 [ 25%]  (Warmup)
Chain 2: Iteration:  300 / 2000 [ 15%]  (Warmup)
Chain 4: Iteration:  600 / 2000 [ 30%]  (Warmup)
Chain 2: Iteration:  400 / 2000 [ 20%]  (Warmup)
Chain 1: Iteration:  600 / 2000 [ 30%]  (Warmup)
Chain 3: Iteration:  500 / 2000 [ 25%]  (Warmup)
Chain 4: Iteration:  700 / 2000 [ 35%]  (Warmup)
Chain 2: Iteration:  500 / 2000 [ 25%]  (Warmup)
Chain 3: Iteration:  600 / 2000 [ 30%]  (Warmup)
Chain 1: Iteration:  700 / 2000 [ 35%]  (Warmup)
Chain 4: Iteration:  800 / 2000 [ 40%]  (Warmup)
Chain 3: Iteration:  700 / 2000 [ 35%]  (Warmup)
Chain 2: Iteration:  600 / 2000 [ 30%]  (Warmup)
Chain 1: Iteration:  800 / 2000 [ 40%]  (Warmup)
Chain 4: Iteration:  900 / 2000 [ 45%]  (Warmup)
Chain 3: Iteration:  800 / 2000 [ 40%]  (Warmup)
Chain 2: Iteration:  700 / 2000 [ 35%]  (Warmup)
Chain 1: Iteration:  900 / 2000 [ 45%]  (Warmup)
Chain 4: Iteration: 1000 / 2000 [ 50%]  (Warmup)
Chain 4: Iteration: 1001 / 2000 [ 50%]  (Sampling)
Chain 3: Iteration:  900 / 2000 [ 45%]  (Warmup)
Chain 2: Iteration:  800 / 2000 [ 40%]  (Warmup)
Chain 1: Iteration: 1000 / 2000 [ 50%]  (Warmup)
Chain 1: Iteration: 1001 / 2000 [ 50%]  (Sampling)
Chain 4: Iteration: 1100 / 2000 [ 55%]  (Sampling)
Chain 3: Iteration: 1000 / 2000 [ 50%]  (Warmup)
Chain 3: Iteration: 1001 / 2000 [ 50%]  (Sampling)
Chain 2: Iteration:  900 / 2000 [ 45%]  (Warmup)
Chain 3: Iteration: 1100 / 2000 [ 55%]  (Sampling)
Chain 1: Iteration: 1100 / 2000 [ 55%]  (Sampling)
Chain 4: Iteration: 1200 / 2000 [ 60%]  (Sampling)
Chain 3: Iteration: 1200 / 2000 [ 60%]  (Sampling)
Chain 3: Iteration: 1300 / 2000 [ 65%]  (Sampling)
Chain 1: Iteration: 1200 / 2000 [ 60%]  (Sampling)
Chain 2: Iteration: 1000 / 2000 [ 50%]  (Warmup)
Chain 2: Iteration: 1001 / 2000 [ 50%]  (Sampling)
Chain 4: Iteration: 1300 / 2000 [ 65%]  (Sampling)
Chain 3: Iteration: 1400 / 2000 [ 70%]  (Sampling)
Chain 3: Iteration: 1500 / 2000 [ 75%]  (Sampling)
Chain 1: Iteration: 1300 / 2000 [ 65%]  (Sampling)
Chain 2: Iteration: 1100 / 2000 [ 55%]  (Sampling)
Chain 4: Iteration: 1400 / 2000 [ 70%]  (Sampling)
Chain 3: Iteration: 1600 / 2000 [ 80%]  (Sampling)
Chain 3: Iteration: 1700 / 2000 [ 85%]  (Sampling)
Chain 1: Iteration: 1400 / 2000 [ 70%]  (Sampling)
Chain 2: Iteration: 1200 / 2000 [ 60%]  (Sampling)
Chain 4: Iteration: 1500 / 2000 [ 75%]  (Sampling)
Chain 3: Iteration: 1800 / 2000 [ 90%]  (Sampling)
Chain 3: Iteration: 1900 / 2000 [ 95%]  (Sampling)
Chain 1: Iteration: 1500 / 2000 [ 75%]  (Sampling)
Chain 2: Iteration: 1300 / 2000 [ 65%]  (Sampling)
Chain 4: Iteration: 1600 / 2000 [ 80%]  (Sampling)
Chain 3: Iteration: 2000 / 2000 [100%]  (Sampling)
Chain 3:
Chain 3:  Elapsed Time: 796.643 seconds (Warm-up)
Chain 3:                305.288 seconds (Sampling)
Chain 3:                1101.93 seconds (Total)
Chain 3:
Chain 1: Iteration: 1600 / 2000 [ 80%]  (Sampling)
Chain 2: Iteration: 1400 / 2000 [ 70%]  (Sampling)
Chain 4: Iteration: 1700 / 2000 [ 85%]  (Sampling)
Chain 1: Iteration: 1700 / 2000 [ 85%]  (Sampling)
Chain 2: Iteration: 1500 / 2000 [ 75%]  (Sampling)
Chain 4: Iteration: 1800 / 2000 [ 90%]  (Sampling)
Chain 1: Iteration: 1800 / 2000 [ 90%]  (Sampling)
Chain 2: Iteration: 1600 / 2000 [ 80%]  (Sampling)
Chain 4: Iteration: 1900 / 2000 [ 95%]  (Sampling)
Chain 1: Iteration: 1900 / 2000 [ 95%]  (Sampling)
Chain 2: Iteration: 1700 / 2000 [ 85%]  (Sampling)
Chain 4: Iteration: 2000 / 2000 [100%]  (Sampling)
Chain 4:
Chain 4:  Elapsed Time: 725.543 seconds (Warm-up)
Chain 4:                565.845 seconds (Sampling)
Chain 4:                1291.39 seconds (Total)
Chain 4:
Chain 1: Iteration: 2000 / 2000 [100%]  (Sampling)
Chain 1:
Chain 1:  Elapsed Time: 778.548 seconds (Warm-up)
Chain 1:                548.052 seconds (Sampling)
Chain 1:                1326.6 seconds (Total)
Chain 1:
Chain 2: Iteration: 1800 / 2000 [ 90%]  (Sampling)
Chain 2: Iteration: 1900 / 2000 [ 95%]  (Sampling)
Chain 2: Iteration: 2000 / 2000 [100%]  (Sampling)
Chain 2:
Chain 2:  Elapsed Time: 905.925 seconds (Warm-up)
Chain 2:                486.954 seconds (Sampling)
Chain 2:                1392.88 seconds (Total)
Chain 2:
Fitting inverse_2_2_animate_vs_inverse_2_1_animate maximal patient looks
Compiling Stan program...
Start sampling

SAMPLING FOR MODEL 'anon_model' NOW (CHAIN 1).

SAMPLING FOR MODEL 'anon_model' NOW (CHAIN 2).
Chain 2:
Chain 1:
Chain 2: Chain 1: Gradient evaluation took 0.002565 seconds
Chain 1: 1000 transitions using 10 leapfrog steps per transition would take 25.65 seconds.
Chain 1: Adjust your expectations accordingly!
Chain 1:
Gradient evaluation took 0.002575 secondsChain 1:

Chain 2: 1000 transitions using 10 leapfrog steps per transition would take 25.75 seconds.
Chain 2: Adjust your expectations accordingly!
Chain 2:
Chain 2:

SAMPLING FOR MODEL 'anon_model' NOW (CHAIN 3).

SAMPLING FOR MODEL 'anon_model' NOW (CHAIN 4).
Chain 3:
Chain 3: Gradient evaluation took 0.002893 seconds
Chain 3: 1000 transitions using 10 leapfrog steps per transition would take 28.93 seconds.
Chain 3: Adjust your expectations accordingly!
Chain 3:
Chain 3:
Chain 4:
Chain 4: Gradient evaluation took 0.003093 seconds
Chain 4: 1000 transitions using 10 leapfrog steps per transition would take 30.93 seconds.
Chain 4: Adjust your expectations accordingly!
Chain 4:
Chain 4:
Chain 2: Iteration:    1 / 2000 [  0%]  (Warmup)
Chain 1: Iteration:    1 / 2000 [  0%]  (Warmup)
Chain 3: Iteration:    1 / 2000 [  0%]  (Warmup)
Chain 4: Iteration:    1 / 2000 [  0%]  (Warmup)
Chain 2: Iteration:  100 / 2000 [  5%]  (Warmup)
Chain 4: Iteration:  100 / 2000 [  5%]  (Warmup)
Chain 1: Iteration:  100 / 2000 [  5%]  (Warmup)
Chain 3: Iteration:  100 / 2000 [  5%]  (Warmup)
Chain 1: Iteration:  200 / 2000 [ 10%]  (Warmup)
Chain 2: Iteration:  200 / 2000 [ 10%]  (Warmup)
Chain 1: Iteration:  300 / 2000 [ 15%]  (Warmup)
Chain 1: Iteration:  400 / 2000 [ 20%]  (Warmup)
Chain 4: Iteration:  200 / 2000 [ 10%]  (Warmup)
Chain 2: Iteration:  300 / 2000 [ 15%]  (Warmup)
Chain 3: Iteration:  200 / 2000 [ 10%]  (Warmup)
Chain 1: Iteration:  500 / 2000 [ 25%]  (Warmup)
Chain 2: Iteration:  400 / 2000 [ 20%]  (Warmup)
Chain 4: Iteration:  300 / 2000 [ 15%]  (Warmup)
Chain 3: Iteration:  300 / 2000 [ 15%]  (Warmup)
Chain 1: Iteration:  600 / 2000 [ 30%]  (Warmup)
Chain 4: Iteration:  400 / 2000 [ 20%]  (Warmup)
Chain 3: Iteration:  400 / 2000 [ 20%]  (Warmup)
Chain 1: Iteration:  700 / 2000 [ 35%]  (Warmup)
Chain 2: Iteration:  500 / 2000 [ 25%]  (Warmup)
Chain 4: Iteration:  500 / 2000 [ 25%]  (Warmup)
Chain 1: Iteration:  800 / 2000 [ 40%]  (Warmup)
Chain 2: Iteration:  600 / 2000 [ 30%]  (Warmup)
Chain 4: Iteration:  600 / 2000 [ 30%]  (Warmup)
Chain 3: Iteration:  500 / 2000 [ 25%]  (Warmup)
Chain 1: Iteration:  900 / 2000 [ 45%]  (Warmup)
Chain 2: Iteration:  700 / 2000 [ 35%]  (Warmup)
Chain 4: Iteration:  700 / 2000 [ 35%]  (Warmup)
Chain 3: Iteration:  600 / 2000 [ 30%]  (Warmup)
Chain 2: Iteration:  800 / 2000 [ 40%]  (Warmup)
Chain 1: Iteration: 1000 / 2000 [ 50%]  (Warmup)
Chain 1: Iteration: 1001 / 2000 [ 50%]  (Sampling)
Chain 4: Iteration:  800 / 2000 [ 40%]  (Warmup)
Chain 3: Iteration:  700 / 2000 [ 35%]  (Warmup)
Chain 2: Iteration:  900 / 2000 [ 45%]  (Warmup)
Chain 1: Iteration: 1100 / 2000 [ 55%]  (Sampling)
Chain 4: Iteration:  900 / 2000 [ 45%]  (Warmup)
Chain 3: Iteration:  800 / 2000 [ 40%]  (Warmup)
Chain 1: Iteration: 1200 / 2000 [ 60%]  (Sampling)
Chain 3: Iteration:  900 / 2000 [ 45%]  (Warmup)
Chain 1: Iteration: 1300 / 2000 [ 65%]  (Sampling)
Chain 4: Iteration: 1000 / 2000 [ 50%]  (Warmup)
Chain 4: Iteration: 1001 / 2000 [ 50%]  (Sampling)
Chain 2: Iteration: 1000 / 2000 [ 50%]  (Warmup)
Chain 2: Iteration: 1001 / 2000 [ 50%]  (Sampling)
Chain 3: Iteration: 1000 / 2000 [ 50%]  (Warmup)
Chain 3: Iteration: 1001 / 2000 [ 50%]  (Sampling)
Chain 1: Iteration: 1400 / 2000 [ 70%]  (Sampling)
Chain 3: Iteration: 1100 / 2000 [ 55%]  (Sampling)
Chain 1: Iteration: 1500 / 2000 [ 75%]  (Sampling)
Chain 4: Iteration: 1100 / 2000 [ 55%]  (Sampling)
Chain 2: Iteration: 1100 / 2000 [ 55%]  (Sampling)
Chain 3: Iteration: 1200 / 2000 [ 60%]  (Sampling)
Chain 1: Iteration: 1600 / 2000 [ 80%]  (Sampling)
Chain 3: Iteration: 1300 / 2000 [ 65%]  (Sampling)
Chain 1: Iteration: 1700 / 2000 [ 85%]  (Sampling)
Chain 4: Iteration: 1200 / 2000 [ 60%]  (Sampling)
Chain 2: Iteration: 1200 / 2000 [ 60%]  (Sampling)
Chain 3: Iteration: 1400 / 2000 [ 70%]  (Sampling)
Chain 1: Iteration: 1800 / 2000 [ 90%]  (Sampling)
Chain 3: Iteration: 1500 / 2000 [ 75%]  (Sampling)
Chain 1: Iteration: 1900 / 2000 [ 95%]  (Sampling)
Chain 4: Iteration: 1300 / 2000 [ 65%]  (Sampling)
Chain 2: Iteration: 1300 / 2000 [ 65%]  (Sampling)
Chain 3: Iteration: 1600 / 2000 [ 80%]  (Sampling)
Chain 1: Iteration: 2000 / 2000 [100%]  (Sampling)
Chain 1:
Chain 1:  Elapsed Time: 817.154 seconds (Warm-up)
Chain 1:                611.399 seconds (Sampling)
Chain 1:                1428.55 seconds (Total)
Chain 1:
Chain 3: Iteration: 1700 / 2000 [ 85%]  (Sampling)
Chain 4: Iteration: 1400 / 2000 [ 70%]  (Sampling)
Chain 2: Iteration: 1400 / 2000 [ 70%]  (Sampling)
Chain 3: Iteration: 1800 / 2000 [ 90%]  (Sampling)
Chain 3: Iteration: 1900 / 2000 [ 95%]  (Sampling)
Chain 4: Iteration: 1500 / 2000 [ 75%]  (Sampling)
Chain 2: Iteration: 1500 / 2000 [ 75%]  (Sampling)
Chain 3: Iteration: 2000 / 2000 [100%]  (Sampling)
Chain 3:
Chain 3:  Elapsed Time: 1053.05 seconds (Warm-up)
Chain 3:                566.882 seconds (Sampling)
Chain 3:                1619.93 seconds (Total)
Chain 3:
Chain 4: Iteration: 1600 / 2000 [ 80%]  (Sampling)
Chain 2: Iteration: 1600 / 2000 [ 80%]  (Sampling)
Chain 4: Iteration: 1700 / 2000 [ 85%]  (Sampling)
Chain 2: Iteration: 1700 / 2000 [ 85%]  (Sampling)
Chain 4: Iteration: 1800 / 2000 [ 90%]  (Sampling)
Chain 2: Iteration: 1800 / 2000 [ 90%]  (Sampling)
Chain 4: Iteration: 1900 / 2000 [ 95%]  (Sampling)
Chain 2: Iteration: 1900 / 2000 [ 95%]  (Sampling)
Chain 4: Iteration: 2000 / 2000 [100%]  (Sampling)
Chain 4:
Chain 4:  Elapsed Time: 1019.66 seconds (Warm-up)
Chain 4:                967.864 seconds (Sampling)
Chain 4:                1987.52 seconds (Total)
Chain 4:
Chain 2: Iteration: 2000 / 2000 [100%]  (Sampling)
Chain 2:
Chain 2:  Elapsed Time: 1026.64 seconds (Warm-up)
Chain 2:                964.424 seconds (Sampling)
Chain 2:                1991.07 seconds (Total)
Chain 2:
Warning message:
Bulk Effective Samples Size (ESS) is too low, indicating posterior means and medians may be unreliable.
Running the chains for more iterations may help. See
https://mc-stan.org/misc/warnings.html#bulk-ess
Wrote maximal brms le3 inverse_2_2_animate_vs_inverse_2_1_animate outputs to: output/koryak_brms_fine_grained_pairwise_maximal/le3/inverse_2_2_animate_vs_inverse_2_1_animate
